2020-09-06 18:07:37 INFO  main org.springframework.context.support.PostProcessorRegistrationDelegate$BeanPostProcessorChecker Bean 'org.springframework.cloud.autoconfigure.ConfigurationPropertiesRebinderAutoConfiguration' of type [org.springframework.cloud.autoconfigure.ConfigurationPropertiesRebinderAutoConfiguration$$EnhancerBySpringCGLIB$$4d165f6] is not eligible for getting processed by all BeanPostProcessors (for example: not eligible for auto-proxying)
2020-09-06 18:07:37 INFO  main org.graduationdesign.gdmsserversearch.GdmsServerSearchApplication No active profile set, falling back to default profiles: default
2020-09-06 18:07:40 INFO  main org.springframework.cloud.context.scope.GenericScope BeanFactory id=3633e576-5555-39aa-b1cb-cf9937238da4
2020-09-06 18:07:40 INFO  main org.springframework.context.support.PostProcessorRegistrationDelegate$BeanPostProcessorChecker Bean 'org.springframework.security.config.annotation.configuration.ObjectPostProcessorConfiguration' of type [org.springframework.security.config.annotation.configuration.ObjectPostProcessorConfiguration$$EnhancerBySpringCGLIB$$81652b33] is not eligible for getting processed by all BeanPostProcessors (for example: not eligible for auto-proxying)
2020-09-06 18:07:40 INFO  main org.springframework.context.support.PostProcessorRegistrationDelegate$BeanPostProcessorChecker Bean 'objectPostProcessor' of type [org.springframework.security.config.annotation.configuration.AutowireBeanFactoryObjectPostProcessor] is not eligible for getting processed by all BeanPostProcessors (for example: not eligible for auto-proxying)
2020-09-06 18:07:40 INFO  main org.springframework.context.support.PostProcessorRegistrationDelegate$BeanPostProcessorChecker Bean 'org.springframework.security.access.expression.method.DefaultMethodSecurityExpressionHandler@7fd8c559' of type [org.springframework.security.oauth2.provider.expression.OAuth2MethodSecurityExpressionHandler] is not eligible for getting processed by all BeanPostProcessors (for example: not eligible for auto-proxying)
2020-09-06 18:07:40 INFO  main org.springframework.context.support.PostProcessorRegistrationDelegate$BeanPostProcessorChecker Bean 'org.springframework.security.config.annotation.method.configuration.GlobalMethodSecurityConfiguration' of type [org.springframework.security.config.annotation.method.configuration.GlobalMethodSecurityConfiguration$$EnhancerBySpringCGLIB$$a639cde5] is not eligible for getting processed by all BeanPostProcessors (for example: not eligible for auto-proxying)
2020-09-06 18:07:40 INFO  main org.springframework.context.support.PostProcessorRegistrationDelegate$BeanPostProcessorChecker Bean 'methodSecurityMetadataSource' of type [org.springframework.security.access.method.DelegatingMethodSecurityMetadataSource] is not eligible for getting processed by all BeanPostProcessors (for example: not eligible for auto-proxying)
2020-09-06 18:07:40 INFO  main org.springframework.context.support.PostProcessorRegistrationDelegate$BeanPostProcessorChecker Bean 'org.springframework.cloud.autoconfigure.ConfigurationPropertiesRebinderAutoConfiguration' of type [org.springframework.cloud.autoconfigure.ConfigurationPropertiesRebinderAutoConfiguration$$EnhancerBySpringCGLIB$$4d165f6] is not eligible for getting processed by all BeanPostProcessors (for example: not eligible for auto-proxying)
2020-09-06 18:07:41 INFO  main org.springframework.boot.web.embedded.tomcat.TomcatWebServer Tomcat initialized with port(s): 8201 (http)
2020-09-06 18:07:41 INFO  main org.apache.coyote.http11.Http11NioProtocol Initializing ProtocolHandler ["http-nio-8201"]
2020-09-06 18:07:41 INFO  main org.apache.catalina.core.StandardService Starting service [Tomcat]
2020-09-06 18:07:41 INFO  main org.apache.catalina.core.StandardEngine Starting Servlet engine: [Apache Tomcat/9.0.21]
2020-09-06 18:07:41 INFO  main org.apache.catalina.core.ContainerBase.[Tomcat].[localhost].[/] Initializing Spring embedded WebApplicationContext
2020-09-06 18:07:41 INFO  main org.springframework.web.context.ContextLoader Root WebApplicationContext: initialization completed in 3621 ms
2020-09-06 18:07:41 INFO  main com.netflix.config.sources.URLConfigurationSource To enable URLs as dynamic configuration sources, define System property archaius.configurationSource.additionalUrls or make config.properties available on classpath.
2020-09-06 18:07:41 INFO  main com.netflix.config.DynamicPropertyFactory DynamicPropertyFactory is initialized with configuration sources: com.netflix.config.ConcurrentCompositeConfiguration@3f736a16
2020-09-06 18:07:42 INFO  main org.springframework.boot.actuate.endpoint.web.ServletEndpointRegistrar Registered '/actuator/jolokia' to jolokia-actuator-endpoint
2020-09-06 18:07:43 INFO  main com.netflix.config.sources.URLConfigurationSource To enable URLs as dynamic configuration sources, define System property archaius.configurationSource.additionalUrls or make config.properties available on classpath.
2020-09-06 18:07:43 INFO  main org.springframework.scheduling.concurrent.ThreadPoolTaskExecutor Initializing ExecutorService 'applicationTaskExecutor'
2020-09-06 18:07:44 INFO  main org.springframework.scheduling.concurrent.ThreadPoolTaskScheduler Initializing ExecutorService
2020-09-06 18:07:44 INFO  main org.springframework.boot.autoconfigure.security.servlet.UserDetailsServiceAutoConfiguration 

Using generated security password: 9f2c5edf-11a9-446b-9dcc-b1f64ac580c5

2020-09-06 18:07:44 INFO  main org.springframework.security.web.DefaultSecurityFilterChain Creating filter chain: OrRequestMatcher [requestMatchers=[Ant [pattern='/**']]], [org.springframework.security.web.context.request.async.WebAsyncManagerIntegrationFilter@615efd1c, org.springframework.security.web.context.SecurityContextPersistenceFilter@7f3c0399, org.springframework.security.web.header.HeaderWriterFilter@6806468e, org.springframework.security.web.authentication.logout.LogoutFilter@73a6cc79, org.springframework.security.oauth2.provider.authentication.OAuth2AuthenticationProcessingFilter@36224f93, org.springframework.security.web.savedrequest.RequestCacheAwareFilter@3a11c0eb, org.springframework.security.web.servletapi.SecurityContextHolderAwareRequestFilter@73f6e07, org.springframework.security.web.authentication.AnonymousAuthenticationFilter@1e226bcd, org.springframework.security.web.session.SessionManagementFilter@24a0c58b, org.springframework.security.web.access.ExceptionTranslationFilter@7c950b3b, org.springframework.security.web.access.intercept.FilterSecurityInterceptor@3fde2209]
2020-09-06 18:07:44 INFO  main org.springframework.boot.actuate.endpoint.web.EndpointLinksResolver Exposing 20 endpoint(s) beneath base path '/actuator'
2020-09-06 18:07:44 INFO  main org.springframework.cloud.netflix.eureka.InstanceInfoFactory Setting initial instance status as: STARTING
2020-09-06 18:07:44 INFO  main com.netflix.discovery.DiscoveryClient Initializing Eureka in region us-east-1
2020-09-06 18:07:44 INFO  main com.netflix.discovery.provider.DiscoveryJerseyProvider Using JSON encoding codec LegacyJacksonJson
2020-09-06 18:07:44 INFO  main com.netflix.discovery.provider.DiscoveryJerseyProvider Using JSON decoding codec LegacyJacksonJson
2020-09-06 18:07:44 INFO  main com.netflix.discovery.provider.DiscoveryJerseyProvider Using XML encoding codec XStreamXml
2020-09-06 18:07:44 INFO  main com.netflix.discovery.provider.DiscoveryJerseyProvider Using XML decoding codec XStreamXml
2020-09-06 18:07:45 INFO  main com.netflix.discovery.shared.resolver.aws.ConfigClusterResolver Resolving eureka endpoints via configuration
2020-09-06 18:07:45 INFO  main com.netflix.discovery.DiscoveryClient Disable delta property : false
2020-09-06 18:07:45 INFO  main com.netflix.discovery.DiscoveryClient Single vip registry refresh property : null
2020-09-06 18:07:45 INFO  main com.netflix.discovery.DiscoveryClient Force full registry fetch : false
2020-09-06 18:07:45 INFO  main com.netflix.discovery.DiscoveryClient Application is null : false
2020-09-06 18:07:45 INFO  main com.netflix.discovery.DiscoveryClient Registered Applications size is zero : true
2020-09-06 18:07:45 INFO  main com.netflix.discovery.DiscoveryClient Application version is -1: true
2020-09-06 18:07:45 INFO  main com.netflix.discovery.DiscoveryClient Getting all instance registry info from the eureka server
2020-09-06 18:07:45 INFO  main com.netflix.discovery.DiscoveryClient The response status is 200
2020-09-06 18:07:45 INFO  main com.netflix.discovery.DiscoveryClient Starting heartbeat executor: renew interval is: 20
2020-09-06 18:07:45 INFO  main com.netflix.discovery.InstanceInfoReplicator InstanceInfoReplicator onDemand update allowed rate per min is 4
2020-09-06 18:07:45 INFO  main com.netflix.discovery.DiscoveryClient Discovery Client initialized at timestamp 1599386865361 with initial instances count: 0
2020-09-06 18:07:45 INFO  main org.springframework.cloud.netflix.eureka.serviceregistry.EurekaServiceRegistry Registering application GDMS-SERVER-SEARCH with eureka with status UP
2020-09-06 18:07:45 INFO  main com.netflix.discovery.DiscoveryClient Saw local status change event StatusChangeEvent [timestamp=1599386865370, current=UP, previous=STARTING]
2020-09-06 18:07:45 INFO  DiscoveryClient-InstanceInfoReplicator-0 com.netflix.discovery.DiscoveryClient DiscoveryClient_GDMS-SERVER-SEARCH/10.162.111.66:GDMS-Server-Search:8201: registering service...
2020-09-06 18:07:45 INFO  main org.apache.coyote.http11.Http11NioProtocol Starting ProtocolHandler ["http-nio-8201"]
2020-09-06 18:07:45 INFO  DiscoveryClient-InstanceInfoReplicator-0 com.netflix.discovery.DiscoveryClient DiscoveryClient_GDMS-SERVER-SEARCH/10.162.111.66:GDMS-Server-Search:8201 - registration status: 204
2020-09-06 18:07:45 INFO  main org.springframework.boot.web.embedded.tomcat.TomcatWebServer Tomcat started on port(s): 8201 (http) with context path ''
2020-09-06 18:07:45 INFO  main org.springframework.cloud.netflix.eureka.serviceregistry.EurekaAutoServiceRegistration Updating port to 8201
2020-09-06 18:07:45 INFO  main org.graduationdesign.gdmsserversearch.GdmsServerSearchApplication Started GdmsServerSearchApplication in 9.454 seconds (JVM running for 10.679)
2020-09-06 18:07:45 INFO  RMI TCP Connection(11)-127.0.0.1 org.apache.catalina.core.ContainerBase.[Tomcat].[localhost].[/] Initializing Spring DispatcherServlet 'dispatcherServlet'
2020-09-06 18:07:45 INFO  RMI TCP Connection(11)-127.0.0.1 org.springframework.web.servlet.DispatcherServlet Initializing Servlet 'dispatcherServlet'
2020-09-06 18:07:45 INFO  RMI TCP Connection(11)-127.0.0.1 org.springframework.web.servlet.DispatcherServlet Completed initialization in 10 ms
2020-09-06 18:07:55 INFO  registrationTask1 de.codecentric.boot.admin.client.registration.ApplicationRegistrator Application registered itself as 43a264f6b959
2020-09-06 18:08:15 INFO  DiscoveryClient-CacheRefreshExecutor-0 com.netflix.discovery.DiscoveryClient Disable delta property : false
2020-09-06 18:08:15 INFO  DiscoveryClient-CacheRefreshExecutor-0 com.netflix.discovery.DiscoveryClient Single vip registry refresh property : null
2020-09-06 18:08:15 INFO  DiscoveryClient-CacheRefreshExecutor-0 com.netflix.discovery.DiscoveryClient Force full registry fetch : false
2020-09-06 18:08:15 INFO  DiscoveryClient-CacheRefreshExecutor-0 com.netflix.discovery.DiscoveryClient Application is null : false
2020-09-06 18:08:15 INFO  DiscoveryClient-CacheRefreshExecutor-0 com.netflix.discovery.DiscoveryClient Registered Applications size is zero : true
2020-09-06 18:08:15 INFO  DiscoveryClient-CacheRefreshExecutor-0 com.netflix.discovery.DiscoveryClient Application version is -1: false
2020-09-06 18:08:15 INFO  DiscoveryClient-CacheRefreshExecutor-0 com.netflix.discovery.DiscoveryClient Getting all instance registry info from the eureka server
2020-09-06 18:08:15 INFO  DiscoveryClient-CacheRefreshExecutor-0 com.netflix.discovery.DiscoveryClient The response status is 200
2020-09-06 18:12:20 INFO  Thread-25 org.springframework.cloud.netflix.eureka.serviceregistry.EurekaServiceRegistry Unregistering application GDMS-SERVER-SEARCH with eureka with status DOWN
2020-09-06 18:12:20 INFO  DiscoveryClient-InstanceInfoReplicator-0 com.netflix.discovery.DiscoveryClient DiscoveryClient_GDMS-SERVER-SEARCH/10.162.111.66:GDMS-Server-Search:8201: registering service...
2020-09-06 18:12:20 INFO  Thread-25 org.springframework.scheduling.concurrent.ThreadPoolTaskScheduler Shutting down ExecutorService
2020-09-06 18:12:20 INFO  Thread-25 org.springframework.scheduling.concurrent.ThreadPoolTaskExecutor Shutting down ExecutorService 'applicationTaskExecutor'
2020-09-06 18:12:20 INFO  Thread-25 com.netflix.discovery.DiscoveryClient Shutting down DiscoveryClient ...
2020-09-06 18:12:22 INFO  Thread-25 com.netflix.discovery.DiscoveryClient Unregistering ...
2020-09-06 18:12:22 INFO  Thread-25 com.netflix.discovery.DiscoveryClient Completed shut down of DiscoveryClient
2020-09-06 18:55:41 INFO  main org.springframework.context.support.PostProcessorRegistrationDelegate$BeanPostProcessorChecker Bean 'org.springframework.cloud.autoconfigure.ConfigurationPropertiesRebinderAutoConfiguration' of type [org.springframework.cloud.autoconfigure.ConfigurationPropertiesRebinderAutoConfiguration$$EnhancerBySpringCGLIB$$2c8001ff] is not eligible for getting processed by all BeanPostProcessors (for example: not eligible for auto-proxying)
2020-09-06 18:55:41 INFO  main org.graduationdesign.gdmsserversearch.GdmsServerSearchApplication No active profile set, falling back to default profiles: default
2020-09-06 18:55:42 INFO  main org.springframework.cloud.context.scope.GenericScope BeanFactory id=d4926807-fe08-3825-b792-4a954cccb9e7
2020-09-06 18:55:42 INFO  main org.springframework.context.support.PostProcessorRegistrationDelegate$BeanPostProcessorChecker Bean 'org.springframework.security.config.annotation.configuration.ObjectPostProcessorConfiguration' of type [org.springframework.security.config.annotation.configuration.ObjectPostProcessorConfiguration$$EnhancerBySpringCGLIB$$a913c73c] is not eligible for getting processed by all BeanPostProcessors (for example: not eligible for auto-proxying)
2020-09-06 18:55:42 INFO  main org.springframework.context.support.PostProcessorRegistrationDelegate$BeanPostProcessorChecker Bean 'objectPostProcessor' of type [org.springframework.security.config.annotation.configuration.AutowireBeanFactoryObjectPostProcessor] is not eligible for getting processed by all BeanPostProcessors (for example: not eligible for auto-proxying)
2020-09-06 18:55:42 INFO  main org.springframework.context.support.PostProcessorRegistrationDelegate$BeanPostProcessorChecker Bean 'org.springframework.security.access.expression.method.DefaultMethodSecurityExpressionHandler@2e807c54' of type [org.springframework.security.oauth2.provider.expression.OAuth2MethodSecurityExpressionHandler] is not eligible for getting processed by all BeanPostProcessors (for example: not eligible for auto-proxying)
2020-09-06 18:55:42 INFO  main org.springframework.context.support.PostProcessorRegistrationDelegate$BeanPostProcessorChecker Bean 'org.springframework.security.config.annotation.method.configuration.GlobalMethodSecurityConfiguration' of type [org.springframework.security.config.annotation.method.configuration.GlobalMethodSecurityConfiguration$$EnhancerBySpringCGLIB$$cde869ee] is not eligible for getting processed by all BeanPostProcessors (for example: not eligible for auto-proxying)
2020-09-06 18:55:42 INFO  main org.springframework.context.support.PostProcessorRegistrationDelegate$BeanPostProcessorChecker Bean 'methodSecurityMetadataSource' of type [org.springframework.security.access.method.DelegatingMethodSecurityMetadataSource] is not eligible for getting processed by all BeanPostProcessors (for example: not eligible for auto-proxying)
2020-09-06 18:55:42 INFO  main org.springframework.context.support.PostProcessorRegistrationDelegate$BeanPostProcessorChecker Bean 'org.springframework.cloud.autoconfigure.ConfigurationPropertiesRebinderAutoConfiguration' of type [org.springframework.cloud.autoconfigure.ConfigurationPropertiesRebinderAutoConfiguration$$EnhancerBySpringCGLIB$$2c8001ff] is not eligible for getting processed by all BeanPostProcessors (for example: not eligible for auto-proxying)
2020-09-06 18:55:43 INFO  main org.springframework.boot.web.embedded.tomcat.TomcatWebServer Tomcat initialized with port(s): 8201 (http)
2020-09-06 18:55:43 INFO  main org.apache.coyote.http11.Http11NioProtocol Initializing ProtocolHandler ["http-nio-8201"]
2020-09-06 18:55:43 INFO  main org.apache.catalina.core.StandardService Starting service [Tomcat]
2020-09-06 18:55:43 INFO  main org.apache.catalina.core.StandardEngine Starting Servlet engine: [Apache Tomcat/9.0.21]
2020-09-06 18:55:43 INFO  main org.apache.catalina.core.ContainerBase.[Tomcat].[localhost].[/] Initializing Spring embedded WebApplicationContext
2020-09-06 18:55:43 INFO  main org.springframework.web.context.ContextLoader Root WebApplicationContext: initialization completed in 1371 ms
2020-09-06 18:55:43 INFO  main com.netflix.config.sources.URLConfigurationSource To enable URLs as dynamic configuration sources, define System property archaius.configurationSource.additionalUrls or make config.properties available on classpath.
2020-09-06 18:55:43 INFO  main com.netflix.config.DynamicPropertyFactory DynamicPropertyFactory is initialized with configuration sources: com.netflix.config.ConcurrentCompositeConfiguration@e26af6
2020-09-06 18:55:43 INFO  main org.springframework.boot.actuate.endpoint.web.ServletEndpointRegistrar Registered '/actuator/jolokia' to jolokia-actuator-endpoint
2020-09-06 18:55:44 INFO  main com.netflix.config.sources.URLConfigurationSource To enable URLs as dynamic configuration sources, define System property archaius.configurationSource.additionalUrls or make config.properties available on classpath.
2020-09-06 18:55:44 INFO  main org.springframework.scheduling.concurrent.ThreadPoolTaskExecutor Initializing ExecutorService 'applicationTaskExecutor'
2020-09-06 18:55:44 INFO  main org.springframework.scheduling.concurrent.ThreadPoolTaskScheduler Initializing ExecutorService
2020-09-06 18:55:44 INFO  main org.springframework.boot.autoconfigure.security.servlet.UserDetailsServiceAutoConfiguration 

Using generated security password: b13ae82f-b420-433b-9828-d4d60a7e8da4

2020-09-06 18:55:45 INFO  main org.springframework.security.web.DefaultSecurityFilterChain Creating filter chain: OrRequestMatcher [requestMatchers=[Ant [pattern='/**']]], [org.springframework.security.web.context.request.async.WebAsyncManagerIntegrationFilter@7ccd611e, org.springframework.security.web.context.SecurityContextPersistenceFilter@72465eb2, org.springframework.security.web.header.HeaderWriterFilter@9e02f84, org.springframework.security.web.authentication.logout.LogoutFilter@391d1e33, org.springframework.security.oauth2.provider.authentication.OAuth2AuthenticationProcessingFilter@48cd319d, org.springframework.security.web.savedrequest.RequestCacheAwareFilter@29d25e65, org.springframework.security.web.servletapi.SecurityContextHolderAwareRequestFilter@52abed9d, org.springframework.security.web.authentication.AnonymousAuthenticationFilter@4dc52559, org.springframework.security.web.session.SessionManagementFilter@52a7928a, org.springframework.security.web.access.ExceptionTranslationFilter@1e40fbb3, org.springframework.security.web.access.intercept.FilterSecurityInterceptor@5d194314]
2020-09-06 18:55:45 INFO  main org.springframework.boot.actuate.endpoint.web.EndpointLinksResolver Exposing 20 endpoint(s) beneath base path '/actuator'
2020-09-06 18:55:45 INFO  main org.springframework.cloud.netflix.eureka.InstanceInfoFactory Setting initial instance status as: STARTING
2020-09-06 18:55:45 INFO  main com.netflix.discovery.DiscoveryClient Initializing Eureka in region us-east-1
2020-09-06 18:55:45 INFO  main com.netflix.discovery.provider.DiscoveryJerseyProvider Using JSON encoding codec LegacyJacksonJson
2020-09-06 18:55:45 INFO  main com.netflix.discovery.provider.DiscoveryJerseyProvider Using JSON decoding codec LegacyJacksonJson
2020-09-06 18:55:45 INFO  main com.netflix.discovery.provider.DiscoveryJerseyProvider Using XML encoding codec XStreamXml
2020-09-06 18:55:45 INFO  main com.netflix.discovery.provider.DiscoveryJerseyProvider Using XML decoding codec XStreamXml
2020-09-06 18:55:46 INFO  main com.netflix.discovery.shared.resolver.aws.ConfigClusterResolver Resolving eureka endpoints via configuration
2020-09-06 18:55:46 INFO  main com.netflix.discovery.DiscoveryClient Disable delta property : false
2020-09-06 18:55:46 INFO  main com.netflix.discovery.DiscoveryClient Single vip registry refresh property : null
2020-09-06 18:55:46 INFO  main com.netflix.discovery.DiscoveryClient Force full registry fetch : false
2020-09-06 18:55:46 INFO  main com.netflix.discovery.DiscoveryClient Application is null : false
2020-09-06 18:55:46 INFO  main com.netflix.discovery.DiscoveryClient Registered Applications size is zero : true
2020-09-06 18:55:46 INFO  main com.netflix.discovery.DiscoveryClient Application version is -1: true
2020-09-06 18:55:46 INFO  main com.netflix.discovery.DiscoveryClient Getting all instance registry info from the eureka server
2020-09-06 18:55:46 INFO  main com.netflix.discovery.DiscoveryClient The response status is 200
2020-09-06 18:55:46 INFO  main com.netflix.discovery.DiscoveryClient Starting heartbeat executor: renew interval is: 20
2020-09-06 18:55:46 INFO  main com.netflix.discovery.InstanceInfoReplicator InstanceInfoReplicator onDemand update allowed rate per min is 4
2020-09-06 18:55:46 INFO  main com.netflix.discovery.DiscoveryClient Discovery Client initialized at timestamp 1599389746339 with initial instances count: 0
2020-09-06 18:55:46 INFO  main org.springframework.cloud.netflix.eureka.serviceregistry.EurekaServiceRegistry Registering application GDMS-SERVER-SEARCH with eureka with status UP
2020-09-06 18:55:46 INFO  main com.netflix.discovery.DiscoveryClient Saw local status change event StatusChangeEvent [timestamp=1599389746345, current=UP, previous=STARTING]
2020-09-06 18:55:46 INFO  DiscoveryClient-InstanceInfoReplicator-0 com.netflix.discovery.DiscoveryClient DiscoveryClient_GDMS-SERVER-SEARCH/10.162.111.66:GDMS-Server-Search:8201: registering service...
2020-09-06 18:55:46 INFO  main org.apache.coyote.http11.Http11NioProtocol Starting ProtocolHandler ["http-nio-8201"]
2020-09-06 18:55:46 INFO  DiscoveryClient-InstanceInfoReplicator-0 com.netflix.discovery.DiscoveryClient DiscoveryClient_GDMS-SERVER-SEARCH/10.162.111.66:GDMS-Server-Search:8201 - registration status: 204
2020-09-06 18:55:46 INFO  main org.springframework.boot.web.embedded.tomcat.TomcatWebServer Tomcat started on port(s): 8201 (http) with context path ''
2020-09-06 18:55:46 INFO  main org.springframework.cloud.netflix.eureka.serviceregistry.EurekaAutoServiceRegistration Updating port to 8201
2020-09-06 18:55:46 INFO  main org.graduationdesign.gdmsserversearch.GdmsServerSearchApplication Started GdmsServerSearchApplication in 5.819 seconds (JVM running for 6.413)
2020-09-06 18:55:47 INFO  RMI TCP Connection(6)-127.0.0.1 org.apache.catalina.core.ContainerBase.[Tomcat].[localhost].[/] Initializing Spring DispatcherServlet 'dispatcherServlet'
2020-09-06 18:55:47 INFO  RMI TCP Connection(6)-127.0.0.1 org.springframework.web.servlet.DispatcherServlet Initializing Servlet 'dispatcherServlet'
2020-09-06 18:55:47 INFO  RMI TCP Connection(6)-127.0.0.1 org.springframework.web.servlet.DispatcherServlet Completed initialization in 20 ms
2020-09-06 18:56:16 INFO  DiscoveryClient-CacheRefreshExecutor-0 com.netflix.discovery.DiscoveryClient Disable delta property : false
2020-09-06 18:56:16 INFO  DiscoveryClient-CacheRefreshExecutor-0 com.netflix.discovery.DiscoveryClient Single vip registry refresh property : null
2020-09-06 18:56:16 INFO  DiscoveryClient-CacheRefreshExecutor-0 com.netflix.discovery.DiscoveryClient Force full registry fetch : false
2020-09-06 18:56:16 INFO  DiscoveryClient-CacheRefreshExecutor-0 com.netflix.discovery.DiscoveryClient Application is null : false
2020-09-06 18:56:16 INFO  DiscoveryClient-CacheRefreshExecutor-0 com.netflix.discovery.DiscoveryClient Registered Applications size is zero : true
2020-09-06 18:56:16 INFO  DiscoveryClient-CacheRefreshExecutor-0 com.netflix.discovery.DiscoveryClient Application version is -1: false
2020-09-06 18:56:16 INFO  DiscoveryClient-CacheRefreshExecutor-0 com.netflix.discovery.DiscoveryClient Getting all instance registry info from the eureka server
2020-09-06 18:56:16 INFO  DiscoveryClient-CacheRefreshExecutor-0 com.netflix.discovery.DiscoveryClient The response status is 200
2020-09-06 18:57:50 INFO  Thread-17 org.springframework.cloud.netflix.eureka.serviceregistry.EurekaServiceRegistry Unregistering application GDMS-SERVER-SEARCH with eureka with status DOWN
2020-09-06 18:57:50 INFO  DiscoveryClient-InstanceInfoReplicator-0 com.netflix.discovery.DiscoveryClient DiscoveryClient_GDMS-SERVER-SEARCH/10.162.111.66:GDMS-Server-Search:8201: registering service...
2020-09-06 18:57:50 INFO  DiscoveryClient-InstanceInfoReplicator-0 com.netflix.discovery.DiscoveryClient DiscoveryClient_GDMS-SERVER-SEARCH/10.162.111.66:GDMS-Server-Search:8201 - registration status: 204
2020-09-06 18:57:50 INFO  Thread-17 org.springframework.scheduling.concurrent.ThreadPoolTaskScheduler Shutting down ExecutorService
2020-09-06 18:57:50 INFO  Thread-17 org.springframework.scheduling.concurrent.ThreadPoolTaskExecutor Shutting down ExecutorService 'applicationTaskExecutor'
2020-09-06 18:57:50 INFO  Thread-17 com.netflix.discovery.DiscoveryClient Shutting down DiscoveryClient ...
2020-09-06 18:57:53 INFO  Thread-17 com.netflix.discovery.DiscoveryClient Unregistering ...
2020-09-06 18:57:53 INFO  Thread-17 com.netflix.discovery.DiscoveryClient DiscoveryClient_GDMS-SERVER-SEARCH/10.162.111.66:GDMS-Server-Search:8201 - deregister  status: 200
2020-09-06 18:57:53 INFO  Thread-17 com.netflix.discovery.DiscoveryClient Completed shut down of DiscoveryClient
2020-09-06 18:58:00 INFO  main org.springframework.context.support.PostProcessorRegistrationDelegate$BeanPostProcessorChecker Bean 'org.springframework.cloud.autoconfigure.ConfigurationPropertiesRebinderAutoConfiguration' of type [org.springframework.cloud.autoconfigure.ConfigurationPropertiesRebinderAutoConfiguration$$EnhancerBySpringCGLIB$$1b88867c] is not eligible for getting processed by all BeanPostProcessors (for example: not eligible for auto-proxying)
2020-09-06 18:58:00 INFO  main org.graduationdesign.gdmsserversearch.GdmsServerSearchApplication No active profile set, falling back to default profiles: default
2020-09-06 18:58:01 INFO  main org.springframework.cloud.context.scope.GenericScope BeanFactory id=3633e576-5555-39aa-b1cb-cf9937238da4
2020-09-06 18:58:01 INFO  main org.springframework.context.support.PostProcessorRegistrationDelegate$BeanPostProcessorChecker Bean 'org.springframework.security.config.annotation.configuration.ObjectPostProcessorConfiguration' of type [org.springframework.security.config.annotation.configuration.ObjectPostProcessorConfiguration$$EnhancerBySpringCGLIB$$981c4bb9] is not eligible for getting processed by all BeanPostProcessors (for example: not eligible for auto-proxying)
2020-09-06 18:58:01 INFO  main org.springframework.context.support.PostProcessorRegistrationDelegate$BeanPostProcessorChecker Bean 'objectPostProcessor' of type [org.springframework.security.config.annotation.configuration.AutowireBeanFactoryObjectPostProcessor] is not eligible for getting processed by all BeanPostProcessors (for example: not eligible for auto-proxying)
2020-09-06 18:58:01 INFO  main org.springframework.context.support.PostProcessorRegistrationDelegate$BeanPostProcessorChecker Bean 'org.springframework.security.access.expression.method.DefaultMethodSecurityExpressionHandler@282ffbf5' of type [org.springframework.security.oauth2.provider.expression.OAuth2MethodSecurityExpressionHandler] is not eligible for getting processed by all BeanPostProcessors (for example: not eligible for auto-proxying)
2020-09-06 18:58:01 INFO  main org.springframework.context.support.PostProcessorRegistrationDelegate$BeanPostProcessorChecker Bean 'org.springframework.security.config.annotation.method.configuration.GlobalMethodSecurityConfiguration' of type [org.springframework.security.config.annotation.method.configuration.GlobalMethodSecurityConfiguration$$EnhancerBySpringCGLIB$$bcf0ee6b] is not eligible for getting processed by all BeanPostProcessors (for example: not eligible for auto-proxying)
2020-09-06 18:58:01 INFO  main org.springframework.context.support.PostProcessorRegistrationDelegate$BeanPostProcessorChecker Bean 'methodSecurityMetadataSource' of type [org.springframework.security.access.method.DelegatingMethodSecurityMetadataSource] is not eligible for getting processed by all BeanPostProcessors (for example: not eligible for auto-proxying)
2020-09-06 18:58:01 INFO  main org.springframework.context.support.PostProcessorRegistrationDelegate$BeanPostProcessorChecker Bean 'org.springframework.cloud.autoconfigure.ConfigurationPropertiesRebinderAutoConfiguration' of type [org.springframework.cloud.autoconfigure.ConfigurationPropertiesRebinderAutoConfiguration$$EnhancerBySpringCGLIB$$1b88867c] is not eligible for getting processed by all BeanPostProcessors (for example: not eligible for auto-proxying)
2020-09-06 18:58:01 INFO  main org.springframework.boot.web.embedded.tomcat.TomcatWebServer Tomcat initialized with port(s): 8201 (http)
2020-09-06 18:58:01 INFO  main org.apache.coyote.http11.Http11NioProtocol Initializing ProtocolHandler ["http-nio-8201"]
2020-09-06 18:58:01 INFO  main org.apache.catalina.core.StandardService Starting service [Tomcat]
2020-09-06 18:58:01 INFO  main org.apache.catalina.core.StandardEngine Starting Servlet engine: [Apache Tomcat/9.0.21]
2020-09-06 18:58:02 INFO  main org.apache.catalina.core.ContainerBase.[Tomcat].[localhost].[/] Initializing Spring embedded WebApplicationContext
2020-09-06 18:58:02 INFO  main org.springframework.web.context.ContextLoader Root WebApplicationContext: initialization completed in 1325 ms
2020-09-06 18:58:02 INFO  main com.netflix.config.sources.URLConfigurationSource To enable URLs as dynamic configuration sources, define System property archaius.configurationSource.additionalUrls or make config.properties available on classpath.
2020-09-06 18:58:02 INFO  main com.netflix.config.DynamicPropertyFactory DynamicPropertyFactory is initialized with configuration sources: com.netflix.config.ConcurrentCompositeConfiguration@3bbf6abe
2020-09-06 18:58:02 INFO  main org.springframework.boot.actuate.endpoint.web.ServletEndpointRegistrar Registered '/actuator/jolokia' to jolokia-actuator-endpoint
2020-09-06 18:58:02 INFO  main com.netflix.config.sources.URLConfigurationSource To enable URLs as dynamic configuration sources, define System property archaius.configurationSource.additionalUrls or make config.properties available on classpath.
2020-09-06 18:58:02 INFO  main org.springframework.scheduling.concurrent.ThreadPoolTaskExecutor Initializing ExecutorService 'applicationTaskExecutor'
2020-09-06 18:58:03 INFO  main org.springframework.scheduling.concurrent.ThreadPoolTaskScheduler Initializing ExecutorService
2020-09-06 18:58:03 INFO  main org.springframework.boot.autoconfigure.security.servlet.UserDetailsServiceAutoConfiguration 

Using generated security password: 85f1cd3a-1d95-433f-8531-64a2726c448c

2020-09-06 18:58:03 INFO  main org.springframework.security.web.DefaultSecurityFilterChain Creating filter chain: OrRequestMatcher [requestMatchers=[Ant [pattern='/**']]], [org.springframework.security.web.context.request.async.WebAsyncManagerIntegrationFilter@7e7740a5, org.springframework.security.web.context.SecurityContextPersistenceFilter@6aa7e176, org.springframework.security.web.header.HeaderWriterFilter@52a7928a, org.springframework.security.web.authentication.logout.LogoutFilter@3b088163, org.springframework.security.oauth2.provider.authentication.OAuth2AuthenticationProcessingFilter@b1b471, org.springframework.security.web.savedrequest.RequestCacheAwareFilter@281b2dfd, org.springframework.security.web.servletapi.SecurityContextHolderAwareRequestFilter@5b02a984, org.springframework.security.web.authentication.AnonymousAuthenticationFilter@7aa01bd9, org.springframework.security.web.session.SessionManagementFilter@30f28b5, org.springframework.security.web.access.ExceptionTranslationFilter@36224f93, org.springframework.security.web.access.intercept.FilterSecurityInterceptor@640d604]
2020-09-06 18:58:03 INFO  main org.springframework.boot.actuate.endpoint.web.EndpointLinksResolver Exposing 20 endpoint(s) beneath base path '/actuator'
2020-09-06 18:58:03 INFO  main org.springframework.cloud.netflix.eureka.InstanceInfoFactory Setting initial instance status as: STARTING
2020-09-06 18:58:03 INFO  main com.netflix.discovery.DiscoveryClient Initializing Eureka in region us-east-1
2020-09-06 18:58:03 INFO  main com.netflix.discovery.provider.DiscoveryJerseyProvider Using JSON encoding codec LegacyJacksonJson
2020-09-06 18:58:03 INFO  main com.netflix.discovery.provider.DiscoveryJerseyProvider Using JSON decoding codec LegacyJacksonJson
2020-09-06 18:58:03 INFO  main com.netflix.discovery.provider.DiscoveryJerseyProvider Using XML encoding codec XStreamXml
2020-09-06 18:58:03 INFO  main com.netflix.discovery.provider.DiscoveryJerseyProvider Using XML decoding codec XStreamXml
2020-09-06 18:58:03 INFO  main com.netflix.discovery.shared.resolver.aws.ConfigClusterResolver Resolving eureka endpoints via configuration
2020-09-06 18:58:04 INFO  main com.netflix.discovery.DiscoveryClient Disable delta property : false
2020-09-06 18:58:04 INFO  main com.netflix.discovery.DiscoveryClient Single vip registry refresh property : null
2020-09-06 18:58:04 INFO  main com.netflix.discovery.DiscoveryClient Force full registry fetch : false
2020-09-06 18:58:04 INFO  main com.netflix.discovery.DiscoveryClient Application is null : false
2020-09-06 18:58:04 INFO  main com.netflix.discovery.DiscoveryClient Registered Applications size is zero : true
2020-09-06 18:58:04 INFO  main com.netflix.discovery.DiscoveryClient Application version is -1: true
2020-09-06 18:58:04 INFO  main com.netflix.discovery.DiscoveryClient Getting all instance registry info from the eureka server
2020-09-06 18:58:04 INFO  main com.netflix.discovery.DiscoveryClient The response status is 200
2020-09-06 18:58:04 INFO  main com.netflix.discovery.DiscoveryClient Starting heartbeat executor: renew interval is: 20
2020-09-06 18:58:04 INFO  main com.netflix.discovery.InstanceInfoReplicator InstanceInfoReplicator onDemand update allowed rate per min is 4
2020-09-06 18:58:04 INFO  main com.netflix.discovery.DiscoveryClient Discovery Client initialized at timestamp 1599389884250 with initial instances count: 1
2020-09-06 18:58:04 INFO  main org.springframework.cloud.netflix.eureka.serviceregistry.EurekaServiceRegistry Registering application GDMS-SERVER-SEARCH with eureka with status UP
2020-09-06 18:58:04 INFO  main com.netflix.discovery.DiscoveryClient Saw local status change event StatusChangeEvent [timestamp=1599389884258, current=UP, previous=STARTING]
2020-09-06 18:58:04 INFO  DiscoveryClient-InstanceInfoReplicator-0 com.netflix.discovery.DiscoveryClient DiscoveryClient_GDMS-SERVER-SEARCH/10.162.111.66:GDMS-Server-Search:8201: registering service...
2020-09-06 18:58:04 INFO  main org.apache.coyote.http11.Http11NioProtocol Starting ProtocolHandler ["http-nio-8201"]
2020-09-06 18:58:04 INFO  DiscoveryClient-InstanceInfoReplicator-0 com.netflix.discovery.DiscoveryClient DiscoveryClient_GDMS-SERVER-SEARCH/10.162.111.66:GDMS-Server-Search:8201 - registration status: 204
2020-09-06 18:58:04 INFO  main org.springframework.boot.web.embedded.tomcat.TomcatWebServer Tomcat started on port(s): 8201 (http) with context path ''
2020-09-06 18:58:04 INFO  main org.springframework.cloud.netflix.eureka.serviceregistry.EurekaAutoServiceRegistration Updating port to 8201
2020-09-06 18:58:04 INFO  main org.graduationdesign.gdmsserversearch.GdmsServerSearchApplication Started GdmsServerSearchApplication in 4.778 seconds (JVM running for 5.44)
2020-09-06 18:58:04 INFO  RMI TCP Connection(2)-127.0.0.1 org.apache.catalina.core.ContainerBase.[Tomcat].[localhost].[/] Initializing Spring DispatcherServlet 'dispatcherServlet'
2020-09-06 18:58:04 INFO  RMI TCP Connection(2)-127.0.0.1 org.springframework.web.servlet.DispatcherServlet Initializing Servlet 'dispatcherServlet'
2020-09-06 18:58:04 INFO  RMI TCP Connection(2)-127.0.0.1 org.springframework.web.servlet.DispatcherServlet Completed initialization in 10 ms
2020-09-06 19:02:39 INFO  Thread-15 org.springframework.cloud.netflix.eureka.serviceregistry.EurekaServiceRegistry Unregistering application GDMS-SERVER-SEARCH with eureka with status DOWN
2020-09-06 19:02:39 INFO  DiscoveryClient-InstanceInfoReplicator-0 com.netflix.discovery.DiscoveryClient DiscoveryClient_GDMS-SERVER-SEARCH/10.162.111.66:GDMS-Server-Search:8201: registering service...
2020-09-06 19:02:39 INFO  DiscoveryClient-InstanceInfoReplicator-0 com.netflix.discovery.DiscoveryClient DiscoveryClient_GDMS-SERVER-SEARCH/10.162.111.66:GDMS-Server-Search:8201 - registration status: 204
2020-09-06 19:02:39 INFO  Thread-15 org.springframework.scheduling.concurrent.ThreadPoolTaskScheduler Shutting down ExecutorService
2020-09-06 19:02:39 INFO  Thread-15 org.springframework.scheduling.concurrent.ThreadPoolTaskExecutor Shutting down ExecutorService 'applicationTaskExecutor'
2020-09-06 19:02:39 INFO  Thread-15 com.netflix.discovery.DiscoveryClient Shutting down DiscoveryClient ...
2020-09-06 19:02:42 INFO  Thread-15 com.netflix.discovery.DiscoveryClient Unregistering ...
2020-09-06 19:02:42 INFO  Thread-15 com.netflix.discovery.DiscoveryClient DiscoveryClient_GDMS-SERVER-SEARCH/10.162.111.66:GDMS-Server-Search:8201 - deregister  status: 200
2020-09-06 19:02:42 INFO  Thread-15 com.netflix.discovery.DiscoveryClient Completed shut down of DiscoveryClient
2020-09-06 19:02:49 INFO  main org.springframework.context.support.PostProcessorRegistrationDelegate$BeanPostProcessorChecker Bean 'org.springframework.cloud.autoconfigure.ConfigurationPropertiesRebinderAutoConfiguration' of type [org.springframework.cloud.autoconfigure.ConfigurationPropertiesRebinderAutoConfiguration$$EnhancerBySpringCGLIB$$1ac45bf4] is not eligible for getting processed by all BeanPostProcessors (for example: not eligible for auto-proxying)
2020-09-06 19:02:49 INFO  main org.graduationdesign.gdmsserversearch.GdmsServerSearchApplication No active profile set, falling back to default profiles: default
2020-09-06 19:02:51 INFO  main org.springframework.cloud.context.scope.GenericScope BeanFactory id=d4926807-fe08-3825-b792-4a954cccb9e7
2020-09-06 19:02:51 INFO  main org.springframework.context.support.PostProcessorRegistrationDelegate$BeanPostProcessorChecker Bean 'org.springframework.security.config.annotation.configuration.ObjectPostProcessorConfiguration' of type [org.springframework.security.config.annotation.configuration.ObjectPostProcessorConfiguration$$EnhancerBySpringCGLIB$$97582131] is not eligible for getting processed by all BeanPostProcessors (for example: not eligible for auto-proxying)
2020-09-06 19:02:51 INFO  main org.springframework.context.support.PostProcessorRegistrationDelegate$BeanPostProcessorChecker Bean 'objectPostProcessor' of type [org.springframework.security.config.annotation.configuration.AutowireBeanFactoryObjectPostProcessor] is not eligible for getting processed by all BeanPostProcessors (for example: not eligible for auto-proxying)
2020-09-06 19:02:51 INFO  main org.springframework.context.support.PostProcessorRegistrationDelegate$BeanPostProcessorChecker Bean 'org.springframework.security.access.expression.method.DefaultMethodSecurityExpressionHandler@5aaaa446' of type [org.springframework.security.oauth2.provider.expression.OAuth2MethodSecurityExpressionHandler] is not eligible for getting processed by all BeanPostProcessors (for example: not eligible for auto-proxying)
2020-09-06 19:02:51 INFO  main org.springframework.context.support.PostProcessorRegistrationDelegate$BeanPostProcessorChecker Bean 'org.springframework.security.config.annotation.method.configuration.GlobalMethodSecurityConfiguration' of type [org.springframework.security.config.annotation.method.configuration.GlobalMethodSecurityConfiguration$$EnhancerBySpringCGLIB$$bc2cc3e3] is not eligible for getting processed by all BeanPostProcessors (for example: not eligible for auto-proxying)
2020-09-06 19:02:51 INFO  main org.springframework.context.support.PostProcessorRegistrationDelegate$BeanPostProcessorChecker Bean 'methodSecurityMetadataSource' of type [org.springframework.security.access.method.DelegatingMethodSecurityMetadataSource] is not eligible for getting processed by all BeanPostProcessors (for example: not eligible for auto-proxying)
2020-09-06 19:02:51 INFO  main org.springframework.context.support.PostProcessorRegistrationDelegate$BeanPostProcessorChecker Bean 'org.springframework.cloud.autoconfigure.ConfigurationPropertiesRebinderAutoConfiguration' of type [org.springframework.cloud.autoconfigure.ConfigurationPropertiesRebinderAutoConfiguration$$EnhancerBySpringCGLIB$$1ac45bf4] is not eligible for getting processed by all BeanPostProcessors (for example: not eligible for auto-proxying)
2020-09-06 19:02:51 INFO  main org.springframework.boot.web.embedded.tomcat.TomcatWebServer Tomcat initialized with port(s): 8201 (http)
2020-09-06 19:02:51 INFO  main org.apache.coyote.http11.Http11NioProtocol Initializing ProtocolHandler ["http-nio-8201"]
2020-09-06 19:02:51 INFO  main org.apache.catalina.core.StandardService Starting service [Tomcat]
2020-09-06 19:02:51 INFO  main org.apache.catalina.core.StandardEngine Starting Servlet engine: [Apache Tomcat/9.0.21]
2020-09-06 19:02:51 INFO  main org.apache.catalina.core.ContainerBase.[Tomcat].[localhost].[/] Initializing Spring embedded WebApplicationContext
2020-09-06 19:02:51 INFO  main org.springframework.web.context.ContextLoader Root WebApplicationContext: initialization completed in 1928 ms
2020-09-06 19:02:52 INFO  main com.netflix.config.sources.URLConfigurationSource To enable URLs as dynamic configuration sources, define System property archaius.configurationSource.additionalUrls or make config.properties available on classpath.
2020-09-06 19:02:52 INFO  main com.netflix.config.DynamicPropertyFactory DynamicPropertyFactory is initialized with configuration sources: com.netflix.config.ConcurrentCompositeConfiguration@6e43ddd6
2020-09-06 19:02:52 INFO  main org.springframework.boot.actuate.endpoint.web.ServletEndpointRegistrar Registered '/actuator/jolokia' to jolokia-actuator-endpoint
2020-09-06 19:02:53 INFO  main com.netflix.config.sources.URLConfigurationSource To enable URLs as dynamic configuration sources, define System property archaius.configurationSource.additionalUrls or make config.properties available on classpath.
2020-09-06 19:02:53 INFO  main org.springframework.scheduling.concurrent.ThreadPoolTaskExecutor Initializing ExecutorService 'applicationTaskExecutor'
2020-09-06 19:02:54 INFO  main org.springframework.scheduling.concurrent.ThreadPoolTaskScheduler Initializing ExecutorService
2020-09-06 19:02:54 INFO  main org.springframework.boot.autoconfigure.security.servlet.UserDetailsServiceAutoConfiguration 

Using generated security password: 9013d10c-7e50-4d52-8323-4716149f3107

2020-09-06 19:02:55 INFO  main org.springframework.security.web.DefaultSecurityFilterChain Creating filter chain: OrRequestMatcher [requestMatchers=[Ant [pattern='/**']]], [org.springframework.security.web.context.request.async.WebAsyncManagerIntegrationFilter@10b8b900, org.springframework.security.web.context.SecurityContextPersistenceFilter@50ec4bfc, org.springframework.security.web.header.HeaderWriterFilter@5c8d58ed, org.springframework.security.web.authentication.logout.LogoutFilter@538a2f0e, org.springframework.security.oauth2.provider.authentication.OAuth2AuthenticationProcessingFilter@41aebbb4, org.springframework.security.web.savedrequest.RequestCacheAwareFilter@285a4fe3, org.springframework.security.web.servletapi.SecurityContextHolderAwareRequestFilter@7c453c34, org.springframework.security.web.authentication.AnonymousAuthenticationFilter@6d294ddc, org.springframework.security.web.session.SessionManagementFilter@6a09484c, org.springframework.security.web.access.ExceptionTranslationFilter@691567ea, org.springframework.security.web.access.intercept.FilterSecurityInterceptor@63e5b8aa]
2020-09-06 19:02:55 INFO  main org.springframework.boot.actuate.endpoint.web.EndpointLinksResolver Exposing 20 endpoint(s) beneath base path '/actuator'
2020-09-06 19:02:55 INFO  main org.springframework.cloud.netflix.eureka.InstanceInfoFactory Setting initial instance status as: STARTING
2020-09-06 19:02:55 INFO  main com.netflix.discovery.DiscoveryClient Initializing Eureka in region us-east-1
2020-09-06 19:02:55 INFO  main com.netflix.discovery.provider.DiscoveryJerseyProvider Using JSON encoding codec LegacyJacksonJson
2020-09-06 19:02:55 INFO  main com.netflix.discovery.provider.DiscoveryJerseyProvider Using JSON decoding codec LegacyJacksonJson
2020-09-06 19:02:55 INFO  main com.netflix.discovery.provider.DiscoveryJerseyProvider Using XML encoding codec XStreamXml
2020-09-06 19:02:55 INFO  main com.netflix.discovery.provider.DiscoveryJerseyProvider Using XML decoding codec XStreamXml
2020-09-06 19:02:55 INFO  main com.netflix.discovery.shared.resolver.aws.ConfigClusterResolver Resolving eureka endpoints via configuration
2020-09-06 19:02:55 INFO  main com.netflix.discovery.DiscoveryClient Disable delta property : false
2020-09-06 19:02:55 INFO  main com.netflix.discovery.DiscoveryClient Single vip registry refresh property : null
2020-09-06 19:02:55 INFO  main com.netflix.discovery.DiscoveryClient Force full registry fetch : false
2020-09-06 19:02:55 INFO  main com.netflix.discovery.DiscoveryClient Application is null : false
2020-09-06 19:02:55 INFO  main com.netflix.discovery.DiscoveryClient Registered Applications size is zero : true
2020-09-06 19:02:55 INFO  main com.netflix.discovery.DiscoveryClient Application version is -1: true
2020-09-06 19:02:55 INFO  main com.netflix.discovery.DiscoveryClient Getting all instance registry info from the eureka server
2020-09-06 19:02:56 INFO  main com.netflix.discovery.DiscoveryClient The response status is 200
2020-09-06 19:02:56 INFO  main com.netflix.discovery.DiscoveryClient Starting heartbeat executor: renew interval is: 20
2020-09-06 19:02:56 INFO  main com.netflix.discovery.InstanceInfoReplicator InstanceInfoReplicator onDemand update allowed rate per min is 4
2020-09-06 19:02:56 INFO  main com.netflix.discovery.DiscoveryClient Discovery Client initialized at timestamp 1599390176207 with initial instances count: 3
2020-09-06 19:02:56 INFO  main org.springframework.cloud.netflix.eureka.serviceregistry.EurekaServiceRegistry Registering application GDMS-SERVER-SEARCH with eureka with status UP
2020-09-06 19:02:56 INFO  main com.netflix.discovery.DiscoveryClient Saw local status change event StatusChangeEvent [timestamp=1599390176215, current=UP, previous=STARTING]
2020-09-06 19:02:56 INFO  DiscoveryClient-InstanceInfoReplicator-0 com.netflix.discovery.DiscoveryClient DiscoveryClient_GDMS-SERVER-SEARCH/10.162.111.66:GDMS-Server-Search:8201: registering service...
2020-09-06 19:02:56 INFO  main org.apache.coyote.http11.Http11NioProtocol Starting ProtocolHandler ["http-nio-8201"]
2020-09-06 19:02:56 INFO  DiscoveryClient-InstanceInfoReplicator-0 com.netflix.discovery.DiscoveryClient DiscoveryClient_GDMS-SERVER-SEARCH/10.162.111.66:GDMS-Server-Search:8201 - registration status: 204
2020-09-06 19:02:56 INFO  main org.springframework.boot.web.embedded.tomcat.TomcatWebServer Tomcat started on port(s): 8201 (http) with context path ''
2020-09-06 19:02:56 INFO  main org.springframework.cloud.netflix.eureka.serviceregistry.EurekaAutoServiceRegistration Updating port to 8201
2020-09-06 19:02:56 INFO  main org.graduationdesign.gdmsserversearch.GdmsServerSearchApplication Started GdmsServerSearchApplication in 7.767 seconds (JVM running for 8.644)
2020-09-06 19:02:56 INFO  RMI TCP Connection(7)-127.0.0.1 org.apache.catalina.core.ContainerBase.[Tomcat].[localhost].[/] Initializing Spring DispatcherServlet 'dispatcherServlet'
2020-09-06 19:02:56 INFO  RMI TCP Connection(7)-127.0.0.1 org.springframework.web.servlet.DispatcherServlet Initializing Servlet 'dispatcherServlet'
2020-09-06 19:02:56 INFO  RMI TCP Connection(7)-127.0.0.1 org.springframework.web.servlet.DispatcherServlet Completed initialization in 9 ms
2020-09-06 19:04:32 INFO  Thread-21 org.springframework.cloud.netflix.eureka.serviceregistry.EurekaServiceRegistry Unregistering application GDMS-SERVER-SEARCH with eureka with status DOWN
2020-09-06 19:04:32 INFO  DiscoveryClient-InstanceInfoReplicator-0 com.netflix.discovery.DiscoveryClient DiscoveryClient_GDMS-SERVER-SEARCH/10.162.111.66:GDMS-Server-Search:8201: registering service...
2020-09-06 19:04:32 INFO  DiscoveryClient-InstanceInfoReplicator-0 org.apache.http.impl.client.DefaultHttpClient I/O exception (java.net.SocketException) caught when processing request to {}->http://localhost:8001: Broken pipe (Write failed)
2020-09-06 19:04:32 INFO  DiscoveryClient-InstanceInfoReplicator-0 org.apache.http.impl.client.DefaultHttpClient Retrying request to {}->http://localhost:8001
2020-09-06 19:04:32 INFO  Thread-21 org.springframework.scheduling.concurrent.ThreadPoolTaskScheduler Shutting down ExecutorService
2020-09-06 19:04:32 INFO  Thread-21 org.springframework.scheduling.concurrent.ThreadPoolTaskExecutor Shutting down ExecutorService 'applicationTaskExecutor'
2020-09-06 19:04:32 INFO  Thread-21 com.netflix.discovery.DiscoveryClient Shutting down DiscoveryClient ...
2020-09-06 19:04:32 INFO  Thread-21 com.netflix.discovery.DiscoveryClient Unregistering ...
2020-09-06 19:04:34 INFO  Thread-21 org.apache.http.impl.client.DefaultHttpClient I/O exception (java.net.SocketException) caught when processing request to {}->http://localhost:8001: Connection reset
2020-09-06 19:04:34 INFO  Thread-21 org.apache.http.impl.client.DefaultHttpClient Retrying request to {}->http://localhost:8001
2020-09-06 19:04:34 INFO  Thread-21 com.netflix.discovery.DiscoveryClient Completed shut down of DiscoveryClient
2020-09-06 19:27:51 INFO  main org.springframework.context.support.PostProcessorRegistrationDelegate$BeanPostProcessorChecker Bean 'org.springframework.cloud.autoconfigure.ConfigurationPropertiesRebinderAutoConfiguration' of type [org.springframework.cloud.autoconfigure.ConfigurationPropertiesRebinderAutoConfiguration$$EnhancerBySpringCGLIB$$831f5d89] is not eligible for getting processed by all BeanPostProcessors (for example: not eligible for auto-proxying)
2020-09-06 19:27:51 INFO  main org.graduationdesign.gdmsserversearch.GdmsServerSearchApplication No active profile set, falling back to default profiles: default
2020-09-06 19:27:53 INFO  main org.springframework.cloud.context.scope.GenericScope BeanFactory id=02d6aa82-dde0-3a47-af76-f51de5040805
2020-09-06 19:27:53 INFO  main org.springframework.context.support.PostProcessorRegistrationDelegate$BeanPostProcessorChecker Bean 'org.springframework.security.config.annotation.configuration.ObjectPostProcessorConfiguration' of type [org.springframework.security.config.annotation.configuration.ObjectPostProcessorConfiguration$$EnhancerBySpringCGLIB$$ffb322c6] is not eligible for getting processed by all BeanPostProcessors (for example: not eligible for auto-proxying)
2020-09-06 19:27:53 INFO  main org.springframework.context.support.PostProcessorRegistrationDelegate$BeanPostProcessorChecker Bean 'objectPostProcessor' of type [org.springframework.security.config.annotation.configuration.AutowireBeanFactoryObjectPostProcessor] is not eligible for getting processed by all BeanPostProcessors (for example: not eligible for auto-proxying)
2020-09-06 19:27:53 INFO  main org.springframework.context.support.PostProcessorRegistrationDelegate$BeanPostProcessorChecker Bean 'org.springframework.security.access.expression.method.DefaultMethodSecurityExpressionHandler@1c7350b0' of type [org.springframework.security.oauth2.provider.expression.OAuth2MethodSecurityExpressionHandler] is not eligible for getting processed by all BeanPostProcessors (for example: not eligible for auto-proxying)
2020-09-06 19:27:53 INFO  main org.springframework.context.support.PostProcessorRegistrationDelegate$BeanPostProcessorChecker Bean 'org.springframework.security.config.annotation.method.configuration.GlobalMethodSecurityConfiguration' of type [org.springframework.security.config.annotation.method.configuration.GlobalMethodSecurityConfiguration$$EnhancerBySpringCGLIB$$2487c578] is not eligible for getting processed by all BeanPostProcessors (for example: not eligible for auto-proxying)
2020-09-06 19:27:53 INFO  main org.springframework.context.support.PostProcessorRegistrationDelegate$BeanPostProcessorChecker Bean 'methodSecurityMetadataSource' of type [org.springframework.security.access.method.DelegatingMethodSecurityMetadataSource] is not eligible for getting processed by all BeanPostProcessors (for example: not eligible for auto-proxying)
2020-09-06 19:27:53 INFO  main org.springframework.context.support.PostProcessorRegistrationDelegate$BeanPostProcessorChecker Bean 'org.springframework.cloud.autoconfigure.ConfigurationPropertiesRebinderAutoConfiguration' of type [org.springframework.cloud.autoconfigure.ConfigurationPropertiesRebinderAutoConfiguration$$EnhancerBySpringCGLIB$$831f5d89] is not eligible for getting processed by all BeanPostProcessors (for example: not eligible for auto-proxying)
2020-09-06 19:27:53 INFO  main org.springframework.boot.web.embedded.tomcat.TomcatWebServer Tomcat initialized with port(s): 8201 (http)
2020-09-06 19:27:53 INFO  main org.apache.coyote.http11.Http11NioProtocol Initializing ProtocolHandler ["http-nio-8201"]
2020-09-06 19:27:53 INFO  main org.apache.catalina.core.StandardService Starting service [Tomcat]
2020-09-06 19:27:53 INFO  main org.apache.catalina.core.StandardEngine Starting Servlet engine: [Apache Tomcat/9.0.21]
2020-09-06 19:27:53 INFO  main org.apache.catalina.core.ContainerBase.[Tomcat].[localhost].[/] Initializing Spring embedded WebApplicationContext
2020-09-06 19:27:53 INFO  main org.springframework.web.context.ContextLoader Root WebApplicationContext: initialization completed in 1656 ms
2020-09-06 19:27:53 INFO  main com.netflix.config.sources.URLConfigurationSource To enable URLs as dynamic configuration sources, define System property archaius.configurationSource.additionalUrls or make config.properties available on classpath.
2020-09-06 19:27:53 INFO  main com.netflix.config.DynamicPropertyFactory DynamicPropertyFactory is initialized with configuration sources: com.netflix.config.ConcurrentCompositeConfiguration@1624775
2020-09-06 19:27:54 INFO  main org.springframework.boot.actuate.endpoint.web.ServletEndpointRegistrar Registered '/actuator/jolokia' to jolokia-actuator-endpoint
2020-09-06 19:27:54 INFO  main org.springframework.boot.actuate.endpoint.web.EndpointLinksResolver Exposing 20 endpoint(s) beneath base path '/actuator'
2020-09-06 19:27:54 INFO  main springfox.documentation.spring.web.PropertySourcedRequestMappingHandlerMapping Mapped URL path [/v2/api-docs] onto method [public org.springframework.http.ResponseEntity<springfox.documentation.spring.web.json.Json> springfox.documentation.swagger2.web.Swagger2Controller.getDocumentation(java.lang.String,javax.servlet.http.HttpServletRequest)]
2020-09-06 19:27:54 INFO  main com.netflix.config.sources.URLConfigurationSource To enable URLs as dynamic configuration sources, define System property archaius.configurationSource.additionalUrls or make config.properties available on classpath.
2020-09-06 19:27:54 INFO  main org.springframework.scheduling.concurrent.ThreadPoolTaskExecutor Initializing ExecutorService 'applicationTaskExecutor'
2020-09-06 19:27:55 INFO  main org.springframework.scheduling.concurrent.ThreadPoolTaskScheduler Initializing ExecutorService
2020-09-06 19:27:55 INFO  main org.springframework.boot.autoconfigure.security.servlet.UserDetailsServiceAutoConfiguration 

Using generated security password: 39f1e1a1-6da0-4782-87aa-5084f5fb5575

2020-09-06 19:27:55 INFO  main org.springframework.security.web.DefaultSecurityFilterChain Creating filter chain: OrRequestMatcher [requestMatchers=[Ant [pattern='/**']]], [org.springframework.security.web.context.request.async.WebAsyncManagerIntegrationFilter@3a88f6fb, org.springframework.security.web.context.SecurityContextPersistenceFilter@278fe428, org.springframework.security.web.header.HeaderWriterFilter@31c7c281, org.springframework.security.web.authentication.logout.LogoutFilter@f9b8129, org.springframework.security.oauth2.provider.authentication.OAuth2AuthenticationProcessingFilter@7d64a960, org.springframework.security.web.savedrequest.RequestCacheAwareFilter@1d4cc7, org.springframework.security.web.servletapi.SecurityContextHolderAwareRequestFilter@9e62fb, org.springframework.security.web.authentication.AnonymousAuthenticationFilter@7b451bf4, org.springframework.security.web.session.SessionManagementFilter@16c5b50a, org.springframework.security.web.access.ExceptionTranslationFilter@2d6a0766, org.springframework.security.web.access.intercept.FilterSecurityInterceptor@2e7bb00e]
2020-09-06 19:27:55 INFO  main org.springframework.cloud.netflix.eureka.InstanceInfoFactory Setting initial instance status as: STARTING
2020-09-06 19:27:55 INFO  main com.netflix.discovery.DiscoveryClient Initializing Eureka in region us-east-1
2020-09-06 19:27:55 INFO  main com.netflix.discovery.provider.DiscoveryJerseyProvider Using JSON encoding codec LegacyJacksonJson
2020-09-06 19:27:55 INFO  main com.netflix.discovery.provider.DiscoveryJerseyProvider Using JSON decoding codec LegacyJacksonJson
2020-09-06 19:27:55 INFO  main com.netflix.discovery.provider.DiscoveryJerseyProvider Using XML encoding codec XStreamXml
2020-09-06 19:27:55 INFO  main com.netflix.discovery.provider.DiscoveryJerseyProvider Using XML decoding codec XStreamXml
2020-09-06 19:27:55 INFO  main com.netflix.discovery.shared.resolver.aws.ConfigClusterResolver Resolving eureka endpoints via configuration
2020-09-06 19:27:55 INFO  main com.netflix.discovery.DiscoveryClient Disable delta property : false
2020-09-06 19:27:55 INFO  main com.netflix.discovery.DiscoveryClient Single vip registry refresh property : null
2020-09-06 19:27:55 INFO  main com.netflix.discovery.DiscoveryClient Force full registry fetch : false
2020-09-06 19:27:55 INFO  main com.netflix.discovery.DiscoveryClient Application is null : false
2020-09-06 19:27:55 INFO  main com.netflix.discovery.DiscoveryClient Registered Applications size is zero : true
2020-09-06 19:27:55 INFO  main com.netflix.discovery.DiscoveryClient Application version is -1: true
2020-09-06 19:27:55 INFO  main com.netflix.discovery.DiscoveryClient Getting all instance registry info from the eureka server
2020-09-06 19:27:56 INFO  main com.netflix.discovery.DiscoveryClient The response status is 200
2020-09-06 19:27:56 INFO  main com.netflix.discovery.DiscoveryClient Starting heartbeat executor: renew interval is: 20
2020-09-06 19:27:56 INFO  main com.netflix.discovery.InstanceInfoReplicator InstanceInfoReplicator onDemand update allowed rate per min is 4
2020-09-06 19:27:56 INFO  main com.netflix.discovery.DiscoveryClient Discovery Client initialized at timestamp 1599391676058 with initial instances count: 1
2020-09-06 19:27:56 INFO  main org.springframework.cloud.netflix.eureka.serviceregistry.EurekaServiceRegistry Registering application GDMS-SERVER-SEARCH with eureka with status UP
2020-09-06 19:27:56 INFO  main com.netflix.discovery.DiscoveryClient Saw local status change event StatusChangeEvent [timestamp=1599391676068, current=UP, previous=STARTING]
2020-09-06 19:27:56 INFO  DiscoveryClient-InstanceInfoReplicator-0 com.netflix.discovery.DiscoveryClient DiscoveryClient_GDMS-SERVER-SEARCH/10.162.111.66:GDMS-Server-Search:8201: registering service...
2020-09-06 19:27:56 INFO  main springfox.documentation.spring.web.plugins.DocumentationPluginsBootstrapper Context refreshed
2020-09-06 19:27:56 INFO  main springfox.documentation.spring.web.plugins.DocumentationPluginsBootstrapper Found 1 custom documentation plugin(s)
2020-09-06 19:27:56 INFO  DiscoveryClient-InstanceInfoReplicator-0 com.netflix.discovery.DiscoveryClient DiscoveryClient_GDMS-SERVER-SEARCH/10.162.111.66:GDMS-Server-Search:8201 - registration status: 204
2020-09-06 19:27:56 INFO  main springfox.documentation.spring.web.scanners.ApiListingReferenceScanner Scanning for api listing references
2020-09-06 19:27:56 INFO  main org.apache.coyote.http11.Http11NioProtocol Starting ProtocolHandler ["http-nio-8201"]
2020-09-06 19:27:56 INFO  main org.springframework.boot.web.embedded.tomcat.TomcatWebServer Tomcat started on port(s): 8201 (http) with context path ''
2020-09-06 19:27:56 INFO  main org.springframework.cloud.netflix.eureka.serviceregistry.EurekaAutoServiceRegistration Updating port to 8201
2020-09-06 19:27:56 INFO  main org.graduationdesign.gdmsserversearch.GdmsServerSearchApplication Started GdmsServerSearchApplication in 5.872 seconds (JVM running for 6.794)
2020-09-06 19:27:56 INFO  RMI TCP Connection(3)-127.0.0.1 org.apache.catalina.core.ContainerBase.[Tomcat].[localhost].[/] Initializing Spring DispatcherServlet 'dispatcherServlet'
2020-09-06 19:27:56 INFO  RMI TCP Connection(3)-127.0.0.1 org.springframework.web.servlet.DispatcherServlet Initializing Servlet 'dispatcherServlet'
2020-09-06 19:27:56 INFO  RMI TCP Connection(3)-127.0.0.1 org.springframework.web.servlet.DispatcherServlet Completed initialization in 15 ms
2020-09-06 19:32:55 INFO  AsyncResolver-bootstrap-executor-0 com.netflix.discovery.shared.resolver.aws.ConfigClusterResolver Resolving eureka endpoints via configuration
2020-09-06 19:34:34 INFO  Thread-18 org.springframework.cloud.netflix.eureka.serviceregistry.EurekaServiceRegistry Unregistering application GDMS-SERVER-SEARCH with eureka with status DOWN
2020-09-06 19:34:34 INFO  DiscoveryClient-InstanceInfoReplicator-0 com.netflix.discovery.DiscoveryClient DiscoveryClient_GDMS-SERVER-SEARCH/10.162.111.66:GDMS-Server-Search:8201: registering service...
2020-09-06 19:34:34 INFO  DiscoveryClient-InstanceInfoReplicator-0 org.apache.http.impl.client.DefaultHttpClient I/O exception (java.net.SocketException) caught when processing request to {}->http://localhost:8001: Broken pipe (Write failed)
2020-09-06 19:34:34 INFO  DiscoveryClient-InstanceInfoReplicator-0 org.apache.http.impl.client.DefaultHttpClient Retrying request to {}->http://localhost:8001
2020-09-06 19:34:34 INFO  Thread-18 org.springframework.scheduling.concurrent.ThreadPoolTaskScheduler Shutting down ExecutorService
2020-09-06 19:34:34 INFO  Thread-18 org.springframework.scheduling.concurrent.ThreadPoolTaskExecutor Shutting down ExecutorService 'applicationTaskExecutor'
2020-09-06 19:34:34 INFO  Thread-18 com.netflix.discovery.DiscoveryClient Shutting down DiscoveryClient ...
2020-09-06 19:34:36 INFO  Thread-18 com.netflix.discovery.DiscoveryClient Unregistering ...
2020-09-06 19:34:36 INFO  Thread-18 com.netflix.discovery.DiscoveryClient Completed shut down of DiscoveryClient
