2020-09-06 18:07:43 INFO  main org.springframework.context.support.PostProcessorRegistrationDelegate$BeanPostProcessorChecker Bean 'org.springframework.cloud.autoconfigure.ConfigurationPropertiesRebinderAutoConfiguration' of type [org.springframework.cloud.autoconfigure.ConfigurationPropertiesRebinderAutoConfiguration$$EnhancerBySpringCGLIB$$c0f49fcc] is not eligible for getting processed by all BeanPostProcessors (for example: not eligible for auto-proxying)
2020-09-06 18:07:43 INFO  main org.graduationdesign.gdmsmonitoradmin.GdmsMonitorAdminApplication No active profile set, falling back to default profiles: default
2020-09-06 18:07:44 INFO  main org.springframework.cloud.context.scope.GenericScope BeanFactory id=7e69926e-6438-311d-842d-0c5e3bd1b2e6
2020-09-06 18:07:44 INFO  main org.springframework.context.support.PostProcessorRegistrationDelegate$BeanPostProcessorChecker Bean 'org.springframework.cloud.autoconfigure.ConfigurationPropertiesRebinderAutoConfiguration' of type [org.springframework.cloud.autoconfigure.ConfigurationPropertiesRebinderAutoConfiguration$$EnhancerBySpringCGLIB$$c0f49fcc] is not eligible for getting processed by all BeanPostProcessors (for example: not eligible for auto-proxying)
2020-09-06 18:07:44 INFO  main org.springframework.boot.web.embedded.tomcat.TomcatWebServer Tomcat initialized with port(s): 8401 (http)
2020-09-06 18:07:44 INFO  main org.apache.coyote.http11.Http11NioProtocol Initializing ProtocolHandler ["http-nio-8401"]
2020-09-06 18:07:44 INFO  main org.apache.catalina.core.StandardService Starting service [Tomcat]
2020-09-06 18:07:44 INFO  main org.apache.catalina.core.StandardEngine Starting Servlet engine: [Apache Tomcat/9.0.21]
2020-09-06 18:07:44 INFO  main org.apache.catalina.core.ContainerBase.[Tomcat].[localhost].[/] Initializing Spring embedded WebApplicationContext
2020-09-06 18:07:44 INFO  main org.springframework.web.context.ContextLoader Root WebApplicationContext: initialization completed in 1237 ms
2020-09-06 18:07:45 INFO  main org.springframework.security.web.DefaultSecurityFilterChain Creating filter chain: any request, [org.springframework.security.web.context.request.async.WebAsyncManagerIntegrationFilter@4c2af006, org.springframework.security.web.context.SecurityContextPersistenceFilter@188ac8a3, org.springframework.security.web.header.HeaderWriterFilter@2f4e40d7, org.springframework.security.web.authentication.logout.LogoutFilter@23f86d8a, org.springframework.security.web.authentication.UsernamePasswordAuthenticationFilter@67064bdc, org.springframework.security.web.authentication.www.BasicAuthenticationFilter@53d13cd4, org.springframework.security.web.savedrequest.RequestCacheAwareFilter@aaa0f76, org.springframework.security.web.servletapi.SecurityContextHolderAwareRequestFilter@6d5c2745, org.springframework.security.web.authentication.AnonymousAuthenticationFilter@44032fde, org.springframework.security.web.session.SessionManagementFilter@7e5843db, org.springframework.security.web.access.ExceptionTranslationFilter@37b52340, org.springframework.security.web.access.intercept.FilterSecurityInterceptor@4cbc2e3b]
2020-09-06 18:07:45 INFO  main org.springframework.scheduling.concurrent.ThreadPoolTaskExecutor Initializing ExecutorService 'applicationTaskExecutor'
2020-09-06 18:07:45 INFO  main org.springframework.boot.actuate.endpoint.web.EndpointLinksResolver Exposing 2 endpoint(s) beneath base path '/actuator'
2020-09-06 18:07:45 INFO  main org.apache.coyote.http11.Http11NioProtocol Starting ProtocolHandler ["http-nio-8401"]
2020-09-06 18:07:45 INFO  main org.springframework.boot.web.embedded.tomcat.TomcatWebServer Tomcat started on port(s): 8401 (http) with context path ''
2020-09-06 18:07:45 INFO  main org.graduationdesign.gdmsmonitoradmin.GdmsMonitorAdminApplication Started GdmsMonitorAdminApplication in 4.2 seconds (JVM running for 5.033)
2020-09-06 18:07:46 INFO  RMI TCP Connection(2)-127.0.0.1 org.apache.catalina.core.ContainerBase.[Tomcat].[localhost].[/] Initializing Spring DispatcherServlet 'dispatcherServlet'
2020-09-06 18:07:46 INFO  RMI TCP Connection(2)-127.0.0.1 org.springframework.web.servlet.DispatcherServlet Initializing Servlet 'dispatcherServlet'
2020-09-06 18:07:46 INFO  RMI TCP Connection(2)-127.0.0.1 org.springframework.web.servlet.DispatcherServlet Completed initialization in 9 ms
2020-09-06 18:12:20 INFO  Thread-14 org.springframework.scheduling.concurrent.ThreadPoolTaskExecutor Shutting down ExecutorService 'applicationTaskExecutor'
2020-09-06 19:02:35 INFO  main org.springframework.context.support.PostProcessorRegistrationDelegate$BeanPostProcessorChecker Bean 'org.springframework.cloud.autoconfigure.ConfigurationPropertiesRebinderAutoConfiguration' of type [org.springframework.cloud.autoconfigure.ConfigurationPropertiesRebinderAutoConfiguration$$EnhancerBySpringCGLIB$$637511c4] is not eligible for getting processed by all BeanPostProcessors (for example: not eligible for auto-proxying)
2020-09-06 19:02:35 INFO  main org.graduationdesign.gdmsmonitoradmin.GdmsMonitorAdminApplication No active profile set, falling back to default profiles: default
2020-09-06 19:02:36 INFO  main org.springframework.cloud.context.scope.GenericScope BeanFactory id=7e69926e-6438-311d-842d-0c5e3bd1b2e6
2020-09-06 19:02:36 INFO  main org.springframework.context.support.PostProcessorRegistrationDelegate$BeanPostProcessorChecker Bean 'org.springframework.cloud.autoconfigure.ConfigurationPropertiesRebinderAutoConfiguration' of type [org.springframework.cloud.autoconfigure.ConfigurationPropertiesRebinderAutoConfiguration$$EnhancerBySpringCGLIB$$637511c4] is not eligible for getting processed by all BeanPostProcessors (for example: not eligible for auto-proxying)
2020-09-06 19:02:36 INFO  main org.springframework.boot.web.embedded.tomcat.TomcatWebServer Tomcat initialized with port(s): 8401 (http)
2020-09-06 19:02:36 INFO  main org.apache.coyote.http11.Http11NioProtocol Initializing ProtocolHandler ["http-nio-8401"]
2020-09-06 19:02:36 INFO  main org.apache.catalina.core.StandardService Starting service [Tomcat]
2020-09-06 19:02:36 INFO  main org.apache.catalina.core.StandardEngine Starting Servlet engine: [Apache Tomcat/9.0.21]
2020-09-06 19:02:36 INFO  main org.apache.catalina.core.ContainerBase.[Tomcat].[localhost].[/] Initializing Spring embedded WebApplicationContext
2020-09-06 19:02:36 INFO  main org.springframework.web.context.ContextLoader Root WebApplicationContext: initialization completed in 1224 ms
