2020-09-07 03:14:24 INFO  main org.springframework.context.support.PostProcessorRegistrationDelegate$BeanPostProcessorChecker Bean 'org.springframework.cloud.autoconfigure.ConfigurationPropertiesRebinderAutoConfiguration' of type [org.springframework.cloud.autoconfigure.ConfigurationPropertiesRebinderAutoConfiguration$$EnhancerBySpringCGLIB$$a15db251] is not eligible for getting processed by all BeanPostProcessors (for example: not eligible for auto-proxying)
2020-09-07 03:14:25 INFO  main org.graduationdesign.gdmsauth.GdmsAuthApplication No active profile set, falling back to default profiles: default
2020-09-07 03:14:26 INFO  main org.springframework.data.repository.config.RepositoryConfigurationDelegate Multiple Spring Data modules found, entering strict repository configuration mode!
2020-09-07 03:14:26 INFO  main org.springframework.data.repository.config.RepositoryConfigurationDelegate Bootstrapping Spring Data repositories in DEFAULT mode.
2020-09-07 03:14:26 INFO  main org.springframework.data.repository.config.RepositoryConfigurationDelegate Finished Spring Data repository scanning in 77ms. Found 1 repository interfaces.
2020-09-07 03:14:26 INFO  main org.springframework.data.repository.config.RepositoryConfigurationDelegate Multiple Spring Data modules found, entering strict repository configuration mode!
2020-09-07 03:14:26 INFO  main org.springframework.data.repository.config.RepositoryConfigurationDelegate Bootstrapping Spring Data repositories in DEFAULT mode.
2020-09-07 03:14:26 INFO  main org.springframework.data.repository.config.RepositoryConfigurationDelegate Finished Spring Data repository scanning in 10ms. Found 1 repository interfaces.
2020-09-07 03:14:26 INFO  main org.springframework.cloud.context.scope.GenericScope BeanFactory id=f835d2e1-cc69-3cb1-85f1-a8eea3e95f6b
2020-09-07 03:14:26 INFO  main org.springframework.context.support.PostProcessorRegistrationDelegate$BeanPostProcessorChecker Bean 'org.springframework.transaction.annotation.ProxyTransactionManagementConfiguration' of type [org.springframework.transaction.annotation.ProxyTransactionManagementConfiguration$$EnhancerBySpringCGLIB$$8543af54] is not eligible for getting processed by all BeanPostProcessors (for example: not eligible for auto-proxying)
2020-09-07 03:14:26 INFO  main org.springframework.context.support.PostProcessorRegistrationDelegate$BeanPostProcessorChecker Bean 'org.springframework.cloud.autoconfigure.ConfigurationPropertiesRebinderAutoConfiguration' of type [org.springframework.cloud.autoconfigure.ConfigurationPropertiesRebinderAutoConfiguration$$EnhancerBySpringCGLIB$$a15db251] is not eligible for getting processed by all BeanPostProcessors (for example: not eligible for auto-proxying)
2020-09-07 03:14:26 INFO  main org.springframework.boot.web.embedded.tomcat.TomcatWebServer Tomcat initialized with port(s): 8101 (http)
2020-09-07 03:14:26 INFO  main org.apache.coyote.http11.Http11NioProtocol Initializing ProtocolHandler ["http-nio-8101"]
2020-09-07 03:14:26 INFO  main org.apache.catalina.core.StandardService Starting service [Tomcat]
2020-09-07 03:14:26 INFO  main org.apache.catalina.core.StandardEngine Starting Servlet engine: [Apache Tomcat/9.0.21]
2020-09-07 03:14:27 INFO  main org.apache.catalina.core.ContainerBase.[Tomcat].[localhost].[/] Initializing Spring embedded WebApplicationContext
2020-09-07 03:14:27 INFO  main org.springframework.web.context.ContextLoader Root WebApplicationContext: initialization completed in 2079 ms
2020-09-07 03:14:27 INFO  main com.netflix.config.sources.URLConfigurationSource To enable URLs as dynamic configuration sources, define System property archaius.configurationSource.additionalUrls or make config.properties available on classpath.
2020-09-07 03:14:27 INFO  main com.netflix.config.DynamicPropertyFactory DynamicPropertyFactory is initialized with configuration sources: com.netflix.config.ConcurrentCompositeConfiguration@60aec68a
2020-09-07 03:14:27 INFO  main org.springframework.boot.actuate.endpoint.web.ServletEndpointRegistrar Registered '/actuator/jolokia' to jolokia-actuator-endpoint
2020-09-07 03:14:27 INFO  main com.zaxxer.hikari.HikariDataSource HikariPool-1 - Starting...
2020-09-07 03:14:28 INFO  main com.zaxxer.hikari.HikariDataSource HikariPool-1 - Start completed.
2020-09-07 03:14:28 INFO  main org.hibernate.jpa.internal.util.LogHelper HHH000204: Processing PersistenceUnitInfo [
	name: default
	...]
2020-09-07 03:14:28 INFO  main org.hibernate.Version HHH000412: Hibernate Core {5.3.10.Final}
2020-09-07 03:14:28 INFO  main org.hibernate.cfg.Environment HHH000206: hibernate.properties not found
2020-09-07 03:14:28 INFO  main org.hibernate.annotations.common.Version HCANN000001: Hibernate Commons Annotations {5.0.4.Final}
2020-09-07 03:14:29 INFO  main org.hibernate.dialect.Dialect HHH000400: Using dialect: org.hibernate.dialect.MySQL5Dialect
2020-09-07 03:14:30 INFO  main org.springframework.orm.jpa.LocalContainerEntityManagerFactoryBean Initialized JPA EntityManagerFactory for persistence unit 'default'
2020-09-07 03:14:31 INFO  main org.springframework.security.web.DefaultSecurityFilterChain Creating filter chain: OrRequestMatcher [requestMatchers=[Ant [pattern='/oauth/token'], Ant [pattern='/oauth/token_key'], Ant [pattern='/oauth/check_token']]], [org.springframework.security.web.context.request.async.WebAsyncManagerIntegrationFilter@5305f936, org.springframework.security.web.context.SecurityContextPersistenceFilter@434a8938, org.springframework.security.web.header.HeaderWriterFilter@58a7a58d, org.springframework.security.web.authentication.logout.LogoutFilter@3883b5e9, org.springframework.security.web.authentication.www.BasicAuthenticationFilter@6abd8bcd, org.springframework.security.web.savedrequest.RequestCacheAwareFilter@51cd2d2, org.springframework.security.web.servletapi.SecurityContextHolderAwareRequestFilter@1de6dc80, org.springframework.security.web.authentication.AnonymousAuthenticationFilter@2b1a1a37, org.springframework.security.web.session.SessionManagementFilter@36120a8b, org.springframework.security.web.access.ExceptionTranslationFilter@405223e4, org.springframework.security.web.access.intercept.FilterSecurityInterceptor@2dd08ff1]
2020-09-07 03:14:31 INFO  main org.springframework.security.web.DefaultSecurityFilterChain Creating filter chain: OrRequestMatcher [requestMatchers=[Ant [pattern='/oauth/**']]], [org.springframework.security.web.context.request.async.WebAsyncManagerIntegrationFilter@7816454d, org.springframework.security.web.context.SecurityContextPersistenceFilter@771afdd5, org.springframework.security.web.header.HeaderWriterFilter@69944a90, org.springframework.security.web.authentication.logout.LogoutFilter@46a97805, org.springframework.security.web.savedrequest.RequestCacheAwareFilter@3abadb65, org.springframework.security.web.servletapi.SecurityContextHolderAwareRequestFilter@7131d668, org.springframework.security.web.authentication.AnonymousAuthenticationFilter@67d180e4, org.springframework.security.web.session.SessionManagementFilter@1ed52f44, org.springframework.security.web.access.ExceptionTranslationFilter@66456506, org.springframework.security.web.access.intercept.FilterSecurityInterceptor@7096d451]
2020-09-07 03:14:31 INFO  main org.springframework.security.web.DefaultSecurityFilterChain Creating filter chain: OrRequestMatcher [requestMatchers=[Ant [pattern='/**']]], [org.springframework.security.web.context.request.async.WebAsyncManagerIntegrationFilter@305289b3, org.springframework.security.web.context.SecurityContextPersistenceFilter@1325f967, org.springframework.security.web.header.HeaderWriterFilter@9cb927e, org.springframework.security.web.authentication.logout.LogoutFilter@504c415c, org.springframework.security.oauth2.provider.authentication.OAuth2AuthenticationProcessingFilter@44a13699, org.springframework.security.web.savedrequest.RequestCacheAwareFilter@4f356b98, org.springframework.security.web.servletapi.SecurityContextHolderAwareRequestFilter@1ab85862, org.springframework.security.web.authentication.AnonymousAuthenticationFilter@3ee68377, org.springframework.security.web.session.SessionManagementFilter@8585cdd, org.springframework.security.web.access.ExceptionTranslationFilter@2b6ee447, org.springframework.security.web.access.intercept.FilterSecurityInterceptor@5807ea46]
2020-09-07 03:14:31 INFO  main com.netflix.config.sources.URLConfigurationSource To enable URLs as dynamic configuration sources, define System property archaius.configurationSource.additionalUrls or make config.properties available on classpath.
2020-09-07 03:14:31 INFO  main org.springframework.scheduling.concurrent.ThreadPoolTaskExecutor Initializing ExecutorService 'applicationTaskExecutor'
2020-09-07 03:14:31 INFO  main org.springframework.scheduling.concurrent.ThreadPoolTaskScheduler Initializing ExecutorService
2020-09-07 03:14:32 INFO  main org.springframework.boot.actuate.endpoint.web.EndpointLinksResolver Exposing 21 endpoint(s) beneath base path '/actuator'
2020-09-07 03:14:32 INFO  main org.springframework.cloud.netflix.eureka.InstanceInfoFactory Setting initial instance status as: STARTING
2020-09-07 03:14:32 INFO  main com.netflix.discovery.DiscoveryClient Initializing Eureka in region us-east-1
2020-09-07 03:14:32 INFO  main com.netflix.discovery.provider.DiscoveryJerseyProvider Using JSON encoding codec LegacyJacksonJson
2020-09-07 03:14:32 INFO  main com.netflix.discovery.provider.DiscoveryJerseyProvider Using JSON decoding codec LegacyJacksonJson
2020-09-07 03:14:32 INFO  main com.netflix.discovery.provider.DiscoveryJerseyProvider Using XML encoding codec XStreamXml
2020-09-07 03:14:32 INFO  main com.netflix.discovery.provider.DiscoveryJerseyProvider Using XML decoding codec XStreamXml
2020-09-07 03:14:32 INFO  main com.netflix.discovery.shared.resolver.aws.ConfigClusterResolver Resolving eureka endpoints via configuration
2020-09-07 03:14:32 INFO  main com.netflix.discovery.DiscoveryClient Disable delta property : false
2020-09-07 03:14:32 INFO  main com.netflix.discovery.DiscoveryClient Single vip registry refresh property : null
2020-09-07 03:14:32 INFO  main com.netflix.discovery.DiscoveryClient Force full registry fetch : false
2020-09-07 03:14:32 INFO  main com.netflix.discovery.DiscoveryClient Application is null : false
2020-09-07 03:14:32 INFO  main com.netflix.discovery.DiscoveryClient Registered Applications size is zero : true
2020-09-07 03:14:32 INFO  main com.netflix.discovery.DiscoveryClient Application version is -1: true
2020-09-07 03:14:32 INFO  main com.netflix.discovery.DiscoveryClient Getting all instance registry info from the eureka server
2020-09-07 03:14:33 INFO  main com.netflix.discovery.DiscoveryClient The response status is 200
2020-09-07 03:14:33 INFO  main com.netflix.discovery.DiscoveryClient Starting heartbeat executor: renew interval is: 20
2020-09-07 03:14:33 INFO  main com.netflix.discovery.InstanceInfoReplicator InstanceInfoReplicator onDemand update allowed rate per min is 4
2020-09-07 03:14:33 INFO  main com.netflix.discovery.DiscoveryClient Discovery Client initialized at timestamp 1599419673025 with initial instances count: 0
2020-09-07 03:14:33 INFO  main org.springframework.cloud.netflix.eureka.serviceregistry.EurekaServiceRegistry Registering application GDMS-AUTH with eureka with status UP
2020-09-07 03:14:33 INFO  main com.netflix.discovery.DiscoveryClient Saw local status change event StatusChangeEvent [timestamp=1599419673029, current=UP, previous=STARTING]
2020-09-07 03:14:33 INFO  DiscoveryClient-InstanceInfoReplicator-0 com.netflix.discovery.DiscoveryClient DiscoveryClient_GDMS-AUTH/192.168.78.47:GDMS-Auth:8101: registering service...
2020-09-07 03:14:33 INFO  main org.apache.coyote.http11.Http11NioProtocol Starting ProtocolHandler ["http-nio-8101"]
2020-09-07 03:14:33 INFO  main org.springframework.boot.web.embedded.tomcat.TomcatWebServer Tomcat started on port(s): 8101 (http) with context path ''
2020-09-07 03:14:33 INFO  main org.springframework.cloud.netflix.eureka.serviceregistry.EurekaAutoServiceRegistration Updating port to 8101
2020-09-07 03:14:33 INFO  main org.graduationdesign.gdmsauth.GdmsAuthApplication Started GdmsAuthApplication in 9.467 seconds (JVM running for 10.183)
2020-09-07 03:14:33 INFO  DiscoveryClient-InstanceInfoReplicator-0 com.netflix.discovery.DiscoveryClient DiscoveryClient_GDMS-AUTH/192.168.78.47:GDMS-Auth:8101 - registration status: 204
2020-09-07 03:14:33 INFO  RMI TCP Connection(2)-192.168.78.47 org.apache.catalina.core.ContainerBase.[Tomcat].[localhost].[/] Initializing Spring DispatcherServlet 'dispatcherServlet'
2020-09-07 03:14:33 INFO  RMI TCP Connection(2)-192.168.78.47 org.springframework.web.servlet.DispatcherServlet Initializing Servlet 'dispatcherServlet'
2020-09-07 03:14:33 INFO  RMI TCP Connection(2)-192.168.78.47 org.springframework.web.servlet.DispatcherServlet Completed initialization in 9 ms
2020-09-07 03:15:03 INFO  DiscoveryClient-CacheRefreshExecutor-0 com.netflix.discovery.DiscoveryClient Disable delta property : false
2020-09-07 03:15:03 INFO  DiscoveryClient-CacheRefreshExecutor-0 com.netflix.discovery.DiscoveryClient Single vip registry refresh property : null
2020-09-07 03:15:03 INFO  DiscoveryClient-CacheRefreshExecutor-0 com.netflix.discovery.DiscoveryClient Force full registry fetch : false
2020-09-07 03:15:03 INFO  DiscoveryClient-CacheRefreshExecutor-0 com.netflix.discovery.DiscoveryClient Application is null : false
2020-09-07 03:15:03 INFO  DiscoveryClient-CacheRefreshExecutor-0 com.netflix.discovery.DiscoveryClient Registered Applications size is zero : true
2020-09-07 03:15:03 INFO  DiscoveryClient-CacheRefreshExecutor-0 com.netflix.discovery.DiscoveryClient Application version is -1: false
2020-09-07 03:15:03 INFO  DiscoveryClient-CacheRefreshExecutor-0 com.netflix.discovery.DiscoveryClient Getting all instance registry info from the eureka server
2020-09-07 03:15:03 INFO  DiscoveryClient-CacheRefreshExecutor-0 com.netflix.discovery.DiscoveryClient The response status is 200
2020-09-07 03:19:32 INFO  AsyncResolver-bootstrap-executor-0 com.netflix.discovery.shared.resolver.aws.ConfigClusterResolver Resolving eureka endpoints via configuration
2020-09-07 03:24:32 INFO  AsyncResolver-bootstrap-executor-0 com.netflix.discovery.shared.resolver.aws.ConfigClusterResolver Resolving eureka endpoints via configuration
2020-09-07 03:29:32 INFO  AsyncResolver-bootstrap-executor-0 com.netflix.discovery.shared.resolver.aws.ConfigClusterResolver Resolving eureka endpoints via configuration
2020-09-07 03:34:32 INFO  AsyncResolver-bootstrap-executor-0 com.netflix.discovery.shared.resolver.aws.ConfigClusterResolver Resolving eureka endpoints via configuration
2020-09-07 03:39:32 INFO  AsyncResolver-bootstrap-executor-0 com.netflix.discovery.shared.resolver.aws.ConfigClusterResolver Resolving eureka endpoints via configuration
2020-09-07 03:44:32 INFO  AsyncResolver-bootstrap-executor-0 com.netflix.discovery.shared.resolver.aws.ConfigClusterResolver Resolving eureka endpoints via configuration
2020-09-07 03:49:32 INFO  AsyncResolver-bootstrap-executor-0 com.netflix.discovery.shared.resolver.aws.ConfigClusterResolver Resolving eureka endpoints via configuration
2020-09-07 03:50:32 INFO  http-nio-8101-exec-2 org.hibernate.hql.internal.QueryTranslatorFactoryInitiator HHH000397: Using ASTQueryTranslatorFactory
2020-09-07 03:54:32 INFO  AsyncResolver-bootstrap-executor-0 com.netflix.discovery.shared.resolver.aws.ConfigClusterResolver Resolving eureka endpoints via configuration
2020-09-07 03:59:32 INFO  AsyncResolver-bootstrap-executor-0 com.netflix.discovery.shared.resolver.aws.ConfigClusterResolver Resolving eureka endpoints via configuration
2020-09-07 04:04:32 INFO  AsyncResolver-bootstrap-executor-0 com.netflix.discovery.shared.resolver.aws.ConfigClusterResolver Resolving eureka endpoints via configuration
2020-09-07 04:09:32 INFO  AsyncResolver-bootstrap-executor-0 com.netflix.discovery.shared.resolver.aws.ConfigClusterResolver Resolving eureka endpoints via configuration
2020-09-07 04:14:32 INFO  AsyncResolver-bootstrap-executor-0 com.netflix.discovery.shared.resolver.aws.ConfigClusterResolver Resolving eureka endpoints via configuration
2020-09-07 04:19:32 INFO  AsyncResolver-bootstrap-executor-0 com.netflix.discovery.shared.resolver.aws.ConfigClusterResolver Resolving eureka endpoints via configuration
2020-09-07 04:22:29 INFO  Thread-24 org.springframework.cloud.netflix.eureka.serviceregistry.EurekaServiceRegistry Unregistering application GDMS-AUTH with eureka with status DOWN
2020-09-07 04:22:29 INFO  DiscoveryClient-InstanceInfoReplicator-0 com.netflix.discovery.DiscoveryClient DiscoveryClient_GDMS-AUTH/192.168.78.47:GDMS-Auth:8101: registering service...
2020-09-07 04:22:29 INFO  DiscoveryClient-InstanceInfoReplicator-0 com.netflix.discovery.DiscoveryClient DiscoveryClient_GDMS-AUTH/192.168.78.47:GDMS-Auth:8101 - registration status: 204
2020-09-07 04:22:29 INFO  Thread-24 org.springframework.scheduling.concurrent.ThreadPoolTaskScheduler Shutting down ExecutorService
2020-09-07 04:22:29 INFO  Thread-24 org.springframework.scheduling.concurrent.ThreadPoolTaskExecutor Shutting down ExecutorService 'applicationTaskExecutor'
2020-09-07 04:22:29 INFO  Thread-24 org.springframework.orm.jpa.LocalContainerEntityManagerFactoryBean Closing JPA EntityManagerFactory for persistence unit 'default'
2020-09-07 04:22:29 INFO  Thread-24 com.netflix.discovery.DiscoveryClient Shutting down DiscoveryClient ...
2020-09-07 04:22:32 INFO  Thread-24 com.netflix.discovery.DiscoveryClient Unregistering ...
2020-09-07 04:22:32 INFO  Thread-24 com.netflix.discovery.DiscoveryClient DiscoveryClient_GDMS-AUTH/192.168.78.47:GDMS-Auth:8101 - deregister  status: 200
2020-09-07 04:22:32 INFO  Thread-24 com.netflix.discovery.DiscoveryClient Completed shut down of DiscoveryClient
2020-09-07 04:22:32 INFO  Thread-24 com.zaxxer.hikari.HikariDataSource HikariPool-1 - Shutdown initiated...
2020-09-07 04:22:32 INFO  Thread-24 com.zaxxer.hikari.HikariDataSource HikariPool-1 - Shutdown completed.
2020-09-07 04:22:39 INFO  main org.springframework.context.support.PostProcessorRegistrationDelegate$BeanPostProcessorChecker Bean 'org.springframework.cloud.autoconfigure.ConfigurationPropertiesRebinderAutoConfiguration' of type [org.springframework.cloud.autoconfigure.ConfigurationPropertiesRebinderAutoConfiguration$$EnhancerBySpringCGLIB$$b8cd12ee] is not eligible for getting processed by all BeanPostProcessors (for example: not eligible for auto-proxying)
2020-09-07 04:22:39 INFO  main org.graduationdesign.gdmsauth.GdmsAuthApplication No active profile set, falling back to default profiles: default
2020-09-07 04:22:41 INFO  main org.springframework.data.repository.config.RepositoryConfigurationDelegate Multiple Spring Data modules found, entering strict repository configuration mode!
2020-09-07 04:22:41 INFO  main org.springframework.data.repository.config.RepositoryConfigurationDelegate Bootstrapping Spring Data repositories in DEFAULT mode.
2020-09-07 04:22:41 INFO  main org.springframework.data.repository.config.RepositoryConfigurationDelegate Finished Spring Data repository scanning in 158ms. Found 1 repository interfaces.
2020-09-07 04:22:41 INFO  main org.springframework.data.repository.config.RepositoryConfigurationDelegate Multiple Spring Data modules found, entering strict repository configuration mode!
2020-09-07 04:22:41 INFO  main org.springframework.data.repository.config.RepositoryConfigurationDelegate Bootstrapping Spring Data repositories in DEFAULT mode.
2020-09-07 04:22:41 INFO  main org.springframework.data.repository.config.RepositoryConfigurationDelegate Finished Spring Data repository scanning in 17ms. Found 1 repository interfaces.
2020-09-07 04:22:41 INFO  main org.springframework.cloud.context.scope.GenericScope BeanFactory id=ac8d423c-7aaa-37d2-bd76-77aa0cefb656
2020-09-07 04:22:41 INFO  main org.springframework.context.support.PostProcessorRegistrationDelegate$BeanPostProcessorChecker Bean 'org.springframework.transaction.annotation.ProxyTransactionManagementConfiguration' of type [org.springframework.transaction.annotation.ProxyTransactionManagementConfiguration$$EnhancerBySpringCGLIB$$9cb30ff1] is not eligible for getting processed by all BeanPostProcessors (for example: not eligible for auto-proxying)
2020-09-07 04:22:41 INFO  main org.springframework.context.support.PostProcessorRegistrationDelegate$BeanPostProcessorChecker Bean 'org.springframework.cloud.autoconfigure.ConfigurationPropertiesRebinderAutoConfiguration' of type [org.springframework.cloud.autoconfigure.ConfigurationPropertiesRebinderAutoConfiguration$$EnhancerBySpringCGLIB$$b8cd12ee] is not eligible for getting processed by all BeanPostProcessors (for example: not eligible for auto-proxying)
2020-09-07 04:22:42 INFO  main org.springframework.boot.web.embedded.tomcat.TomcatWebServer Tomcat initialized with port(s): 8101 (http)
2020-09-07 04:22:42 INFO  main org.apache.coyote.http11.Http11NioProtocol Initializing ProtocolHandler ["http-nio-8101"]
2020-09-07 04:22:42 INFO  main org.apache.catalina.core.StandardService Starting service [Tomcat]
2020-09-07 04:22:42 INFO  main org.apache.catalina.core.StandardEngine Starting Servlet engine: [Apache Tomcat/9.0.21]
2020-09-07 04:22:42 INFO  main org.apache.catalina.core.ContainerBase.[Tomcat].[localhost].[/] Initializing Spring embedded WebApplicationContext
2020-09-07 04:22:42 INFO  main org.springframework.web.context.ContextLoader Root WebApplicationContext: initialization completed in 2250 ms
2020-09-07 04:22:42 INFO  main com.netflix.config.sources.URLConfigurationSource To enable URLs as dynamic configuration sources, define System property archaius.configurationSource.additionalUrls or make config.properties available on classpath.
2020-09-07 04:22:42 INFO  main com.netflix.config.DynamicPropertyFactory DynamicPropertyFactory is initialized with configuration sources: com.netflix.config.ConcurrentCompositeConfiguration@d919544
2020-09-07 04:22:42 INFO  main org.springframework.boot.actuate.endpoint.web.ServletEndpointRegistrar Registered '/actuator/jolokia' to jolokia-actuator-endpoint
2020-09-07 04:22:42 INFO  main com.zaxxer.hikari.HikariDataSource HikariPool-1 - Starting...
2020-09-07 04:22:43 INFO  main com.zaxxer.hikari.HikariDataSource HikariPool-1 - Start completed.
2020-09-07 04:22:43 INFO  main org.hibernate.jpa.internal.util.LogHelper HHH000204: Processing PersistenceUnitInfo [
	name: default
	...]
2020-09-07 04:22:43 INFO  main org.hibernate.Version HHH000412: Hibernate Core {5.3.10.Final}
2020-09-07 04:22:43 INFO  main org.hibernate.cfg.Environment HHH000206: hibernate.properties not found
2020-09-07 04:22:43 INFO  main org.hibernate.annotations.common.Version HCANN000001: Hibernate Commons Annotations {5.0.4.Final}
2020-09-07 04:22:43 INFO  main org.hibernate.dialect.Dialect HHH000400: Using dialect: org.hibernate.dialect.MySQL5Dialect
2020-09-07 04:22:44 INFO  main org.springframework.orm.jpa.LocalContainerEntityManagerFactoryBean Initialized JPA EntityManagerFactory for persistence unit 'default'
2020-09-07 04:22:45 INFO  main org.springframework.security.web.DefaultSecurityFilterChain Creating filter chain: OrRequestMatcher [requestMatchers=[Ant [pattern='/oauth/token'], Ant [pattern='/oauth/token_key'], Ant [pattern='/oauth/check_token']]], [org.springframework.security.web.context.request.async.WebAsyncManagerIntegrationFilter@147375b3, org.springframework.security.web.context.SecurityContextPersistenceFilter@42b500aa, org.springframework.security.web.header.HeaderWriterFilter@5d6d424d, org.springframework.security.web.authentication.logout.LogoutFilter@7d70ba18, org.springframework.security.web.authentication.www.BasicAuthenticationFilter@59b1edab, org.springframework.security.web.savedrequest.RequestCacheAwareFilter@64f6dd19, org.springframework.security.web.servletapi.SecurityContextHolderAwareRequestFilter@582c1f8d, org.springframework.security.web.authentication.AnonymousAuthenticationFilter@6f430ea8, org.springframework.security.web.session.SessionManagementFilter@51cd2d2, org.springframework.security.web.access.ExceptionTranslationFilter@1c9975a8, org.springframework.security.web.access.intercept.FilterSecurityInterceptor@30a791a6]
2020-09-07 04:22:45 INFO  main org.springframework.security.web.DefaultSecurityFilterChain Creating filter chain: OrRequestMatcher [requestMatchers=[Ant [pattern='/oauth/**']]], [org.springframework.security.web.context.request.async.WebAsyncManagerIntegrationFilter@58e5fbe5, org.springframework.security.web.context.SecurityContextPersistenceFilter@667dd150, org.springframework.security.web.header.HeaderWriterFilter@7131d668, org.springframework.security.web.authentication.logout.LogoutFilter@78e97d4d, org.springframework.security.web.savedrequest.RequestCacheAwareFilter@af04f09, org.springframework.security.web.servletapi.SecurityContextHolderAwareRequestFilter@758d4aa9, org.springframework.security.web.authentication.AnonymousAuthenticationFilter@335896bd, org.springframework.security.web.session.SessionManagementFilter@46a97805, org.springframework.security.web.access.ExceptionTranslationFilter@3abadb65, org.springframework.security.web.access.intercept.FilterSecurityInterceptor@1293f8d7]
2020-09-07 04:22:45 INFO  main org.springframework.security.web.DefaultSecurityFilterChain Creating filter chain: OrRequestMatcher [requestMatchers=[Ant [pattern='/**']]], [org.springframework.security.web.context.request.async.WebAsyncManagerIntegrationFilter@33e4068, org.springframework.security.web.context.SecurityContextPersistenceFilter@6c9e74f3, org.springframework.security.web.header.HeaderWriterFilter@1ab85862, org.springframework.security.web.authentication.logout.LogoutFilter@62c47480, org.springframework.security.oauth2.provider.authentication.OAuth2AuthenticationProcessingFilter@4e14d520, org.springframework.security.web.savedrequest.RequestCacheAwareFilter@813ab53, org.springframework.security.web.servletapi.SecurityContextHolderAwareRequestFilter@5030997b, org.springframework.security.web.authentication.AnonymousAuthenticationFilter@9499643, org.springframework.security.web.session.SessionManagementFilter@504c415c, org.springframework.security.web.access.ExceptionTranslationFilter@4f356b98, org.springframework.security.web.access.intercept.FilterSecurityInterceptor@27055a2a]
2020-09-07 04:22:45 INFO  main com.netflix.config.sources.URLConfigurationSource To enable URLs as dynamic configuration sources, define System property archaius.configurationSource.additionalUrls or make config.properties available on classpath.
2020-09-07 04:22:45 INFO  main org.springframework.scheduling.concurrent.ThreadPoolTaskExecutor Initializing ExecutorService 'applicationTaskExecutor'
2020-09-07 04:22:45 INFO  main org.springframework.scheduling.concurrent.ThreadPoolTaskScheduler Initializing ExecutorService
2020-09-07 04:22:45 INFO  main org.springframework.boot.actuate.endpoint.web.EndpointLinksResolver Exposing 21 endpoint(s) beneath base path '/actuator'
2020-09-07 04:22:46 INFO  main org.springframework.cloud.netflix.eureka.InstanceInfoFactory Setting initial instance status as: STARTING
2020-09-07 04:22:46 INFO  main com.netflix.discovery.DiscoveryClient Initializing Eureka in region us-east-1
2020-09-07 04:22:46 INFO  main com.netflix.discovery.provider.DiscoveryJerseyProvider Using JSON encoding codec LegacyJacksonJson
2020-09-07 04:22:46 INFO  main com.netflix.discovery.provider.DiscoveryJerseyProvider Using JSON decoding codec LegacyJacksonJson
2020-09-07 04:22:46 INFO  main com.netflix.discovery.provider.DiscoveryJerseyProvider Using XML encoding codec XStreamXml
2020-09-07 04:22:46 INFO  main com.netflix.discovery.provider.DiscoveryJerseyProvider Using XML decoding codec XStreamXml
2020-09-07 04:22:46 INFO  main com.netflix.discovery.shared.resolver.aws.ConfigClusterResolver Resolving eureka endpoints via configuration
2020-09-07 04:22:46 INFO  main com.netflix.discovery.DiscoveryClient Disable delta property : false
2020-09-07 04:22:46 INFO  main com.netflix.discovery.DiscoveryClient Single vip registry refresh property : null
2020-09-07 04:22:46 INFO  main com.netflix.discovery.DiscoveryClient Force full registry fetch : false
2020-09-07 04:22:46 INFO  main com.netflix.discovery.DiscoveryClient Application is null : false
2020-09-07 04:22:46 INFO  main com.netflix.discovery.DiscoveryClient Registered Applications size is zero : true
2020-09-07 04:22:46 INFO  main com.netflix.discovery.DiscoveryClient Application version is -1: true
2020-09-07 04:22:46 INFO  main com.netflix.discovery.DiscoveryClient Getting all instance registry info from the eureka server
2020-09-07 04:22:46 INFO  main com.netflix.discovery.DiscoveryClient The response status is 200
2020-09-07 04:22:46 INFO  main com.netflix.discovery.DiscoveryClient Starting heartbeat executor: renew interval is: 20
2020-09-07 04:22:46 INFO  main com.netflix.discovery.InstanceInfoReplicator InstanceInfoReplicator onDemand update allowed rate per min is 4
2020-09-07 04:22:46 INFO  main com.netflix.discovery.DiscoveryClient Discovery Client initialized at timestamp 1599423766629 with initial instances count: 3
2020-09-07 04:22:46 INFO  main org.springframework.cloud.netflix.eureka.serviceregistry.EurekaServiceRegistry Registering application GDMS-AUTH with eureka with status UP
2020-09-07 04:22:46 INFO  main com.netflix.discovery.DiscoveryClient Saw local status change event StatusChangeEvent [timestamp=1599423766633, current=UP, previous=STARTING]
2020-09-07 04:22:46 INFO  DiscoveryClient-InstanceInfoReplicator-0 com.netflix.discovery.DiscoveryClient DiscoveryClient_GDMS-AUTH/192.168.78.47:GDMS-Auth:8101: registering service...
2020-09-07 04:22:46 INFO  main org.apache.coyote.http11.Http11NioProtocol Starting ProtocolHandler ["http-nio-8101"]
2020-09-07 04:22:46 INFO  DiscoveryClient-InstanceInfoReplicator-0 com.netflix.discovery.DiscoveryClient DiscoveryClient_GDMS-AUTH/192.168.78.47:GDMS-Auth:8101 - registration status: 204
2020-09-07 04:22:46 INFO  main org.springframework.boot.web.embedded.tomcat.TomcatWebServer Tomcat started on port(s): 8101 (http) with context path ''
2020-09-07 04:22:46 INFO  main org.springframework.cloud.netflix.eureka.serviceregistry.EurekaAutoServiceRegistration Updating port to 8101
2020-09-07 04:22:46 INFO  main org.graduationdesign.gdmsauth.GdmsAuthApplication Started GdmsAuthApplication in 7.745 seconds (JVM running for 8.417)
2020-09-07 04:22:47 INFO  RMI TCP Connection(2)-192.168.78.47 org.apache.catalina.core.ContainerBase.[Tomcat].[localhost].[/] Initializing Spring DispatcherServlet 'dispatcherServlet'
2020-09-07 04:22:47 INFO  RMI TCP Connection(2)-192.168.78.47 org.springframework.web.servlet.DispatcherServlet Initializing Servlet 'dispatcherServlet'
2020-09-07 04:22:47 INFO  RMI TCP Connection(2)-192.168.78.47 org.springframework.web.servlet.DispatcherServlet Completed initialization in 10 ms
2020-09-07 04:23:01 INFO  http-nio-8101-exec-1 org.hibernate.hql.internal.QueryTranslatorFactoryInitiator HHH000397: Using ASTQueryTranslatorFactory
2020-09-07 04:24:02 INFO  Thread-20 org.springframework.cloud.netflix.eureka.serviceregistry.EurekaServiceRegistry Unregistering application GDMS-AUTH with eureka with status DOWN
2020-09-07 04:24:02 INFO  DiscoveryClient-InstanceInfoReplicator-0 com.netflix.discovery.DiscoveryClient DiscoveryClient_GDMS-AUTH/192.168.78.47:GDMS-Auth:8101: registering service...
2020-09-07 04:24:02 INFO  DiscoveryClient-InstanceInfoReplicator-0 com.netflix.discovery.DiscoveryClient DiscoveryClient_GDMS-AUTH/192.168.78.47:GDMS-Auth:8101 - registration status: 204
2020-09-07 04:24:02 INFO  Thread-20 org.springframework.scheduling.concurrent.ThreadPoolTaskScheduler Shutting down ExecutorService
2020-09-07 04:24:02 INFO  Thread-20 org.springframework.scheduling.concurrent.ThreadPoolTaskExecutor Shutting down ExecutorService 'applicationTaskExecutor'
2020-09-07 04:24:02 INFO  Thread-20 org.springframework.orm.jpa.LocalContainerEntityManagerFactoryBean Closing JPA EntityManagerFactory for persistence unit 'default'
2020-09-07 04:24:02 INFO  Thread-20 com.netflix.discovery.DiscoveryClient Shutting down DiscoveryClient ...
2020-09-07 04:24:05 INFO  Thread-20 com.netflix.discovery.DiscoveryClient Unregistering ...
2020-09-07 04:24:05 INFO  Thread-20 com.netflix.discovery.DiscoveryClient DiscoveryClient_GDMS-AUTH/192.168.78.47:GDMS-Auth:8101 - deregister  status: 200
2020-09-07 04:24:05 INFO  Thread-20 com.netflix.discovery.DiscoveryClient Completed shut down of DiscoveryClient
2020-09-07 04:24:05 INFO  Thread-20 com.zaxxer.hikari.HikariDataSource HikariPool-1 - Shutdown initiated...
2020-09-07 04:24:05 INFO  Thread-20 com.zaxxer.hikari.HikariDataSource HikariPool-1 - Shutdown completed.
2020-09-07 04:24:12 INFO  main org.springframework.context.support.PostProcessorRegistrationDelegate$BeanPostProcessorChecker Bean 'org.springframework.cloud.autoconfigure.ConfigurationPropertiesRebinderAutoConfiguration' of type [org.springframework.cloud.autoconfigure.ConfigurationPropertiesRebinderAutoConfiguration$$EnhancerBySpringCGLIB$$5123a726] is not eligible for getting processed by all BeanPostProcessors (for example: not eligible for auto-proxying)
2020-09-07 04:24:12 INFO  main org.graduationdesign.gdmsauth.GdmsAuthApplication No active profile set, falling back to default profiles: default
2020-09-07 04:24:12 INFO  main org.springframework.data.repository.config.RepositoryConfigurationDelegate Multiple Spring Data modules found, entering strict repository configuration mode!
2020-09-07 04:24:12 INFO  main org.springframework.data.repository.config.RepositoryConfigurationDelegate Bootstrapping Spring Data repositories in DEFAULT mode.
2020-09-07 04:24:13 INFO  main org.springframework.data.repository.config.RepositoryConfigurationDelegate Finished Spring Data repository scanning in 62ms. Found 1 repository interfaces.
2020-09-07 04:24:13 INFO  main org.springframework.data.repository.config.RepositoryConfigurationDelegate Multiple Spring Data modules found, entering strict repository configuration mode!
2020-09-07 04:24:13 INFO  main org.springframework.data.repository.config.RepositoryConfigurationDelegate Bootstrapping Spring Data repositories in DEFAULT mode.
2020-09-07 04:24:13 INFO  main org.springframework.data.repository.config.RepositoryConfigurationDelegate Finished Spring Data repository scanning in 7ms. Found 1 repository interfaces.
2020-09-07 04:24:13 INFO  main org.springframework.cloud.context.scope.GenericScope BeanFactory id=ac8d423c-7aaa-37d2-bd76-77aa0cefb656
2020-09-07 04:24:13 INFO  main org.springframework.context.support.PostProcessorRegistrationDelegate$BeanPostProcessorChecker Bean 'org.springframework.transaction.annotation.ProxyTransactionManagementConfiguration' of type [org.springframework.transaction.annotation.ProxyTransactionManagementConfiguration$$EnhancerBySpringCGLIB$$3509a429] is not eligible for getting processed by all BeanPostProcessors (for example: not eligible for auto-proxying)
2020-09-07 04:24:13 INFO  main org.springframework.context.support.PostProcessorRegistrationDelegate$BeanPostProcessorChecker Bean 'org.springframework.cloud.autoconfigure.ConfigurationPropertiesRebinderAutoConfiguration' of type [org.springframework.cloud.autoconfigure.ConfigurationPropertiesRebinderAutoConfiguration$$EnhancerBySpringCGLIB$$5123a726] is not eligible for getting processed by all BeanPostProcessors (for example: not eligible for auto-proxying)
2020-09-07 04:24:13 INFO  main org.springframework.boot.web.embedded.tomcat.TomcatWebServer Tomcat initialized with port(s): 8101 (http)
2020-09-07 04:24:13 INFO  main org.apache.coyote.http11.Http11NioProtocol Initializing ProtocolHandler ["http-nio-8101"]
2020-09-07 04:24:13 INFO  main org.apache.catalina.core.StandardService Starting service [Tomcat]
2020-09-07 04:24:13 INFO  main org.apache.catalina.core.StandardEngine Starting Servlet engine: [Apache Tomcat/9.0.21]
2020-09-07 04:24:13 INFO  main org.apache.catalina.core.ContainerBase.[Tomcat].[localhost].[/] Initializing Spring embedded WebApplicationContext
2020-09-07 04:24:13 INFO  main org.springframework.web.context.ContextLoader Root WebApplicationContext: initialization completed in 1511 ms
2020-09-07 04:24:13 INFO  main com.netflix.config.sources.URLConfigurationSource To enable URLs as dynamic configuration sources, define System property archaius.configurationSource.additionalUrls or make config.properties available on classpath.
2020-09-07 04:24:13 INFO  main com.netflix.config.DynamicPropertyFactory DynamicPropertyFactory is initialized with configuration sources: com.netflix.config.ConcurrentCompositeConfiguration@f8a6243
2020-09-07 04:24:14 INFO  main org.springframework.boot.actuate.endpoint.web.ServletEndpointRegistrar Registered '/actuator/jolokia' to jolokia-actuator-endpoint
2020-09-07 04:24:14 INFO  main com.zaxxer.hikari.HikariDataSource HikariPool-1 - Starting...
2020-09-07 04:24:14 INFO  main com.zaxxer.hikari.HikariDataSource HikariPool-1 - Start completed.
2020-09-07 04:24:14 INFO  main org.hibernate.jpa.internal.util.LogHelper HHH000204: Processing PersistenceUnitInfo [
	name: default
	...]
2020-09-07 04:24:14 INFO  main org.hibernate.Version HHH000412: Hibernate Core {5.3.10.Final}
2020-09-07 04:24:14 INFO  main org.hibernate.cfg.Environment HHH000206: hibernate.properties not found
2020-09-07 04:24:14 INFO  main org.hibernate.annotations.common.Version HCANN000001: Hibernate Commons Annotations {5.0.4.Final}
2020-09-07 04:24:15 INFO  main org.hibernate.dialect.Dialect HHH000400: Using dialect: org.hibernate.dialect.MySQL5Dialect
2020-09-07 04:24:15 INFO  main org.springframework.orm.jpa.LocalContainerEntityManagerFactoryBean Initialized JPA EntityManagerFactory for persistence unit 'default'
2020-09-07 04:24:16 INFO  main org.springframework.security.web.DefaultSecurityFilterChain Creating filter chain: OrRequestMatcher [requestMatchers=[Ant [pattern='/oauth/token'], Ant [pattern='/oauth/token_key'], Ant [pattern='/oauth/check_token']]], [org.springframework.security.web.context.request.async.WebAsyncManagerIntegrationFilter@667dd150, org.springframework.security.web.context.SecurityContextPersistenceFilter@7305cfb1, org.springframework.security.web.header.HeaderWriterFilter@51cd2d2, org.springframework.security.web.authentication.logout.LogoutFilter@13ebccd, org.springframework.security.web.authentication.www.BasicAuthenticationFilter@69944a90, org.springframework.security.web.savedrequest.RequestCacheAwareFilter@71687d8f, org.springframework.security.web.servletapi.SecurityContextHolderAwareRequestFilter@20171cdc, org.springframework.security.web.authentication.AnonymousAuthenticationFilter@af04f09, org.springframework.security.web.session.SessionManagementFilter@418d1c03, org.springframework.security.web.access.ExceptionTranslationFilter@434a8938, org.springframework.security.web.access.intercept.FilterSecurityInterceptor@5fd4e67f]
2020-09-07 04:24:16 INFO  main org.springframework.security.web.DefaultSecurityFilterChain Creating filter chain: OrRequestMatcher [requestMatchers=[Ant [pattern='/oauth/**']]], [org.springframework.security.web.context.request.async.WebAsyncManagerIntegrationFilter@1325f967, org.springframework.security.web.context.SecurityContextPersistenceFilter@335896bd, org.springframework.security.web.header.HeaderWriterFilter@1293f8d7, org.springframework.security.web.authentication.logout.LogoutFilter@11a67420, org.springframework.security.web.savedrequest.RequestCacheAwareFilter@6b33892a, org.springframework.security.web.servletapi.SecurityContextHolderAwareRequestFilter@666b91db, org.springframework.security.web.authentication.AnonymousAuthenticationFilter@4f356b98, org.springframework.security.web.session.SessionManagementFilter@58e5fbe5, org.springframework.security.web.access.ExceptionTranslationFilter@54e18a46, org.springframework.security.web.access.intercept.FilterSecurityInterceptor@8585cdd]
2020-09-07 04:24:16 INFO  main org.springframework.security.web.DefaultSecurityFilterChain Creating filter chain: OrRequestMatcher [requestMatchers=[Ant [pattern='/**']]], [org.springframework.security.web.context.request.async.WebAsyncManagerIntegrationFilter@4c418496, org.springframework.security.web.context.SecurityContextPersistenceFilter@3c6b300a, org.springframework.security.web.header.HeaderWriterFilter@1554eaa4, org.springframework.security.web.authentication.logout.LogoutFilter@5bdb6ea8, org.springframework.security.oauth2.provider.authentication.OAuth2AuthenticationProcessingFilter@776d8097, org.springframework.security.web.savedrequest.RequestCacheAwareFilter@4247093b, org.springframework.security.web.servletapi.SecurityContextHolderAwareRequestFilter@7074da1d, org.springframework.security.web.authentication.AnonymousAuthenticationFilter@12d35bc9, org.springframework.security.web.session.SessionManagementFilter@b340615, org.springframework.security.web.access.ExceptionTranslationFilter@7db06c50, org.springframework.security.web.access.intercept.FilterSecurityInterceptor@3b77940f]
2020-09-07 04:24:16 INFO  main com.netflix.config.sources.URLConfigurationSource To enable URLs as dynamic configuration sources, define System property archaius.configurationSource.additionalUrls or make config.properties available on classpath.
2020-09-07 04:24:16 INFO  main org.springframework.scheduling.concurrent.ThreadPoolTaskExecutor Initializing ExecutorService 'applicationTaskExecutor'
2020-09-07 04:24:16 INFO  main org.springframework.scheduling.concurrent.ThreadPoolTaskScheduler Initializing ExecutorService
2020-09-07 04:24:16 INFO  main org.springframework.boot.actuate.endpoint.web.EndpointLinksResolver Exposing 21 endpoint(s) beneath base path '/actuator'
2020-09-07 04:24:17 INFO  main org.springframework.cloud.netflix.eureka.InstanceInfoFactory Setting initial instance status as: STARTING
2020-09-07 04:24:17 INFO  main com.netflix.discovery.DiscoveryClient Initializing Eureka in region us-east-1
2020-09-07 04:24:17 INFO  main com.netflix.discovery.provider.DiscoveryJerseyProvider Using JSON encoding codec LegacyJacksonJson
2020-09-07 04:24:17 INFO  main com.netflix.discovery.provider.DiscoveryJerseyProvider Using JSON decoding codec LegacyJacksonJson
2020-09-07 04:24:17 INFO  main com.netflix.discovery.provider.DiscoveryJerseyProvider Using XML encoding codec XStreamXml
2020-09-07 04:24:17 INFO  main com.netflix.discovery.provider.DiscoveryJerseyProvider Using XML decoding codec XStreamXml
2020-09-07 04:24:17 INFO  main com.netflix.discovery.shared.resolver.aws.ConfigClusterResolver Resolving eureka endpoints via configuration
2020-09-07 04:24:17 INFO  main com.netflix.discovery.DiscoveryClient Disable delta property : false
2020-09-07 04:24:17 INFO  main com.netflix.discovery.DiscoveryClient Single vip registry refresh property : null
2020-09-07 04:24:17 INFO  main com.netflix.discovery.DiscoveryClient Force full registry fetch : false
2020-09-07 04:24:17 INFO  main com.netflix.discovery.DiscoveryClient Application is null : false
2020-09-07 04:24:17 INFO  main com.netflix.discovery.DiscoveryClient Registered Applications size is zero : true
2020-09-07 04:24:17 INFO  main com.netflix.discovery.DiscoveryClient Application version is -1: true
2020-09-07 04:24:17 INFO  main com.netflix.discovery.DiscoveryClient Getting all instance registry info from the eureka server
2020-09-07 04:24:17 INFO  main com.netflix.discovery.DiscoveryClient The response status is 200
2020-09-07 04:24:17 INFO  main com.netflix.discovery.DiscoveryClient Starting heartbeat executor: renew interval is: 20
2020-09-07 04:24:17 INFO  main com.netflix.discovery.InstanceInfoReplicator InstanceInfoReplicator onDemand update allowed rate per min is 4
2020-09-07 04:24:17 INFO  main com.netflix.discovery.DiscoveryClient Discovery Client initialized at timestamp 1599423857728 with initial instances count: 3
2020-09-07 04:24:17 INFO  main org.springframework.cloud.netflix.eureka.serviceregistry.EurekaServiceRegistry Registering application GDMS-AUTH with eureka with status UP
2020-09-07 04:24:17 INFO  main com.netflix.discovery.DiscoveryClient Saw local status change event StatusChangeEvent [timestamp=1599423857732, current=UP, previous=STARTING]
2020-09-07 04:24:17 INFO  DiscoveryClient-InstanceInfoReplicator-0 com.netflix.discovery.DiscoveryClient DiscoveryClient_GDMS-AUTH/192.168.78.47:GDMS-Auth:8101: registering service...
2020-09-07 04:24:17 INFO  main org.apache.coyote.http11.Http11NioProtocol Starting ProtocolHandler ["http-nio-8101"]
2020-09-07 04:24:17 INFO  DiscoveryClient-InstanceInfoReplicator-0 com.netflix.discovery.DiscoveryClient DiscoveryClient_GDMS-AUTH/192.168.78.47:GDMS-Auth:8101 - registration status: 204
2020-09-07 04:24:17 INFO  main org.springframework.boot.web.embedded.tomcat.TomcatWebServer Tomcat started on port(s): 8101 (http) with context path ''
2020-09-07 04:24:17 INFO  main org.springframework.cloud.netflix.eureka.serviceregistry.EurekaAutoServiceRegistration Updating port to 8101
2020-09-07 04:24:17 INFO  main org.graduationdesign.gdmsauth.GdmsAuthApplication Started GdmsAuthApplication in 7.018 seconds (JVM running for 7.651)
2020-09-07 04:24:17 INFO  RMI TCP Connection(3)-192.168.78.47 org.apache.catalina.core.ContainerBase.[Tomcat].[localhost].[/] Initializing Spring DispatcherServlet 'dispatcherServlet'
2020-09-07 04:24:17 INFO  RMI TCP Connection(3)-192.168.78.47 org.springframework.web.servlet.DispatcherServlet Initializing Servlet 'dispatcherServlet'
2020-09-07 04:24:17 INFO  RMI TCP Connection(3)-192.168.78.47 org.springframework.web.servlet.DispatcherServlet Completed initialization in 13 ms
2020-09-07 04:29:17 INFO  AsyncResolver-bootstrap-executor-0 com.netflix.discovery.shared.resolver.aws.ConfigClusterResolver Resolving eureka endpoints via configuration
2020-09-07 04:31:33 INFO  http-nio-8101-exec-1 org.hibernate.hql.internal.QueryTranslatorFactoryInitiator HHH000397: Using ASTQueryTranslatorFactory
2020-09-07 04:34:17 INFO  AsyncResolver-bootstrap-executor-0 com.netflix.discovery.shared.resolver.aws.ConfigClusterResolver Resolving eureka endpoints via configuration
2020-09-07 04:35:33 INFO  Thread-19 org.springframework.cloud.netflix.eureka.serviceregistry.EurekaServiceRegistry Unregistering application GDMS-AUTH with eureka with status DOWN
2020-09-07 04:35:33 INFO  DiscoveryClient-InstanceInfoReplicator-0 com.netflix.discovery.DiscoveryClient DiscoveryClient_GDMS-AUTH/192.168.78.47:GDMS-Auth:8101: registering service...
2020-09-07 04:35:33 INFO  DiscoveryClient-InstanceInfoReplicator-0 com.netflix.discovery.DiscoveryClient DiscoveryClient_GDMS-AUTH/192.168.78.47:GDMS-Auth:8101 - registration status: 204
2020-09-07 04:35:33 INFO  Thread-19 org.springframework.scheduling.concurrent.ThreadPoolTaskScheduler Shutting down ExecutorService
2020-09-07 04:35:33 INFO  Thread-19 org.springframework.scheduling.concurrent.ThreadPoolTaskExecutor Shutting down ExecutorService 'applicationTaskExecutor'
2020-09-07 04:35:33 INFO  Thread-19 org.springframework.orm.jpa.LocalContainerEntityManagerFactoryBean Closing JPA EntityManagerFactory for persistence unit 'default'
2020-09-07 04:35:33 INFO  Thread-19 com.netflix.discovery.DiscoveryClient Shutting down DiscoveryClient ...
2020-09-07 04:35:36 INFO  Thread-19 com.netflix.discovery.DiscoveryClient Unregistering ...
2020-09-07 04:35:36 INFO  Thread-19 com.netflix.discovery.DiscoveryClient Completed shut down of DiscoveryClient
2020-09-07 04:35:36 INFO  Thread-19 com.zaxxer.hikari.HikariDataSource HikariPool-1 - Shutdown initiated...
2020-09-07 04:35:36 INFO  Thread-19 com.zaxxer.hikari.HikariDataSource HikariPool-1 - Shutdown completed.
2020-09-07 04:36:37 INFO  main org.springframework.context.support.PostProcessorRegistrationDelegate$BeanPostProcessorChecker Bean 'org.springframework.cloud.autoconfigure.ConfigurationPropertiesRebinderAutoConfiguration' of type [org.springframework.cloud.autoconfigure.ConfigurationPropertiesRebinderAutoConfiguration$$EnhancerBySpringCGLIB$$87091638] is not eligible for getting processed by all BeanPostProcessors (for example: not eligible for auto-proxying)
2020-09-07 04:36:38 INFO  main org.graduationdesign.gdmsauth.GdmsAuthApplication No active profile set, falling back to default profiles: default
2020-09-07 04:36:38 INFO  main org.springframework.data.repository.config.RepositoryConfigurationDelegate Multiple Spring Data modules found, entering strict repository configuration mode!
2020-09-07 04:36:38 INFO  main org.springframework.data.repository.config.RepositoryConfigurationDelegate Bootstrapping Spring Data repositories in DEFAULT mode.
2020-09-07 04:36:39 INFO  main org.springframework.data.repository.config.RepositoryConfigurationDelegate Finished Spring Data repository scanning in 91ms. Found 1 repository interfaces.
2020-09-07 04:36:39 INFO  main org.springframework.data.repository.config.RepositoryConfigurationDelegate Multiple Spring Data modules found, entering strict repository configuration mode!
2020-09-07 04:36:39 INFO  main org.springframework.data.repository.config.RepositoryConfigurationDelegate Bootstrapping Spring Data repositories in DEFAULT mode.
2020-09-07 04:36:39 INFO  main org.springframework.data.repository.config.RepositoryConfigurationDelegate Finished Spring Data repository scanning in 8ms. Found 1 repository interfaces.
2020-09-07 04:36:39 INFO  main org.springframework.cloud.context.scope.GenericScope BeanFactory id=ac8d423c-7aaa-37d2-bd76-77aa0cefb656
2020-09-07 04:36:39 INFO  main org.springframework.context.support.PostProcessorRegistrationDelegate$BeanPostProcessorChecker Bean 'org.springframework.transaction.annotation.ProxyTransactionManagementConfiguration' of type [org.springframework.transaction.annotation.ProxyTransactionManagementConfiguration$$EnhancerBySpringCGLIB$$6aef133b] is not eligible for getting processed by all BeanPostProcessors (for example: not eligible for auto-proxying)
2020-09-07 04:36:39 INFO  main org.springframework.context.support.PostProcessorRegistrationDelegate$BeanPostProcessorChecker Bean 'org.springframework.cloud.autoconfigure.ConfigurationPropertiesRebinderAutoConfiguration' of type [org.springframework.cloud.autoconfigure.ConfigurationPropertiesRebinderAutoConfiguration$$EnhancerBySpringCGLIB$$87091638] is not eligible for getting processed by all BeanPostProcessors (for example: not eligible for auto-proxying)
2020-09-07 04:36:39 INFO  main org.springframework.boot.web.embedded.tomcat.TomcatWebServer Tomcat initialized with port(s): 8101 (http)
2020-09-07 04:36:39 INFO  main org.apache.coyote.http11.Http11NioProtocol Initializing ProtocolHandler ["http-nio-8101"]
2020-09-07 04:36:39 INFO  main org.apache.catalina.core.StandardService Starting service [Tomcat]
2020-09-07 04:36:39 INFO  main org.apache.catalina.core.StandardEngine Starting Servlet engine: [Apache Tomcat/9.0.21]
2020-09-07 04:36:39 INFO  main org.apache.catalina.core.ContainerBase.[Tomcat].[localhost].[/] Initializing Spring embedded WebApplicationContext
2020-09-07 04:36:39 INFO  main org.springframework.web.context.ContextLoader Root WebApplicationContext: initialization completed in 1747 ms
2020-09-07 04:36:40 INFO  main com.netflix.config.sources.URLConfigurationSource To enable URLs as dynamic configuration sources, define System property archaius.configurationSource.additionalUrls or make config.properties available on classpath.
2020-09-07 04:36:40 INFO  main com.netflix.config.DynamicPropertyFactory DynamicPropertyFactory is initialized with configuration sources: com.netflix.config.ConcurrentCompositeConfiguration@ed2f2f6
2020-09-07 04:36:40 INFO  main org.springframework.boot.actuate.endpoint.web.ServletEndpointRegistrar Registered '/actuator/jolokia' to jolokia-actuator-endpoint
2020-09-07 04:36:40 INFO  main com.zaxxer.hikari.HikariDataSource HikariPool-1 - Starting...
2020-09-07 04:36:41 INFO  main com.zaxxer.hikari.HikariDataSource HikariPool-1 - Start completed.
2020-09-07 04:36:41 INFO  main org.hibernate.jpa.internal.util.LogHelper HHH000204: Processing PersistenceUnitInfo [
	name: default
	...]
2020-09-07 04:36:41 INFO  main org.hibernate.Version HHH000412: Hibernate Core {5.3.10.Final}
2020-09-07 04:36:41 INFO  main org.hibernate.cfg.Environment HHH000206: hibernate.properties not found
2020-09-07 04:36:41 INFO  main org.hibernate.annotations.common.Version HCANN000001: Hibernate Commons Annotations {5.0.4.Final}
2020-09-07 04:36:41 INFO  main org.hibernate.dialect.Dialect HHH000400: Using dialect: org.hibernate.dialect.MySQL5Dialect
2020-09-07 04:36:42 INFO  main org.springframework.orm.jpa.LocalContainerEntityManagerFactoryBean Initialized JPA EntityManagerFactory for persistence unit 'default'
2020-09-07 04:36:43 INFO  main org.springframework.security.web.DefaultSecurityFilterChain Creating filter chain: OrRequestMatcher [requestMatchers=[Ant [pattern='/oauth/token'], Ant [pattern='/oauth/token_key'], Ant [pattern='/oauth/check_token']]], [org.springframework.security.web.context.request.async.WebAsyncManagerIntegrationFilter@119f072c, org.springframework.security.web.context.SecurityContextPersistenceFilter@64f6dd19, org.springframework.security.web.header.HeaderWriterFilter@6e78177b, org.springframework.security.web.authentication.logout.LogoutFilter@726ef6aa, org.springframework.security.web.authentication.www.BasicAuthenticationFilter@5305f936, org.springframework.security.web.savedrequest.RequestCacheAwareFilter@5151accb, org.springframework.security.web.servletapi.SecurityContextHolderAwareRequestFilter@443253a6, org.springframework.security.web.authentication.AnonymousAuthenticationFilter@66456506, org.springframework.security.web.session.SessionManagementFilter@42b500aa, org.springframework.security.web.access.ExceptionTranslationFilter@5d6d424d, org.springframework.security.web.access.intercept.FilterSecurityInterceptor@5981f2c6]
2020-09-07 04:36:43 INFO  main org.springframework.security.web.DefaultSecurityFilterChain Creating filter chain: OrRequestMatcher [requestMatchers=[Ant [pattern='/oauth/**']]], [org.springframework.security.web.context.request.async.WebAsyncManagerIntegrationFilter@6b33892a, org.springframework.security.web.context.SecurityContextPersistenceFilter@758d4aa9, org.springframework.security.web.header.HeaderWriterFilter@667dd150, org.springframework.security.web.authentication.logout.LogoutFilter@7816454d, org.springframework.security.web.savedrequest.RequestCacheAwareFilter@78e97d4d, org.springframework.security.web.servletapi.SecurityContextHolderAwareRequestFilter@7096d451, org.springframework.security.web.authentication.AnonymousAuthenticationFilter@666b91db, org.springframework.security.web.session.SessionManagementFilter@af04f09, org.springframework.security.web.access.ExceptionTranslationFilter@46a97805, org.springframework.security.web.access.intercept.FilterSecurityInterceptor@335896bd]
2020-09-07 04:36:43 INFO  main org.springframework.security.web.DefaultSecurityFilterChain Creating filter chain: OrRequestMatcher [requestMatchers=[Ant [pattern='/**']]], [org.springframework.security.web.context.request.async.WebAsyncManagerIntegrationFilter@776d8097, org.springframework.security.web.context.SecurityContextPersistenceFilter@5030997b, org.springframework.security.web.header.HeaderWriterFilter@6c9e74f3, org.springframework.security.web.authentication.logout.LogoutFilter@683ed81b, org.springframework.security.oauth2.provider.authentication.OAuth2AuthenticationProcessingFilter@3a589eed, org.springframework.security.web.savedrequest.RequestCacheAwareFilter@62c47480, org.springframework.security.web.servletapi.SecurityContextHolderAwareRequestFilter@7de2bdc7, org.springframework.security.web.authentication.AnonymousAuthenticationFilter@7a34505a, org.springframework.security.web.session.SessionManagementFilter@813ab53, org.springframework.security.web.access.ExceptionTranslationFilter@504c415c, org.springframework.security.web.access.intercept.FilterSecurityInterceptor@9499643]
2020-09-07 04:36:43 INFO  main com.netflix.config.sources.URLConfigurationSource To enable URLs as dynamic configuration sources, define System property archaius.configurationSource.additionalUrls or make config.properties available on classpath.
2020-09-07 04:36:44 INFO  main org.springframework.scheduling.concurrent.ThreadPoolTaskExecutor Initializing ExecutorService 'applicationTaskExecutor'
2020-09-07 04:36:44 INFO  main org.springframework.scheduling.concurrent.ThreadPoolTaskScheduler Initializing ExecutorService
2020-09-07 04:36:44 INFO  main org.springframework.boot.actuate.endpoint.web.EndpointLinksResolver Exposing 21 endpoint(s) beneath base path '/actuator'
2020-09-07 04:36:44 INFO  main org.springframework.cloud.netflix.eureka.InstanceInfoFactory Setting initial instance status as: STARTING
2020-09-07 04:36:44 INFO  main com.netflix.discovery.DiscoveryClient Initializing Eureka in region us-east-1
2020-09-07 04:36:44 INFO  main com.netflix.discovery.provider.DiscoveryJerseyProvider Using JSON encoding codec LegacyJacksonJson
2020-09-07 04:36:44 INFO  main com.netflix.discovery.provider.DiscoveryJerseyProvider Using JSON decoding codec LegacyJacksonJson
2020-09-07 04:36:44 INFO  main com.netflix.discovery.provider.DiscoveryJerseyProvider Using XML encoding codec XStreamXml
2020-09-07 04:36:44 INFO  main com.netflix.discovery.provider.DiscoveryJerseyProvider Using XML decoding codec XStreamXml
2020-09-07 04:36:45 INFO  main com.netflix.discovery.shared.resolver.aws.ConfigClusterResolver Resolving eureka endpoints via configuration
2020-09-07 04:36:45 INFO  main com.netflix.discovery.DiscoveryClient Disable delta property : false
2020-09-07 04:36:45 INFO  main com.netflix.discovery.DiscoveryClient Single vip registry refresh property : null
2020-09-07 04:36:45 INFO  main com.netflix.discovery.DiscoveryClient Force full registry fetch : false
2020-09-07 04:36:45 INFO  main com.netflix.discovery.DiscoveryClient Application is null : false
2020-09-07 04:36:45 INFO  main com.netflix.discovery.DiscoveryClient Registered Applications size is zero : true
2020-09-07 04:36:45 INFO  main com.netflix.discovery.DiscoveryClient Application version is -1: true
2020-09-07 04:36:45 INFO  main com.netflix.discovery.DiscoveryClient Getting all instance registry info from the eureka server
2020-09-07 04:36:45 INFO  main com.netflix.discovery.DiscoveryClient The response status is 200
2020-09-07 04:36:45 INFO  main com.netflix.discovery.DiscoveryClient Starting heartbeat executor: renew interval is: 20
2020-09-07 04:36:45 INFO  main com.netflix.discovery.InstanceInfoReplicator InstanceInfoReplicator onDemand update allowed rate per min is 4
2020-09-07 04:36:45 INFO  main com.netflix.discovery.DiscoveryClient Discovery Client initialized at timestamp 1599424605255 with initial instances count: 0
2020-09-07 04:36:45 INFO  main org.springframework.cloud.netflix.eureka.serviceregistry.EurekaServiceRegistry Registering application GDMS-AUTH with eureka with status UP
2020-09-07 04:36:45 INFO  main com.netflix.discovery.DiscoveryClient Saw local status change event StatusChangeEvent [timestamp=1599424605261, current=UP, previous=STARTING]
2020-09-07 04:36:45 INFO  DiscoveryClient-InstanceInfoReplicator-0 com.netflix.discovery.DiscoveryClient DiscoveryClient_GDMS-AUTH/192.168.78.47:GDMS-Auth:8101: registering service...
2020-09-07 04:36:45 INFO  main org.apache.coyote.http11.Http11NioProtocol Starting ProtocolHandler ["http-nio-8101"]
2020-09-07 04:36:45 INFO  main org.springframework.boot.web.embedded.tomcat.TomcatWebServer Tomcat started on port(s): 8101 (http) with context path ''
2020-09-07 04:36:45 INFO  main org.springframework.cloud.netflix.eureka.serviceregistry.EurekaAutoServiceRegistration Updating port to 8101
2020-09-07 04:36:45 INFO  main org.graduationdesign.gdmsauth.GdmsAuthApplication Started GdmsAuthApplication in 8.398 seconds (JVM running for 9.019)
2020-09-07 04:36:45 INFO  DiscoveryClient-InstanceInfoReplicator-0 com.netflix.discovery.DiscoveryClient DiscoveryClient_GDMS-AUTH/192.168.78.47:GDMS-Auth:8101 - registration status: 204
2020-09-07 04:36:45 INFO  RMI TCP Connection(3)-192.168.78.47 org.apache.catalina.core.ContainerBase.[Tomcat].[localhost].[/] Initializing Spring DispatcherServlet 'dispatcherServlet'
2020-09-07 04:36:45 INFO  RMI TCP Connection(3)-192.168.78.47 org.springframework.web.servlet.DispatcherServlet Initializing Servlet 'dispatcherServlet'
2020-09-07 04:36:45 INFO  RMI TCP Connection(3)-192.168.78.47 org.springframework.web.servlet.DispatcherServlet Completed initialization in 9 ms
2020-09-07 04:37:15 INFO  DiscoveryClient-CacheRefreshExecutor-0 com.netflix.discovery.DiscoveryClient Disable delta property : false
2020-09-07 04:37:15 INFO  DiscoveryClient-CacheRefreshExecutor-0 com.netflix.discovery.DiscoveryClient Single vip registry refresh property : null
2020-09-07 04:37:15 INFO  DiscoveryClient-CacheRefreshExecutor-0 com.netflix.discovery.DiscoveryClient Force full registry fetch : false
2020-09-07 04:37:15 INFO  DiscoveryClient-CacheRefreshExecutor-0 com.netflix.discovery.DiscoveryClient Application is null : false
2020-09-07 04:37:15 INFO  DiscoveryClient-CacheRefreshExecutor-0 com.netflix.discovery.DiscoveryClient Registered Applications size is zero : true
2020-09-07 04:37:15 INFO  DiscoveryClient-CacheRefreshExecutor-0 com.netflix.discovery.DiscoveryClient Application version is -1: false
2020-09-07 04:37:15 INFO  DiscoveryClient-CacheRefreshExecutor-0 com.netflix.discovery.DiscoveryClient Getting all instance registry info from the eureka server
2020-09-07 04:37:15 INFO  DiscoveryClient-CacheRefreshExecutor-0 com.netflix.discovery.DiscoveryClient The response status is 200
2020-09-07 04:38:55 INFO  http-nio-8101-exec-1 org.hibernate.hql.internal.QueryTranslatorFactoryInitiator HHH000397: Using ASTQueryTranslatorFactory
2020-09-07 04:41:45 INFO  AsyncResolver-bootstrap-executor-0 com.netflix.discovery.shared.resolver.aws.ConfigClusterResolver Resolving eureka endpoints via configuration
2020-09-07 04:46:45 INFO  AsyncResolver-bootstrap-executor-0 com.netflix.discovery.shared.resolver.aws.ConfigClusterResolver Resolving eureka endpoints via configuration
2020-09-07 04:49:24 INFO  Thread-22 org.springframework.cloud.netflix.eureka.serviceregistry.EurekaServiceRegistry Unregistering application GDMS-AUTH with eureka with status DOWN
2020-09-07 04:49:24 INFO  DiscoveryClient-InstanceInfoReplicator-0 com.netflix.discovery.DiscoveryClient DiscoveryClient_GDMS-AUTH/192.168.78.47:GDMS-Auth:8101: registering service...
2020-09-07 04:49:24 INFO  DiscoveryClient-InstanceInfoReplicator-0 com.netflix.discovery.DiscoveryClient DiscoveryClient_GDMS-AUTH/192.168.78.47:GDMS-Auth:8101 - registration status: 204
2020-09-07 04:49:24 INFO  Thread-22 org.springframework.scheduling.concurrent.ThreadPoolTaskScheduler Shutting down ExecutorService
2020-09-07 04:49:24 INFO  Thread-22 org.springframework.scheduling.concurrent.ThreadPoolTaskExecutor Shutting down ExecutorService 'applicationTaskExecutor'
2020-09-07 04:49:24 INFO  Thread-22 org.springframework.orm.jpa.LocalContainerEntityManagerFactoryBean Closing JPA EntityManagerFactory for persistence unit 'default'
2020-09-07 04:49:24 INFO  Thread-22 com.netflix.discovery.DiscoveryClient Shutting down DiscoveryClient ...
2020-09-07 04:49:27 INFO  Thread-22 com.netflix.discovery.DiscoveryClient Unregistering ...
2020-09-07 04:49:28 INFO  Thread-22 com.netflix.discovery.DiscoveryClient Completed shut down of DiscoveryClient
2020-09-07 04:49:28 INFO  Thread-22 com.zaxxer.hikari.HikariDataSource HikariPool-1 - Shutdown initiated...
2020-09-07 04:49:28 INFO  Thread-22 com.zaxxer.hikari.HikariDataSource HikariPool-1 - Shutdown completed.
2020-09-07 04:58:04 INFO  main org.springframework.context.support.PostProcessorRegistrationDelegate$BeanPostProcessorChecker Bean 'org.springframework.cloud.autoconfigure.ConfigurationPropertiesRebinderAutoConfiguration' of type [org.springframework.cloud.autoconfigure.ConfigurationPropertiesRebinderAutoConfiguration$$EnhancerBySpringCGLIB$$c9eedcec] is not eligible for getting processed by all BeanPostProcessors (for example: not eligible for auto-proxying)
2020-09-07 04:58:05 INFO  main org.graduationdesign.gdmsauth.GdmsAuthApplication No active profile set, falling back to default profiles: default
2020-09-07 04:58:06 INFO  main org.springframework.data.repository.config.RepositoryConfigurationDelegate Multiple Spring Data modules found, entering strict repository configuration mode!
2020-09-07 04:58:06 INFO  main org.springframework.data.repository.config.RepositoryConfigurationDelegate Bootstrapping Spring Data repositories in DEFAULT mode.
2020-09-07 04:58:06 INFO  main org.springframework.data.repository.config.RepositoryConfigurationDelegate Finished Spring Data repository scanning in 85ms. Found 1 repository interfaces.
2020-09-07 04:58:06 INFO  main org.springframework.data.repository.config.RepositoryConfigurationDelegate Multiple Spring Data modules found, entering strict repository configuration mode!
2020-09-07 04:58:06 INFO  main org.springframework.data.repository.config.RepositoryConfigurationDelegate Bootstrapping Spring Data repositories in DEFAULT mode.
2020-09-07 04:58:06 INFO  main org.springframework.data.repository.config.RepositoryConfigurationDelegate Finished Spring Data repository scanning in 10ms. Found 1 repository interfaces.
2020-09-07 04:58:06 INFO  main org.springframework.cloud.context.scope.GenericScope BeanFactory id=ac8d423c-7aaa-37d2-bd76-77aa0cefb656
2020-09-07 04:58:06 INFO  main org.springframework.context.support.PostProcessorRegistrationDelegate$BeanPostProcessorChecker Bean 'org.springframework.transaction.annotation.ProxyTransactionManagementConfiguration' of type [org.springframework.transaction.annotation.ProxyTransactionManagementConfiguration$$EnhancerBySpringCGLIB$$add4d9ef] is not eligible for getting processed by all BeanPostProcessors (for example: not eligible for auto-proxying)
2020-09-07 04:58:06 INFO  main org.springframework.context.support.PostProcessorRegistrationDelegate$BeanPostProcessorChecker Bean 'org.springframework.cloud.autoconfigure.ConfigurationPropertiesRebinderAutoConfiguration' of type [org.springframework.cloud.autoconfigure.ConfigurationPropertiesRebinderAutoConfiguration$$EnhancerBySpringCGLIB$$c9eedcec] is not eligible for getting processed by all BeanPostProcessors (for example: not eligible for auto-proxying)
2020-09-07 04:58:06 INFO  main org.springframework.boot.web.embedded.tomcat.TomcatWebServer Tomcat initialized with port(s): 8101 (http)
2020-09-07 04:58:06 INFO  main org.apache.coyote.http11.Http11NioProtocol Initializing ProtocolHandler ["http-nio-8101"]
2020-09-07 04:58:06 INFO  main org.apache.catalina.core.StandardService Starting service [Tomcat]
2020-09-07 04:58:06 INFO  main org.apache.catalina.core.StandardEngine Starting Servlet engine: [Apache Tomcat/9.0.21]
2020-09-07 04:58:07 INFO  main org.apache.catalina.core.ContainerBase.[Tomcat].[localhost].[/] Initializing Spring embedded WebApplicationContext
2020-09-07 04:58:07 INFO  main org.springframework.web.context.ContextLoader Root WebApplicationContext: initialization completed in 2010 ms
2020-09-07 04:58:07 INFO  main com.netflix.config.sources.URLConfigurationSource To enable URLs as dynamic configuration sources, define System property archaius.configurationSource.additionalUrls or make config.properties available on classpath.
2020-09-07 04:58:07 INFO  main com.netflix.config.DynamicPropertyFactory DynamicPropertyFactory is initialized with configuration sources: com.netflix.config.ConcurrentCompositeConfiguration@168b4cb0
2020-09-07 04:58:07 INFO  main org.springframework.boot.actuate.endpoint.web.ServletEndpointRegistrar Registered '/actuator/jolokia' to jolokia-actuator-endpoint
2020-09-07 04:58:07 INFO  main com.zaxxer.hikari.HikariDataSource HikariPool-1 - Starting...
2020-09-07 04:58:08 INFO  main com.zaxxer.hikari.HikariDataSource HikariPool-1 - Start completed.
2020-09-07 04:58:08 INFO  main org.hibernate.jpa.internal.util.LogHelper HHH000204: Processing PersistenceUnitInfo [
	name: default
	...]
2020-09-07 04:58:08 INFO  main org.hibernate.Version HHH000412: Hibernate Core {5.3.10.Final}
2020-09-07 04:58:08 INFO  main org.hibernate.cfg.Environment HHH000206: hibernate.properties not found
2020-09-07 04:58:08 INFO  main org.hibernate.annotations.common.Version HCANN000001: Hibernate Commons Annotations {5.0.4.Final}
2020-09-07 04:58:09 INFO  main org.hibernate.dialect.Dialect HHH000400: Using dialect: org.hibernate.dialect.MySQL5Dialect
2020-09-07 04:58:10 INFO  main org.springframework.orm.jpa.LocalContainerEntityManagerFactoryBean Initialized JPA EntityManagerFactory for persistence unit 'default'
2020-09-07 04:58:11 INFO  main org.springframework.security.web.DefaultSecurityFilterChain Creating filter chain: OrRequestMatcher [requestMatchers=[Ant [pattern='/oauth/token'], Ant [pattern='/oauth/token_key'], Ant [pattern='/oauth/check_token']]], [org.springframework.security.web.context.request.async.WebAsyncManagerIntegrationFilter@67d180e4, org.springframework.security.web.context.SecurityContextPersistenceFilter@134955bb, org.springframework.security.web.header.HeaderWriterFilter@5151accb, org.springframework.security.web.authentication.logout.LogoutFilter@5a537a16, org.springframework.security.web.authentication.www.BasicAuthenticationFilter@667dd150, org.springframework.security.web.savedrequest.RequestCacheAwareFilter@6723e6b3, org.springframework.security.web.servletapi.SecurityContextHolderAwareRequestFilter@195cbf5e, org.springframework.security.web.authentication.AnonymousAuthenticationFilter@54e18a46, org.springframework.security.web.session.SessionManagementFilter@191774d6, org.springframework.security.web.access.ExceptionTranslationFilter@64f6dd19, org.springframework.security.web.access.intercept.FilterSecurityInterceptor@6843fdc4]
2020-09-07 04:58:11 INFO  main org.springframework.security.web.DefaultSecurityFilterChain Creating filter chain: OrRequestMatcher [requestMatchers=[Ant [pattern='/oauth/**']]], [org.springframework.security.web.context.request.async.WebAsyncManagerIntegrationFilter@5030997b, org.springframework.security.web.context.SecurityContextPersistenceFilter@2b6ee447, org.springframework.security.web.header.HeaderWriterFilter@663cf5d7, org.springframework.security.web.authentication.logout.LogoutFilter@1325f967, org.springframework.security.web.savedrequest.RequestCacheAwareFilter@9cb927e, org.springframework.security.web.servletapi.SecurityContextHolderAwareRequestFilter@8585cdd, org.springframework.security.web.authentication.AnonymousAuthenticationFilter@62c47480, org.springframework.security.web.session.SessionManagementFilter@11b14ae3, org.springframework.security.web.access.ExceptionTranslationFilter@11a67420, org.springframework.security.web.access.intercept.FilterSecurityInterceptor@813ab53]
2020-09-07 04:58:11 INFO  main org.springframework.security.web.DefaultSecurityFilterChain Creating filter chain: OrRequestMatcher [requestMatchers=[Ant [pattern='/**']]], [org.springframework.security.web.context.request.async.WebAsyncManagerIntegrationFilter@5614ae05, org.springframework.security.web.context.SecurityContextPersistenceFilter@1253b822, org.springframework.security.web.header.HeaderWriterFilter@3e55eeb9, org.springframework.security.web.authentication.logout.LogoutFilter@4e14d520, org.springframework.security.oauth2.provider.authentication.OAuth2AuthenticationProcessingFilter@45f95ac0, org.springframework.security.web.savedrequest.RequestCacheAwareFilter@127d2aee, org.springframework.security.web.servletapi.SecurityContextHolderAwareRequestFilter@3cc2e3e, org.springframework.security.web.authentication.AnonymousAuthenticationFilter@54970127, org.springframework.security.web.session.SessionManagementFilter@44a13699, org.springframework.security.web.access.ExceptionTranslationFilter@5bdb6ea8, org.springframework.security.web.access.intercept.FilterSecurityInterceptor@52035328]
2020-09-07 04:58:11 INFO  main com.netflix.config.sources.URLConfigurationSource To enable URLs as dynamic configuration sources, define System property archaius.configurationSource.additionalUrls or make config.properties available on classpath.
2020-09-07 04:58:11 INFO  main org.springframework.scheduling.concurrent.ThreadPoolTaskExecutor Initializing ExecutorService 'applicationTaskExecutor'
2020-09-07 04:58:11 INFO  main org.springframework.scheduling.concurrent.ThreadPoolTaskScheduler Initializing ExecutorService
2020-09-07 04:58:12 INFO  main org.springframework.boot.actuate.endpoint.web.EndpointLinksResolver Exposing 21 endpoint(s) beneath base path '/actuator'
2020-09-07 04:58:12 INFO  main org.springframework.cloud.netflix.eureka.InstanceInfoFactory Setting initial instance status as: STARTING
2020-09-07 04:58:12 INFO  main com.netflix.discovery.DiscoveryClient Initializing Eureka in region us-east-1
2020-09-07 04:58:12 INFO  main com.netflix.discovery.provider.DiscoveryJerseyProvider Using JSON encoding codec LegacyJacksonJson
2020-09-07 04:58:12 INFO  main com.netflix.discovery.provider.DiscoveryJerseyProvider Using JSON decoding codec LegacyJacksonJson
2020-09-07 04:58:12 INFO  main com.netflix.discovery.provider.DiscoveryJerseyProvider Using XML encoding codec XStreamXml
2020-09-07 04:58:12 INFO  main com.netflix.discovery.provider.DiscoveryJerseyProvider Using XML decoding codec XStreamXml
2020-09-07 04:58:13 INFO  main com.netflix.discovery.shared.resolver.aws.ConfigClusterResolver Resolving eureka endpoints via configuration
2020-09-07 04:58:13 INFO  main com.netflix.discovery.DiscoveryClient Disable delta property : false
2020-09-07 04:58:13 INFO  main com.netflix.discovery.DiscoveryClient Single vip registry refresh property : null
2020-09-07 04:58:13 INFO  main com.netflix.discovery.DiscoveryClient Force full registry fetch : false
2020-09-07 04:58:13 INFO  main com.netflix.discovery.DiscoveryClient Application is null : false
2020-09-07 04:58:13 INFO  main com.netflix.discovery.DiscoveryClient Registered Applications size is zero : true
2020-09-07 04:58:13 INFO  main com.netflix.discovery.DiscoveryClient Application version is -1: true
2020-09-07 04:58:13 INFO  main com.netflix.discovery.DiscoveryClient Getting all instance registry info from the eureka server
2020-09-07 04:58:13 INFO  main com.netflix.discovery.DiscoveryClient The response status is 200
2020-09-07 04:58:13 INFO  main com.netflix.discovery.DiscoveryClient Starting heartbeat executor: renew interval is: 20
2020-09-07 04:58:13 INFO  main com.netflix.discovery.InstanceInfoReplicator InstanceInfoReplicator onDemand update allowed rate per min is 4
2020-09-07 04:58:13 INFO  main com.netflix.discovery.DiscoveryClient Discovery Client initialized at timestamp 1599425893577 with initial instances count: 0
2020-09-07 04:58:13 INFO  main org.springframework.cloud.netflix.eureka.serviceregistry.EurekaServiceRegistry Registering application GDMS-AUTH with eureka with status UP
2020-09-07 04:58:13 INFO  main com.netflix.discovery.DiscoveryClient Saw local status change event StatusChangeEvent [timestamp=1599425893581, current=UP, previous=STARTING]
2020-09-07 04:58:13 INFO  DiscoveryClient-InstanceInfoReplicator-0 com.netflix.discovery.DiscoveryClient DiscoveryClient_GDMS-AUTH/192.168.78.47:GDMS-Auth:8101: registering service...
2020-09-07 04:58:13 INFO  main org.apache.coyote.http11.Http11NioProtocol Starting ProtocolHandler ["http-nio-8101"]
2020-09-07 04:58:13 INFO  main org.springframework.boot.web.embedded.tomcat.TomcatWebServer Tomcat started on port(s): 8101 (http) with context path ''
2020-09-07 04:58:13 INFO  main org.springframework.cloud.netflix.eureka.serviceregistry.EurekaAutoServiceRegistration Updating port to 8101
2020-09-07 04:58:13 INFO  main org.graduationdesign.gdmsauth.GdmsAuthApplication Started GdmsAuthApplication in 10.069 seconds (JVM running for 10.849)
2020-09-07 04:58:13 INFO  DiscoveryClient-InstanceInfoReplicator-0 com.netflix.discovery.DiscoveryClient DiscoveryClient_GDMS-AUTH/192.168.78.47:GDMS-Auth:8101 - registration status: 204
2020-09-07 04:58:14 INFO  RMI TCP Connection(2)-127.0.0.1 org.apache.catalina.core.ContainerBase.[Tomcat].[localhost].[/] Initializing Spring DispatcherServlet 'dispatcherServlet'
2020-09-07 04:58:14 INFO  RMI TCP Connection(2)-127.0.0.1 org.springframework.web.servlet.DispatcherServlet Initializing Servlet 'dispatcherServlet'
2020-09-07 04:58:14 INFO  RMI TCP Connection(2)-127.0.0.1 org.springframework.web.servlet.DispatcherServlet Completed initialization in 9 ms
2020-09-07 04:58:43 INFO  DiscoveryClient-CacheRefreshExecutor-0 com.netflix.discovery.DiscoveryClient Disable delta property : false
2020-09-07 04:58:43 INFO  DiscoveryClient-CacheRefreshExecutor-0 com.netflix.discovery.DiscoveryClient Single vip registry refresh property : null
2020-09-07 04:58:43 INFO  DiscoveryClient-CacheRefreshExecutor-0 com.netflix.discovery.DiscoveryClient Force full registry fetch : false
2020-09-07 04:58:43 INFO  DiscoveryClient-CacheRefreshExecutor-0 com.netflix.discovery.DiscoveryClient Application is null : false
2020-09-07 04:58:43 INFO  DiscoveryClient-CacheRefreshExecutor-0 com.netflix.discovery.DiscoveryClient Registered Applications size is zero : true
2020-09-07 04:58:43 INFO  DiscoveryClient-CacheRefreshExecutor-0 com.netflix.discovery.DiscoveryClient Application version is -1: false
2020-09-07 04:58:43 INFO  DiscoveryClient-CacheRefreshExecutor-0 com.netflix.discovery.DiscoveryClient Getting all instance registry info from the eureka server
2020-09-07 04:58:43 INFO  DiscoveryClient-CacheRefreshExecutor-0 com.netflix.discovery.DiscoveryClient The response status is 200
2020-09-07 05:03:13 INFO  AsyncResolver-bootstrap-executor-0 com.netflix.discovery.shared.resolver.aws.ConfigClusterResolver Resolving eureka endpoints via configuration
2020-09-07 05:08:13 INFO  AsyncResolver-bootstrap-executor-0 com.netflix.discovery.shared.resolver.aws.ConfigClusterResolver Resolving eureka endpoints via configuration
2020-09-07 05:08:18 INFO  http-nio-8101-exec-1 org.hibernate.hql.internal.QueryTranslatorFactoryInitiator HHH000397: Using ASTQueryTranslatorFactory
2020-09-07 05:13:13 INFO  AsyncResolver-bootstrap-executor-0 com.netflix.discovery.shared.resolver.aws.ConfigClusterResolver Resolving eureka endpoints via configuration
2020-09-07 05:18:13 INFO  AsyncResolver-bootstrap-executor-0 com.netflix.discovery.shared.resolver.aws.ConfigClusterResolver Resolving eureka endpoints via configuration
2020-09-07 05:23:13 INFO  AsyncResolver-bootstrap-executor-0 com.netflix.discovery.shared.resolver.aws.ConfigClusterResolver Resolving eureka endpoints via configuration
2020-09-07 05:28:13 INFO  AsyncResolver-bootstrap-executor-0 com.netflix.discovery.shared.resolver.aws.ConfigClusterResolver Resolving eureka endpoints via configuration
2020-09-07 05:33:13 INFO  AsyncResolver-bootstrap-executor-0 com.netflix.discovery.shared.resolver.aws.ConfigClusterResolver Resolving eureka endpoints via configuration
2020-09-07 05:38:13 INFO  AsyncResolver-bootstrap-executor-0 com.netflix.discovery.shared.resolver.aws.ConfigClusterResolver Resolving eureka endpoints via configuration
2020-09-07 05:43:13 INFO  AsyncResolver-bootstrap-executor-0 com.netflix.discovery.shared.resolver.aws.ConfigClusterResolver Resolving eureka endpoints via configuration
2020-09-07 05:48:13 INFO  AsyncResolver-bootstrap-executor-0 com.netflix.discovery.shared.resolver.aws.ConfigClusterResolver Resolving eureka endpoints via configuration
2020-09-07 05:53:13 INFO  AsyncResolver-bootstrap-executor-0 com.netflix.discovery.shared.resolver.aws.ConfigClusterResolver Resolving eureka endpoints via configuration
2020-09-07 05:58:13 INFO  AsyncResolver-bootstrap-executor-0 com.netflix.discovery.shared.resolver.aws.ConfigClusterResolver Resolving eureka endpoints via configuration
2020-09-07 06:03:13 INFO  AsyncResolver-bootstrap-executor-0 com.netflix.discovery.shared.resolver.aws.ConfigClusterResolver Resolving eureka endpoints via configuration
2020-09-07 06:08:13 INFO  AsyncResolver-bootstrap-executor-0 com.netflix.discovery.shared.resolver.aws.ConfigClusterResolver Resolving eureka endpoints via configuration
2020-09-07 06:13:13 INFO  AsyncResolver-bootstrap-executor-0 com.netflix.discovery.shared.resolver.aws.ConfigClusterResolver Resolving eureka endpoints via configuration
2020-09-07 06:18:13 INFO  AsyncResolver-bootstrap-executor-0 com.netflix.discovery.shared.resolver.aws.ConfigClusterResolver Resolving eureka endpoints via configuration
