2020-09-07 03:14:07 INFO  main org.springframework.context.support.PostProcessorRegistrationDelegate$BeanPostProcessorChecker Bean 'org.springframework.cloud.autoconfigure.ConfigurationPropertiesRebinderAutoConfiguration' of type [org.springframework.cloud.autoconfigure.ConfigurationPropertiesRebinderAutoConfiguration$$EnhancerBySpringCGLIB$$c9eedcec] is not eligible for getting processed by all BeanPostProcessors (for example: not eligible for auto-proxying)
2020-09-07 03:14:08 INFO  main org.graduationdesign.gdmsregister.GdmsRegisterApplication No active profile set, falling back to default profiles: default
2020-09-07 03:14:09 INFO  main org.springframework.cloud.context.scope.GenericScope BeanFactory id=427fdd6f-ed38-34db-a985-a9c8a2068d2b
2020-09-07 03:14:09 INFO  main org.springframework.context.support.PostProcessorRegistrationDelegate$BeanPostProcessorChecker Bean 'org.springframework.cloud.autoconfigure.ConfigurationPropertiesRebinderAutoConfiguration' of type [org.springframework.cloud.autoconfigure.ConfigurationPropertiesRebinderAutoConfiguration$$EnhancerBySpringCGLIB$$c9eedcec] is not eligible for getting processed by all BeanPostProcessors (for example: not eligible for auto-proxying)
2020-09-07 03:14:09 INFO  main org.springframework.boot.web.embedded.tomcat.TomcatWebServer Tomcat initialized with port(s): 8001 (http)
2020-09-07 03:14:09 INFO  main org.apache.coyote.http11.Http11NioProtocol Initializing ProtocolHandler ["http-nio-8001"]
2020-09-07 03:14:09 INFO  main org.apache.catalina.core.StandardService Starting service [Tomcat]
2020-09-07 03:14:09 INFO  main org.apache.catalina.core.StandardEngine Starting Servlet engine: [Apache Tomcat/9.0.21]
2020-09-07 03:14:09 INFO  main org.apache.catalina.core.ContainerBase.[Tomcat].[localhost].[/register] Initializing Spring embedded WebApplicationContext
2020-09-07 03:14:09 INFO  main org.springframework.web.context.ContextLoader Root WebApplicationContext: initialization completed in 1706 ms
2020-09-07 03:14:10 INFO  main com.netflix.config.sources.URLConfigurationSource To enable URLs as dynamic configuration sources, define System property archaius.configurationSource.additionalUrls or make config.properties available on classpath.
2020-09-07 03:14:10 INFO  main com.netflix.config.DynamicPropertyFactory DynamicPropertyFactory is initialized with configuration sources: com.netflix.config.ConcurrentCompositeConfiguration@70730db
2020-09-07 03:14:10 INFO  main org.springframework.boot.actuate.endpoint.web.ServletEndpointRegistrar Registered '/actuator/jolokia' to jolokia-actuator-endpoint
2020-09-07 03:14:10 INFO  main com.sun.jersey.server.impl.application.WebApplicationImpl Initiating Jersey application, version 'Jersey: 1.19.1 03/11/2016 02:08 PM'
2020-09-07 03:14:10 INFO  main com.netflix.discovery.provider.DiscoveryJerseyProvider Using JSON encoding codec LegacyJacksonJson
2020-09-07 03:14:10 INFO  main com.netflix.discovery.provider.DiscoveryJerseyProvider Using JSON decoding codec LegacyJacksonJson
2020-09-07 03:14:10 INFO  main com.netflix.discovery.provider.DiscoveryJerseyProvider Using XML encoding codec XStreamXml
2020-09-07 03:14:10 INFO  main com.netflix.discovery.provider.DiscoveryJerseyProvider Using XML decoding codec XStreamXml
2020-09-07 03:14:11 INFO  main org.springframework.security.web.DefaultSecurityFilterChain Creating filter chain: any request, [org.springframework.security.web.context.request.async.WebAsyncManagerIntegrationFilter@781dac73, org.springframework.security.web.context.SecurityContextPersistenceFilter@4e4395c, org.springframework.security.web.header.HeaderWriterFilter@13e00016, org.springframework.security.web.csrf.CsrfFilter@6cdbe5ec, org.springframework.security.web.authentication.logout.LogoutFilter@350ff014, org.springframework.security.web.authentication.UsernamePasswordAuthenticationFilter@57c69937, org.springframework.security.web.authentication.ui.DefaultLoginPageGeneratingFilter@1491cd6c, org.springframework.security.web.authentication.ui.DefaultLogoutPageGeneratingFilter@3a4e524, org.springframework.security.web.authentication.www.BasicAuthenticationFilter@421ead7e, org.springframework.security.web.savedrequest.RequestCacheAwareFilter@7b5ac347, org.springframework.security.web.servletapi.SecurityContextHolderAwareRequestFilter@3f0ce0d1, org.springframework.security.web.authentication.AnonymousAuthenticationFilter@5e67a490, org.springframework.security.web.session.SessionManagementFilter@177ede17, org.springframework.security.web.access.ExceptionTranslationFilter@6d6039df, org.springframework.security.web.access.intercept.FilterSecurityInterceptor@685d7ba5]
2020-09-07 03:14:11 INFO  main com.netflix.config.sources.URLConfigurationSource To enable URLs as dynamic configuration sources, define System property archaius.configurationSource.additionalUrls or make config.properties available on classpath.
2020-09-07 03:14:11 INFO  main org.springframework.scheduling.concurrent.ThreadPoolTaskExecutor Initializing ExecutorService 'applicationTaskExecutor'
2020-09-07 03:14:12 INFO  main org.springframework.scheduling.concurrent.ThreadPoolTaskScheduler Initializing ExecutorService
2020-09-07 03:14:12 INFO  main org.springframework.boot.actuate.endpoint.web.EndpointLinksResolver Exposing 20 endpoint(s) beneath base path '/actuator'
2020-09-07 03:14:12 INFO  main org.springframework.cloud.netflix.eureka.InstanceInfoFactory Setting initial instance status as: STARTING
2020-09-07 03:14:12 INFO  main com.netflix.discovery.DiscoveryClient Initializing Eureka in region us-east-1
2020-09-07 03:14:12 INFO  main com.netflix.discovery.DiscoveryClient Client configured to neither register nor query for data.
2020-09-07 03:14:12 INFO  main com.netflix.discovery.DiscoveryClient Discovery Client initialized at timestamp 1599419652641 with initial instances count: 0
2020-09-07 03:14:12 INFO  main com.netflix.eureka.DefaultEurekaServerContext Initializing ...
2020-09-07 03:14:12 INFO  main com.netflix.eureka.registry.AbstractInstanceRegistry Finished initializing remote region registries. All known remote regions: []
2020-09-07 03:14:12 INFO  main com.netflix.eureka.DefaultEurekaServerContext Initialized
2020-09-07 03:14:12 INFO  main org.springframework.cloud.netflix.eureka.serviceregistry.EurekaServiceRegistry Registering application GDMS-REGISTER with eureka with status UP
2020-09-07 03:14:12 INFO  Thread-24 org.springframework.cloud.netflix.eureka.server.EurekaServerBootstrap Setting the eureka configuration..
2020-09-07 03:14:12 INFO  Thread-24 org.springframework.cloud.netflix.eureka.server.EurekaServerBootstrap Eureka data center value eureka.datacenter is not set, defaulting to default
2020-09-07 03:14:12 INFO  Thread-24 org.springframework.cloud.netflix.eureka.server.EurekaServerBootstrap Eureka environment value eureka.environment is not set, defaulting to test
2020-09-07 03:14:12 INFO  main org.apache.coyote.http11.Http11NioProtocol Starting ProtocolHandler ["http-nio-8001"]
2020-09-07 03:14:12 INFO  Thread-24 org.springframework.cloud.netflix.eureka.server.EurekaServerBootstrap isAws returned false
2020-09-07 03:14:12 INFO  Thread-24 org.springframework.cloud.netflix.eureka.server.EurekaServerBootstrap Initialized server context
2020-09-07 03:14:12 INFO  Thread-24 com.netflix.eureka.registry.PeerAwareInstanceRegistryImpl Got 1 instances from neighboring DS node
2020-09-07 03:14:12 INFO  Thread-24 com.netflix.eureka.registry.PeerAwareInstanceRegistryImpl Renew threshold is: 1
2020-09-07 03:14:12 INFO  Thread-24 com.netflix.eureka.registry.PeerAwareInstanceRegistryImpl Changing status to UP
2020-09-07 03:14:12 INFO  Thread-24 org.springframework.cloud.netflix.eureka.server.EurekaServerInitializerConfiguration Started Eureka Server
2020-09-07 03:14:12 INFO  main org.springframework.boot.web.embedded.tomcat.TomcatWebServer Tomcat started on port(s): 8001 (http) with context path '/register'
2020-09-07 03:14:12 INFO  main org.springframework.cloud.netflix.eureka.serviceregistry.EurekaAutoServiceRegistration Updating port to 8001
2020-09-07 03:14:12 INFO  main org.graduationdesign.gdmsregister.GdmsRegisterApplication Started GdmsRegisterApplication in 6.469 seconds (JVM running for 7.619)
2020-09-07 03:14:13 INFO  RMI TCP Connection(2)-192.168.78.47 org.apache.catalina.core.ContainerBase.[Tomcat].[localhost].[/register] Initializing Spring DispatcherServlet 'dispatcherServlet'
2020-09-07 03:14:13 INFO  RMI TCP Connection(2)-192.168.78.47 org.springframework.web.servlet.DispatcherServlet Initializing Servlet 'dispatcherServlet'
2020-09-07 03:14:13 INFO  RMI TCP Connection(2)-192.168.78.47 org.springframework.web.servlet.DispatcherServlet Completed initialization in 9 ms
2020-09-07 03:14:33 INFO  http-nio-8001-exec-2 com.netflix.eureka.registry.AbstractInstanceRegistry Registered instance GDMS-AUTH/192.168.78.47:GDMS-Auth:8101 with status UP (replication=false)
2020-09-07 03:14:58 INFO  http-nio-8001-exec-5 com.netflix.eureka.registry.AbstractInstanceRegistry Registered instance GDMS-GATEWAY/192.168.78.47:GDMS-Gateway:8301 with status UP (replication=false)
2020-09-07 03:15:12 INFO  Eureka-EvictionTimer com.netflix.eureka.registry.AbstractInstanceRegistry Running the evict task with compensationTime 0ms
2020-09-07 03:16:12 INFO  Eureka-EvictionTimer com.netflix.eureka.registry.AbstractInstanceRegistry Running the evict task with compensationTime 1ms
2020-09-07 03:17:12 INFO  Eureka-EvictionTimer com.netflix.eureka.registry.AbstractInstanceRegistry Running the evict task with compensationTime 1ms
2020-09-07 03:18:12 INFO  Eureka-EvictionTimer com.netflix.eureka.registry.AbstractInstanceRegistry Running the evict task with compensationTime 1ms
2020-09-07 03:19:12 INFO  Eureka-EvictionTimer com.netflix.eureka.registry.AbstractInstanceRegistry Running the evict task with compensationTime 3ms
2020-09-07 03:20:12 INFO  Eureka-EvictionTimer com.netflix.eureka.registry.AbstractInstanceRegistry Running the evict task with compensationTime 0ms
2020-09-07 03:21:12 INFO  Eureka-EvictionTimer com.netflix.eureka.registry.AbstractInstanceRegistry Running the evict task with compensationTime 1ms
2020-09-07 03:22:12 INFO  Eureka-EvictionTimer com.netflix.eureka.registry.AbstractInstanceRegistry Running the evict task with compensationTime 0ms
2020-09-07 03:23:12 INFO  Eureka-EvictionTimer com.netflix.eureka.registry.AbstractInstanceRegistry Running the evict task with compensationTime 3ms
2020-09-07 03:24:12 INFO  Eureka-EvictionTimer com.netflix.eureka.registry.AbstractInstanceRegistry Running the evict task with compensationTime 2ms
2020-09-07 03:25:12 INFO  Eureka-EvictionTimer com.netflix.eureka.registry.AbstractInstanceRegistry Running the evict task with compensationTime 0ms
2020-09-07 03:26:12 INFO  Eureka-EvictionTimer com.netflix.eureka.registry.AbstractInstanceRegistry Running the evict task with compensationTime 12ms
2020-09-07 03:27:12 INFO  Eureka-EvictionTimer com.netflix.eureka.registry.AbstractInstanceRegistry Running the evict task with compensationTime 0ms
2020-09-07 03:28:12 INFO  Eureka-EvictionTimer com.netflix.eureka.registry.AbstractInstanceRegistry Running the evict task with compensationTime 4ms
2020-09-07 03:29:12 INFO  Eureka-EvictionTimer com.netflix.eureka.registry.AbstractInstanceRegistry Running the evict task with compensationTime 5ms
2020-09-07 03:29:12 INFO  ReplicaAwareInstanceRegistry - RenewalThresholdUpdater com.netflix.eureka.registry.PeerAwareInstanceRegistryImpl Current renewal threshold is : 5
2020-09-07 03:30:12 INFO  Eureka-EvictionTimer com.netflix.eureka.registry.AbstractInstanceRegistry Running the evict task with compensationTime 0ms
2020-09-07 03:31:12 INFO  Eureka-EvictionTimer com.netflix.eureka.registry.AbstractInstanceRegistry Running the evict task with compensationTime 5ms
2020-09-07 03:32:12 INFO  Eureka-EvictionTimer com.netflix.eureka.registry.AbstractInstanceRegistry Running the evict task with compensationTime 2ms
2020-09-07 03:33:12 INFO  Eureka-EvictionTimer com.netflix.eureka.registry.AbstractInstanceRegistry Running the evict task with compensationTime 5ms
2020-09-07 03:34:12 INFO  Eureka-EvictionTimer com.netflix.eureka.registry.AbstractInstanceRegistry Running the evict task with compensationTime 1ms
2020-09-07 03:35:12 INFO  Eureka-EvictionTimer com.netflix.eureka.registry.AbstractInstanceRegistry Running the evict task with compensationTime 3ms
2020-09-07 03:36:12 INFO  Eureka-EvictionTimer com.netflix.eureka.registry.AbstractInstanceRegistry Running the evict task with compensationTime 5ms
2020-09-07 03:37:12 INFO  Eureka-EvictionTimer com.netflix.eureka.registry.AbstractInstanceRegistry Running the evict task with compensationTime 3ms
2020-09-07 03:38:12 INFO  Eureka-EvictionTimer com.netflix.eureka.registry.AbstractInstanceRegistry Running the evict task with compensationTime 0ms
2020-09-07 03:39:12 INFO  Eureka-EvictionTimer com.netflix.eureka.registry.AbstractInstanceRegistry Running the evict task with compensationTime 2ms
2020-09-07 03:40:12 INFO  Eureka-EvictionTimer com.netflix.eureka.registry.AbstractInstanceRegistry Running the evict task with compensationTime 2ms
2020-09-07 03:41:12 INFO  Eureka-EvictionTimer com.netflix.eureka.registry.AbstractInstanceRegistry Running the evict task with compensationTime 3ms
2020-09-07 03:42:12 INFO  Eureka-EvictionTimer com.netflix.eureka.registry.AbstractInstanceRegistry Running the evict task with compensationTime 1ms
2020-09-07 03:43:10 INFO  http-nio-8001-exec-6 com.netflix.eureka.registry.AbstractInstanceRegistry Registered instance GDMS-GATEWAY/192.168.78.47:GDMS-Gateway:8301 with status DOWN (replication=false)
2020-09-07 03:43:12 INFO  Eureka-EvictionTimer com.netflix.eureka.registry.AbstractInstanceRegistry Running the evict task with compensationTime 0ms
2020-09-07 03:43:14 INFO  http-nio-8001-exec-9 com.netflix.eureka.registry.AbstractInstanceRegistry Cancelled instance GDMS-GATEWAY/192.168.78.47:GDMS-Gateway:8301 (replication=false)
2020-09-07 03:43:25 INFO  http-nio-8001-exec-2 com.netflix.eureka.registry.AbstractInstanceRegistry Registered instance GDMS-GATEWAY/192.168.78.47:GDMS-Gateway:8301 with status UP (replication=false)
2020-09-07 03:44:06 INFO  http-nio-8001-exec-4 com.netflix.eureka.registry.AbstractInstanceRegistry Registered instance GDMS-SERVER-NOTICE/192.168.78.47:GDMS-Server-Notice:8202 with status UP (replication=false)
2020-09-07 03:44:12 INFO  ReplicaAwareInstanceRegistry - RenewalThresholdUpdater com.netflix.eureka.registry.PeerAwareInstanceRegistryImpl Current renewal threshold is : 6
2020-09-07 03:44:12 INFO  Eureka-EvictionTimer com.netflix.eureka.registry.AbstractInstanceRegistry Running the evict task with compensationTime 0ms
2020-09-07 03:45:12 INFO  Eureka-EvictionTimer com.netflix.eureka.registry.AbstractInstanceRegistry Running the evict task with compensationTime 2ms
2020-09-07 03:46:12 INFO  Eureka-EvictionTimer com.netflix.eureka.registry.AbstractInstanceRegistry Running the evict task with compensationTime 3ms
2020-09-07 03:47:12 INFO  Eureka-EvictionTimer com.netflix.eureka.registry.AbstractInstanceRegistry Running the evict task with compensationTime 3ms
2020-09-07 03:48:12 INFO  Eureka-EvictionTimer com.netflix.eureka.registry.AbstractInstanceRegistry Running the evict task with compensationTime 0ms
2020-09-07 03:49:12 INFO  Eureka-EvictionTimer com.netflix.eureka.registry.AbstractInstanceRegistry Running the evict task with compensationTime 3ms
2020-09-07 03:50:12 INFO  Eureka-EvictionTimer com.netflix.eureka.registry.AbstractInstanceRegistry Running the evict task with compensationTime 0ms
2020-09-07 03:51:12 INFO  Eureka-EvictionTimer com.netflix.eureka.registry.AbstractInstanceRegistry Running the evict task with compensationTime 1ms
2020-09-07 03:52:12 INFO  Eureka-EvictionTimer com.netflix.eureka.registry.AbstractInstanceRegistry Running the evict task with compensationTime 1ms
2020-09-07 03:53:12 INFO  Eureka-EvictionTimer com.netflix.eureka.registry.AbstractInstanceRegistry Running the evict task with compensationTime 0ms
2020-09-07 03:54:12 INFO  Eureka-EvictionTimer com.netflix.eureka.registry.AbstractInstanceRegistry Running the evict task with compensationTime 2ms
2020-09-07 03:55:12 INFO  Eureka-EvictionTimer com.netflix.eureka.registry.AbstractInstanceRegistry Running the evict task with compensationTime 1ms
2020-09-07 03:56:12 INFO  Eureka-EvictionTimer com.netflix.eureka.registry.AbstractInstanceRegistry Running the evict task with compensationTime 0ms
2020-09-07 03:57:12 INFO  Eureka-EvictionTimer com.netflix.eureka.registry.AbstractInstanceRegistry Running the evict task with compensationTime 0ms
2020-09-07 03:58:12 INFO  Eureka-EvictionTimer com.netflix.eureka.registry.AbstractInstanceRegistry Running the evict task with compensationTime 3ms
2020-09-07 03:59:12 INFO  ReplicaAwareInstanceRegistry - RenewalThresholdUpdater com.netflix.eureka.registry.PeerAwareInstanceRegistryImpl Current renewal threshold is : 6
2020-09-07 03:59:12 INFO  Eureka-EvictionTimer com.netflix.eureka.registry.AbstractInstanceRegistry Running the evict task with compensationTime 5ms
2020-09-07 04:00:12 INFO  Eureka-EvictionTimer com.netflix.eureka.registry.AbstractInstanceRegistry Running the evict task with compensationTime 5ms
2020-09-07 04:01:12 INFO  Eureka-EvictionTimer com.netflix.eureka.registry.AbstractInstanceRegistry Running the evict task with compensationTime 1ms
2020-09-07 04:02:12 INFO  Eureka-EvictionTimer com.netflix.eureka.registry.AbstractInstanceRegistry Running the evict task with compensationTime 1ms
2020-09-07 04:03:12 INFO  Eureka-EvictionTimer com.netflix.eureka.registry.AbstractInstanceRegistry Running the evict task with compensationTime 0ms
2020-09-07 04:03:36 INFO  http-nio-8001-exec-5 com.netflix.eureka.registry.AbstractInstanceRegistry Registered instance GDMS-SERVER-NOTICE/192.168.78.47:GDMS-Server-Notice:8202 with status DOWN (replication=false)
2020-09-07 04:03:39 INFO  http-nio-8001-exec-8 com.netflix.eureka.registry.AbstractInstanceRegistry Cancelled instance GDMS-SERVER-NOTICE/192.168.78.47:GDMS-Server-Notice:8202 (replication=false)
2020-09-07 04:03:55 INFO  http-nio-8001-exec-8 com.netflix.eureka.registry.AbstractInstanceRegistry Registered instance GDMS-SERVER-NOTICE/192.168.78.47:GDMS-Server-Notice:8202 with status UP (replication=false)
2020-09-07 04:04:12 INFO  Eureka-EvictionTimer com.netflix.eureka.registry.AbstractInstanceRegistry Running the evict task with compensationTime 1ms
2020-09-07 04:05:12 INFO  Eureka-EvictionTimer com.netflix.eureka.registry.AbstractInstanceRegistry Running the evict task with compensationTime 2ms
2020-09-07 04:06:12 INFO  Eureka-EvictionTimer com.netflix.eureka.registry.AbstractInstanceRegistry Running the evict task with compensationTime 0ms
2020-09-07 04:07:12 INFO  Eureka-EvictionTimer com.netflix.eureka.registry.AbstractInstanceRegistry Running the evict task with compensationTime 5ms
2020-09-07 04:08:12 INFO  Eureka-EvictionTimer com.netflix.eureka.registry.AbstractInstanceRegistry Running the evict task with compensationTime 3ms
2020-09-07 04:09:12 INFO  Eureka-EvictionTimer com.netflix.eureka.registry.AbstractInstanceRegistry Running the evict task with compensationTime 5ms
2020-09-07 04:10:00 INFO  http-nio-8001-exec-8 com.netflix.eureka.registry.AbstractInstanceRegistry Registered instance GDMS-SERVER-NOTICE/192.168.78.47:GDMS-Server-Notice:8202 with status DOWN (replication=false)
2020-09-07 04:10:03 INFO  http-nio-8001-exec-10 com.netflix.eureka.registry.AbstractInstanceRegistry Cancelled instance GDMS-SERVER-NOTICE/192.168.78.47:GDMS-Server-Notice:8202 (replication=false)
2020-09-07 04:10:12 INFO  Eureka-EvictionTimer com.netflix.eureka.registry.AbstractInstanceRegistry Running the evict task with compensationTime 0ms
2020-09-07 04:10:17 INFO  http-nio-8001-exec-1 com.netflix.eureka.registry.AbstractInstanceRegistry Registered instance GDMS-SERVER-NOTICE/192.168.78.47:GDMS-Server-Notice:8202 with status UP (replication=false)
2020-09-07 04:11:12 INFO  Eureka-EvictionTimer com.netflix.eureka.registry.AbstractInstanceRegistry Running the evict task with compensationTime 2ms
2020-09-07 04:11:17 INFO  http-nio-8001-exec-4 com.netflix.eureka.registry.AbstractInstanceRegistry Registered instance GDMS-GATEWAY/192.168.78.47:GDMS-Gateway:8301 with status DOWN (replication=false)
2020-09-07 04:11:20 INFO  http-nio-8001-exec-7 com.netflix.eureka.registry.AbstractInstanceRegistry Cancelled instance GDMS-GATEWAY/192.168.78.47:GDMS-Gateway:8301 (replication=false)
2020-09-07 04:11:30 INFO  http-nio-8001-exec-10 com.netflix.eureka.registry.AbstractInstanceRegistry Registered instance GDMS-GATEWAY/192.168.78.47:GDMS-Gateway:8301 with status UP (replication=false)
2020-09-07 04:12:12 INFO  Eureka-EvictionTimer com.netflix.eureka.registry.AbstractInstanceRegistry Running the evict task with compensationTime 4ms
2020-09-07 04:13:12 INFO  Eureka-EvictionTimer com.netflix.eureka.registry.AbstractInstanceRegistry Running the evict task with compensationTime 1ms
2020-09-07 04:14:12 INFO  ReplicaAwareInstanceRegistry - RenewalThresholdUpdater com.netflix.eureka.registry.PeerAwareInstanceRegistryImpl Current renewal threshold is : 6
2020-09-07 04:14:12 INFO  Eureka-EvictionTimer com.netflix.eureka.registry.AbstractInstanceRegistry Running the evict task with compensationTime 3ms
2020-09-07 04:15:12 INFO  Eureka-EvictionTimer com.netflix.eureka.registry.AbstractInstanceRegistry Running the evict task with compensationTime 1ms
2020-09-07 04:16:12 INFO  Eureka-EvictionTimer com.netflix.eureka.registry.AbstractInstanceRegistry Running the evict task with compensationTime 0ms
2020-09-07 04:17:12 INFO  Eureka-EvictionTimer com.netflix.eureka.registry.AbstractInstanceRegistry Running the evict task with compensationTime 5ms
2020-09-07 04:18:12 INFO  Eureka-EvictionTimer com.netflix.eureka.registry.AbstractInstanceRegistry Running the evict task with compensationTime 3ms
2020-09-07 04:19:12 INFO  Eureka-EvictionTimer com.netflix.eureka.registry.AbstractInstanceRegistry Running the evict task with compensationTime 5ms
2020-09-07 04:20:12 INFO  Eureka-EvictionTimer com.netflix.eureka.registry.AbstractInstanceRegistry Running the evict task with compensationTime 5ms
2020-09-07 04:21:13 INFO  Eureka-EvictionTimer com.netflix.eureka.registry.AbstractInstanceRegistry Running the evict task with compensationTime 1ms
2020-09-07 04:22:13 INFO  Eureka-EvictionTimer com.netflix.eureka.registry.AbstractInstanceRegistry Running the evict task with compensationTime 3ms
2020-09-07 04:22:29 INFO  http-nio-8001-exec-2 com.netflix.eureka.registry.AbstractInstanceRegistry Registered instance GDMS-AUTH/192.168.78.47:GDMS-Auth:8101 with status DOWN (replication=false)
2020-09-07 04:22:32 INFO  http-nio-8001-exec-5 com.netflix.eureka.registry.AbstractInstanceRegistry Cancelled instance GDMS-AUTH/192.168.78.47:GDMS-Auth:8101 (replication=false)
2020-09-07 04:22:46 INFO  http-nio-8001-exec-4 com.netflix.eureka.registry.AbstractInstanceRegistry Registered instance GDMS-AUTH/192.168.78.47:GDMS-Auth:8101 with status UP (replication=false)
2020-09-07 04:23:13 INFO  Eureka-EvictionTimer com.netflix.eureka.registry.AbstractInstanceRegistry Running the evict task with compensationTime 4ms
2020-09-07 04:24:02 INFO  http-nio-8001-exec-6 com.netflix.eureka.registry.AbstractInstanceRegistry Registered instance GDMS-AUTH/192.168.78.47:GDMS-Auth:8101 with status DOWN (replication=false)
2020-09-07 04:24:05 INFO  http-nio-8001-exec-8 com.netflix.eureka.registry.AbstractInstanceRegistry Cancelled instance GDMS-AUTH/192.168.78.47:GDMS-Auth:8101 (replication=false)
2020-09-07 04:24:13 INFO  Eureka-EvictionTimer com.netflix.eureka.registry.AbstractInstanceRegistry Running the evict task with compensationTime 0ms
2020-09-07 04:24:17 INFO  http-nio-8001-exec-7 com.netflix.eureka.registry.AbstractInstanceRegistry Registered instance GDMS-AUTH/192.168.78.47:GDMS-Auth:8101 with status UP (replication=false)
2020-09-07 04:24:45 INFO  http-nio-8001-exec-2 com.netflix.eureka.registry.AbstractInstanceRegistry Registered instance GDMS-SERVER-NOTICE/192.168.78.47:GDMS-Server-Notice:8202 with status DOWN (replication=false)
2020-09-07 04:24:48 INFO  http-nio-8001-exec-6 com.netflix.eureka.registry.AbstractInstanceRegistry Cancelled instance GDMS-SERVER-NOTICE/192.168.78.47:GDMS-Server-Notice:8202 (replication=false)
2020-09-07 04:25:03 INFO  http-nio-8001-exec-6 com.netflix.eureka.registry.AbstractInstanceRegistry Registered instance GDMS-SERVER-NOTICE/192.168.78.47:GDMS-Server-Notice:8202 with status UP (replication=false)
2020-09-07 04:25:13 INFO  Eureka-EvictionTimer com.netflix.eureka.registry.AbstractInstanceRegistry Running the evict task with compensationTime 5ms
2020-09-07 04:26:13 INFO  Eureka-EvictionTimer com.netflix.eureka.registry.AbstractInstanceRegistry Running the evict task with compensationTime 0ms
2020-09-07 04:27:13 INFO  Eureka-EvictionTimer com.netflix.eureka.registry.AbstractInstanceRegistry Running the evict task with compensationTime 3ms
2020-09-07 04:28:13 INFO  Eureka-EvictionTimer com.netflix.eureka.registry.AbstractInstanceRegistry Running the evict task with compensationTime 1ms
2020-09-07 04:29:12 INFO  ReplicaAwareInstanceRegistry - RenewalThresholdUpdater com.netflix.eureka.registry.PeerAwareInstanceRegistryImpl Current renewal threshold is : 6
2020-09-07 04:29:13 INFO  Eureka-EvictionTimer com.netflix.eureka.registry.AbstractInstanceRegistry Running the evict task with compensationTime 0ms
2020-09-07 04:30:13 INFO  Eureka-EvictionTimer com.netflix.eureka.registry.AbstractInstanceRegistry Running the evict task with compensationTime 2ms
2020-09-07 04:31:13 INFO  Eureka-EvictionTimer com.netflix.eureka.registry.AbstractInstanceRegistry Running the evict task with compensationTime 4ms
2020-09-07 04:32:13 INFO  Eureka-EvictionTimer com.netflix.eureka.registry.AbstractInstanceRegistry Running the evict task with compensationTime 5ms
2020-09-07 04:33:11 INFO  http-nio-8001-exec-8 com.netflix.eureka.registry.AbstractInstanceRegistry Registered instance GDMS-SERVER-NOTICE/192.168.78.47:GDMS-Server-Notice:8202 with status DOWN (replication=false)
2020-09-07 04:33:13 INFO  Eureka-EvictionTimer com.netflix.eureka.registry.AbstractInstanceRegistry Running the evict task with compensationTime 2ms
2020-09-07 04:33:14 INFO  http-nio-8001-exec-10 com.netflix.eureka.registry.AbstractInstanceRegistry Cancelled instance GDMS-SERVER-NOTICE/192.168.78.47:GDMS-Server-Notice:8202 (replication=false)
2020-09-07 04:33:27 INFO  http-nio-8001-exec-10 com.netflix.eureka.registry.AbstractInstanceRegistry Registered instance GDMS-SERVER-NOTICE/192.168.78.47:GDMS-Server-Notice:8202 with status UP (replication=false)
2020-09-07 04:34:13 INFO  Eureka-EvictionTimer com.netflix.eureka.registry.AbstractInstanceRegistry Running the evict task with compensationTime 6ms
2020-09-07 04:35:13 INFO  Eureka-EvictionTimer com.netflix.eureka.registry.AbstractInstanceRegistry Running the evict task with compensationTime 5ms
2020-09-07 04:35:33 INFO  Thread-26 org.springframework.cloud.netflix.eureka.serviceregistry.EurekaServiceRegistry Unregistering application GDMS-REGISTER with eureka with status DOWN
2020-09-07 04:35:33 INFO  Thread-26 com.netflix.eureka.DefaultEurekaServerContext Shutting down ...
2020-09-07 04:35:33 INFO  Thread-26 com.netflix.eureka.DefaultEurekaServerContext Shut down
2020-09-07 04:35:33 INFO  http-nio-8001-exec-10 com.netflix.eureka.registry.AbstractInstanceRegistry Registered instance GDMS-AUTH/192.168.78.47:GDMS-Auth:8101 with status DOWN (replication=false)
2020-09-07 04:35:33 INFO  Thread-26 org.springframework.scheduling.concurrent.ThreadPoolTaskScheduler Shutting down ExecutorService
2020-09-07 04:35:33 INFO  Thread-26 org.springframework.scheduling.concurrent.ThreadPoolTaskExecutor Shutting down ExecutorService 'applicationTaskExecutor'
2020-09-07 04:35:33 INFO  Thread-26 com.netflix.discovery.DiscoveryClient Shutting down DiscoveryClient ...
2020-09-07 04:35:33 INFO  Thread-26 com.netflix.discovery.DiscoveryClient Completed shut down of DiscoveryClient
2020-09-07 04:35:49 INFO  main org.springframework.context.support.PostProcessorRegistrationDelegate$BeanPostProcessorChecker Bean 'org.springframework.cloud.autoconfigure.ConfigurationPropertiesRebinderAutoConfiguration' of type [org.springframework.cloud.autoconfigure.ConfigurationPropertiesRebinderAutoConfiguration$$EnhancerBySpringCGLIB$$f5cd0890] is not eligible for getting processed by all BeanPostProcessors (for example: not eligible for auto-proxying)
2020-09-07 04:35:49 INFO  main org.graduationdesign.gdmsregister.GdmsRegisterApplication No active profile set, falling back to default profiles: default
2020-09-07 04:35:50 INFO  main org.springframework.cloud.context.scope.GenericScope BeanFactory id=427fdd6f-ed38-34db-a985-a9c8a2068d2b
2020-09-07 04:35:50 INFO  main org.springframework.context.support.PostProcessorRegistrationDelegate$BeanPostProcessorChecker Bean 'org.springframework.cloud.autoconfigure.ConfigurationPropertiesRebinderAutoConfiguration' of type [org.springframework.cloud.autoconfigure.ConfigurationPropertiesRebinderAutoConfiguration$$EnhancerBySpringCGLIB$$f5cd0890] is not eligible for getting processed by all BeanPostProcessors (for example: not eligible for auto-proxying)
2020-09-07 04:35:50 INFO  main org.springframework.boot.web.embedded.tomcat.TomcatWebServer Tomcat initialized with port(s): 8001 (http)
2020-09-07 04:35:50 INFO  main org.apache.coyote.http11.Http11NioProtocol Initializing ProtocolHandler ["http-nio-8001"]
2020-09-07 04:35:50 INFO  main org.apache.catalina.core.StandardService Starting service [Tomcat]
2020-09-07 04:35:50 INFO  main org.apache.catalina.core.StandardEngine Starting Servlet engine: [Apache Tomcat/9.0.21]
2020-09-07 04:35:50 INFO  main org.apache.catalina.core.ContainerBase.[Tomcat].[localhost].[/register] Initializing Spring embedded WebApplicationContext
2020-09-07 04:35:50 INFO  main org.springframework.web.context.ContextLoader Root WebApplicationContext: initialization completed in 1339 ms
2020-09-07 04:35:51 INFO  main com.netflix.config.sources.URLConfigurationSource To enable URLs as dynamic configuration sources, define System property archaius.configurationSource.additionalUrls or make config.properties available on classpath.
2020-09-07 04:35:51 INFO  main com.netflix.config.DynamicPropertyFactory DynamicPropertyFactory is initialized with configuration sources: com.netflix.config.ConcurrentCompositeConfiguration@4af45442
2020-09-07 04:35:51 INFO  main org.springframework.boot.actuate.endpoint.web.ServletEndpointRegistrar Registered '/actuator/jolokia' to jolokia-actuator-endpoint
2020-09-07 04:35:51 INFO  main com.sun.jersey.server.impl.application.WebApplicationImpl Initiating Jersey application, version 'Jersey: 1.19.1 03/11/2016 02:08 PM'
2020-09-07 04:35:51 INFO  main com.netflix.discovery.provider.DiscoveryJerseyProvider Using JSON encoding codec LegacyJacksonJson
2020-09-07 04:35:51 INFO  main com.netflix.discovery.provider.DiscoveryJerseyProvider Using JSON decoding codec LegacyJacksonJson
2020-09-07 04:35:51 INFO  main com.netflix.discovery.provider.DiscoveryJerseyProvider Using XML encoding codec XStreamXml
2020-09-07 04:35:51 INFO  main com.netflix.discovery.provider.DiscoveryJerseyProvider Using XML decoding codec XStreamXml
2020-09-07 04:35:52 INFO  main org.springframework.security.web.DefaultSecurityFilterChain Creating filter chain: any request, [org.springframework.security.web.context.request.async.WebAsyncManagerIntegrationFilter@b01cb8d, org.springframework.security.web.context.SecurityContextPersistenceFilter@3a2546d6, org.springframework.security.web.header.HeaderWriterFilter@781dbe44, org.springframework.security.web.csrf.CsrfFilter@54489296, org.springframework.security.web.authentication.logout.LogoutFilter@66020d69, org.springframework.security.web.authentication.UsernamePasswordAuthenticationFilter@42c54bad, org.springframework.security.web.authentication.ui.DefaultLoginPageGeneratingFilter@759a678a, org.springframework.security.web.authentication.ui.DefaultLogoutPageGeneratingFilter@38c460e8, org.springframework.security.web.authentication.www.BasicAuthenticationFilter@b56ec6c, org.springframework.security.web.savedrequest.RequestCacheAwareFilter@7661e474, org.springframework.security.web.servletapi.SecurityContextHolderAwareRequestFilter@3e38c472, org.springframework.security.web.authentication.AnonymousAuthenticationFilter@7a814310, org.springframework.security.web.session.SessionManagementFilter@1132baa3, org.springframework.security.web.access.ExceptionTranslationFilter@28989415, org.springframework.security.web.access.intercept.FilterSecurityInterceptor@6bcdd6e4]
2020-09-07 04:35:52 INFO  main com.netflix.config.sources.URLConfigurationSource To enable URLs as dynamic configuration sources, define System property archaius.configurationSource.additionalUrls or make config.properties available on classpath.
2020-09-07 04:35:52 INFO  main org.springframework.scheduling.concurrent.ThreadPoolTaskExecutor Initializing ExecutorService 'applicationTaskExecutor'
2020-09-07 04:35:52 INFO  main org.springframework.scheduling.concurrent.ThreadPoolTaskScheduler Initializing ExecutorService
2020-09-07 04:35:52 INFO  main org.springframework.boot.actuate.endpoint.web.EndpointLinksResolver Exposing 20 endpoint(s) beneath base path '/actuator'
2020-09-07 04:35:52 INFO  main org.springframework.cloud.netflix.eureka.InstanceInfoFactory Setting initial instance status as: STARTING
2020-09-07 04:35:52 INFO  main com.netflix.discovery.DiscoveryClient Initializing Eureka in region us-east-1
2020-09-07 04:35:52 INFO  main com.netflix.discovery.DiscoveryClient Client configured to neither register nor query for data.
2020-09-07 04:35:52 INFO  main com.netflix.discovery.DiscoveryClient Discovery Client initialized at timestamp 1599424552953 with initial instances count: 0
2020-09-07 04:35:52 INFO  main com.netflix.eureka.DefaultEurekaServerContext Initializing ...
2020-09-07 04:35:53 INFO  main com.netflix.eureka.registry.AbstractInstanceRegistry Finished initializing remote region registries. All known remote regions: []
2020-09-07 04:35:53 INFO  main com.netflix.eureka.DefaultEurekaServerContext Initialized
2020-09-07 04:35:53 INFO  main org.springframework.cloud.netflix.eureka.serviceregistry.EurekaServiceRegistry Registering application GDMS-REGISTER with eureka with status UP
2020-09-07 04:35:53 INFO  Thread-19 org.springframework.cloud.netflix.eureka.server.EurekaServerBootstrap Setting the eureka configuration..
2020-09-07 04:35:53 INFO  Thread-19 org.springframework.cloud.netflix.eureka.server.EurekaServerBootstrap Eureka data center value eureka.datacenter is not set, defaulting to default
2020-09-07 04:35:53 INFO  Thread-19 org.springframework.cloud.netflix.eureka.server.EurekaServerBootstrap Eureka environment value eureka.environment is not set, defaulting to test
2020-09-07 04:35:53 INFO  main org.apache.coyote.http11.Http11NioProtocol Starting ProtocolHandler ["http-nio-8001"]
2020-09-07 04:35:53 INFO  Thread-19 org.springframework.cloud.netflix.eureka.server.EurekaServerBootstrap isAws returned false
2020-09-07 04:35:53 INFO  Thread-19 org.springframework.cloud.netflix.eureka.server.EurekaServerBootstrap Initialized server context
2020-09-07 04:35:53 INFO  Thread-19 com.netflix.eureka.registry.PeerAwareInstanceRegistryImpl Got 1 instances from neighboring DS node
2020-09-07 04:35:53 INFO  Thread-19 com.netflix.eureka.registry.PeerAwareInstanceRegistryImpl Renew threshold is: 1
2020-09-07 04:35:53 INFO  Thread-19 com.netflix.eureka.registry.PeerAwareInstanceRegistryImpl Changing status to UP
2020-09-07 04:35:53 INFO  Thread-19 org.springframework.cloud.netflix.eureka.server.EurekaServerInitializerConfiguration Started Eureka Server
2020-09-07 04:35:53 INFO  main org.springframework.boot.web.embedded.tomcat.TomcatWebServer Tomcat started on port(s): 8001 (http) with context path '/register'
2020-09-07 04:35:53 INFO  main org.springframework.cloud.netflix.eureka.serviceregistry.EurekaAutoServiceRegistration Updating port to 8001
2020-09-07 04:35:53 INFO  main org.graduationdesign.gdmsregister.GdmsRegisterApplication Started GdmsRegisterApplication in 4.53 seconds (JVM running for 5.216)
2020-09-07 04:35:53 INFO  RMI TCP Connection(3)-192.168.78.47 org.apache.catalina.core.ContainerBase.[Tomcat].[localhost].[/register] Initializing Spring DispatcherServlet 'dispatcherServlet'
2020-09-07 04:35:53 INFO  RMI TCP Connection(3)-192.168.78.47 org.springframework.web.servlet.DispatcherServlet Initializing Servlet 'dispatcherServlet'
2020-09-07 04:35:53 INFO  RMI TCP Connection(3)-192.168.78.47 org.springframework.web.servlet.DispatcherServlet Completed initialization in 9 ms
2020-09-07 04:36:45 INFO  http-nio-8001-exec-2 com.netflix.eureka.registry.AbstractInstanceRegistry Registered instance GDMS-AUTH/192.168.78.47:GDMS-Auth:8101 with status UP (replication=false)
2020-09-07 04:36:53 INFO  Eureka-EvictionTimer com.netflix.eureka.registry.AbstractInstanceRegistry Running the evict task with compensationTime 0ms
2020-09-07 04:37:01 INFO  http-nio-8001-exec-10 com.netflix.eureka.registry.AbstractInstanceRegistry Registered instance GDMS-GATEWAY/192.168.78.47:GDMS-Gateway:8301 with status UP (replication=false)
2020-09-07 04:37:48 INFO  http-nio-8001-exec-10 com.netflix.eureka.registry.AbstractInstanceRegistry Registered instance GDMS-SERVER-NOTICE/192.168.78.47:GDMS-Server-Notice:8202 with status UP (replication=false)
2020-09-07 04:37:53 INFO  Eureka-EvictionTimer com.netflix.eureka.registry.AbstractInstanceRegistry Running the evict task with compensationTime 6ms
2020-09-07 04:38:53 INFO  Eureka-EvictionTimer com.netflix.eureka.registry.AbstractInstanceRegistry Running the evict task with compensationTime 2ms
2020-09-07 04:39:53 INFO  Eureka-EvictionTimer com.netflix.eureka.registry.AbstractInstanceRegistry Running the evict task with compensationTime 0ms
2020-09-07 04:40:53 INFO  Eureka-EvictionTimer com.netflix.eureka.registry.AbstractInstanceRegistry Running the evict task with compensationTime 4ms
2020-09-07 04:41:53 INFO  Eureka-EvictionTimer com.netflix.eureka.registry.AbstractInstanceRegistry Running the evict task with compensationTime 0ms
2020-09-07 04:42:53 INFO  Eureka-EvictionTimer com.netflix.eureka.registry.AbstractInstanceRegistry Running the evict task with compensationTime 3ms
2020-09-07 04:43:43 INFO  http-nio-8001-exec-2 com.netflix.eureka.registry.AbstractInstanceRegistry Registered instance GDMS-SERVER-NOTICE/192.168.78.47:GDMS-Server-Notice:8202 with status DOWN (replication=false)
2020-09-07 04:43:53 INFO  Eureka-EvictionTimer com.netflix.eureka.registry.AbstractInstanceRegistry Running the evict task with compensationTime 2ms
2020-09-07 04:44:03 INFO  http-nio-8001-exec-3 com.netflix.eureka.registry.AbstractInstanceRegistry Registered instance GDMS-SERVER-NOTICE/192.168.78.47:GDMS-Server-Notice:8202 with status UP (replication=false)
2020-09-07 04:44:30 INFO  http-nio-8001-exec-10 com.netflix.eureka.registry.AbstractInstanceRegistry Registered instance GDMS-SERVER-NOTICE/192.168.78.47:GDMS-Server-Notice:8202 with status DOWN (replication=false)
2020-09-07 04:44:33 INFO  http-nio-8001-exec-4 com.netflix.eureka.registry.AbstractInstanceRegistry Cancelled instance GDMS-SERVER-NOTICE/192.168.78.47:GDMS-Server-Notice:8202 (replication=false)
2020-09-07 04:44:45 INFO  http-nio-8001-exec-4 com.netflix.eureka.registry.AbstractInstanceRegistry Registered instance GDMS-SERVER-NOTICE/192.168.78.47:GDMS-Server-Notice:8202 with status UP (replication=false)
2020-09-07 04:44:53 INFO  Eureka-EvictionTimer com.netflix.eureka.registry.AbstractInstanceRegistry Running the evict task with compensationTime 2ms
2020-09-07 04:44:53 INFO  http-nio-8001-exec-8 com.netflix.eureka.registry.AbstractInstanceRegistry Registered instance GDMS-GATEWAY/192.168.78.47:GDMS-Gateway:8301 with status DOWN (replication=false)
2020-09-07 04:44:56 INFO  http-nio-8001-exec-9 com.netflix.eureka.registry.AbstractInstanceRegistry Cancelled instance GDMS-GATEWAY/192.168.78.47:GDMS-Gateway:8301 (replication=false)
2020-09-07 04:45:06 INFO  http-nio-8001-exec-3 com.netflix.eureka.registry.AbstractInstanceRegistry Registered instance GDMS-GATEWAY/192.168.78.47:GDMS-Gateway:8301 with status UP (replication=false)
2020-09-07 04:45:53 INFO  Eureka-EvictionTimer com.netflix.eureka.registry.AbstractInstanceRegistry Running the evict task with compensationTime 5ms
2020-09-07 04:46:53 INFO  Eureka-EvictionTimer com.netflix.eureka.registry.AbstractInstanceRegistry Running the evict task with compensationTime 3ms
2020-09-07 04:47:53 INFO  Eureka-EvictionTimer com.netflix.eureka.registry.AbstractInstanceRegistry Running the evict task with compensationTime 3ms
2020-09-07 04:48:53 INFO  Eureka-EvictionTimer com.netflix.eureka.registry.AbstractInstanceRegistry Running the evict task with compensationTime 5ms
2020-09-07 04:49:24 INFO  Thread-22 org.springframework.cloud.netflix.eureka.serviceregistry.EurekaServiceRegistry Unregistering application GDMS-REGISTER with eureka with status DOWN
2020-09-07 04:49:24 INFO  Thread-22 com.netflix.eureka.DefaultEurekaServerContext Shutting down ...
2020-09-07 04:49:24 INFO  Thread-22 com.netflix.eureka.DefaultEurekaServerContext Shut down
2020-09-07 04:49:24 INFO  Thread-22 org.springframework.scheduling.concurrent.ThreadPoolTaskScheduler Shutting down ExecutorService
2020-09-07 04:49:24 INFO  Thread-22 org.springframework.scheduling.concurrent.ThreadPoolTaskExecutor Shutting down ExecutorService 'applicationTaskExecutor'
2020-09-07 04:49:24 INFO  Thread-22 com.netflix.discovery.DiscoveryClient Shutting down DiscoveryClient ...
2020-09-07 04:49:24 INFO  Thread-22 com.netflix.discovery.DiscoveryClient Completed shut down of DiscoveryClient
2020-09-07 04:49:24 INFO  http-nio-8001-exec-3 com.netflix.eureka.registry.AbstractInstanceRegistry Registered instance GDMS-AUTH/192.168.78.47:GDMS-Auth:8101 with status DOWN (replication=false)
2020-09-07 04:57:41 INFO  main org.springframework.context.support.PostProcessorRegistrationDelegate$BeanPostProcessorChecker Bean 'org.springframework.cloud.autoconfigure.ConfigurationPropertiesRebinderAutoConfiguration' of type [org.springframework.cloud.autoconfigure.ConfigurationPropertiesRebinderAutoConfiguration$$EnhancerBySpringCGLIB$$4b53385d] is not eligible for getting processed by all BeanPostProcessors (for example: not eligible for auto-proxying)
2020-09-07 04:57:41 INFO  main org.graduationdesign.gdmsregister.GdmsRegisterApplication No active profile set, falling back to default profiles: default
2020-09-07 04:57:42 INFO  main org.springframework.cloud.context.scope.GenericScope BeanFactory id=427fdd6f-ed38-34db-a985-a9c8a2068d2b
2020-09-07 04:57:42 INFO  main org.springframework.context.support.PostProcessorRegistrationDelegate$BeanPostProcessorChecker Bean 'org.springframework.cloud.autoconfigure.ConfigurationPropertiesRebinderAutoConfiguration' of type [org.springframework.cloud.autoconfigure.ConfigurationPropertiesRebinderAutoConfiguration$$EnhancerBySpringCGLIB$$4b53385d] is not eligible for getting processed by all BeanPostProcessors (for example: not eligible for auto-proxying)
2020-09-07 04:57:42 INFO  main org.springframework.boot.web.embedded.tomcat.TomcatWebServer Tomcat initialized with port(s): 8001 (http)
2020-09-07 04:57:42 INFO  main org.apache.coyote.http11.Http11NioProtocol Initializing ProtocolHandler ["http-nio-8001"]
2020-09-07 04:57:42 INFO  main org.apache.catalina.core.StandardService Starting service [Tomcat]
2020-09-07 04:57:42 INFO  main org.apache.catalina.core.StandardEngine Starting Servlet engine: [Apache Tomcat/9.0.21]
2020-09-07 04:57:42 INFO  main org.apache.catalina.core.ContainerBase.[Tomcat].[localhost].[/register] Initializing Spring embedded WebApplicationContext
2020-09-07 04:57:42 INFO  main org.springframework.web.context.ContextLoader Root WebApplicationContext: initialization completed in 1602 ms
2020-09-07 04:57:43 INFO  main com.netflix.config.sources.URLConfigurationSource To enable URLs as dynamic configuration sources, define System property archaius.configurationSource.additionalUrls or make config.properties available on classpath.
2020-09-07 04:57:43 INFO  main com.netflix.config.DynamicPropertyFactory DynamicPropertyFactory is initialized with configuration sources: com.netflix.config.ConcurrentCompositeConfiguration@4bc33720
2020-09-07 04:57:43 INFO  main org.springframework.boot.actuate.endpoint.web.ServletEndpointRegistrar Registered '/actuator/jolokia' to jolokia-actuator-endpoint
2020-09-07 04:57:43 INFO  main com.sun.jersey.server.impl.application.WebApplicationImpl Initiating Jersey application, version 'Jersey: 1.19.1 03/11/2016 02:08 PM'
2020-09-07 04:57:43 INFO  main com.netflix.discovery.provider.DiscoveryJerseyProvider Using JSON encoding codec LegacyJacksonJson
2020-09-07 04:57:43 INFO  main com.netflix.discovery.provider.DiscoveryJerseyProvider Using JSON decoding codec LegacyJacksonJson
2020-09-07 04:57:43 INFO  main com.netflix.discovery.provider.DiscoveryJerseyProvider Using XML encoding codec XStreamXml
2020-09-07 04:57:43 INFO  main com.netflix.discovery.provider.DiscoveryJerseyProvider Using XML decoding codec XStreamXml
2020-09-07 04:57:44 INFO  main org.springframework.security.web.DefaultSecurityFilterChain Creating filter chain: any request, [org.springframework.security.web.context.request.async.WebAsyncManagerIntegrationFilter@10fb4575, org.springframework.security.web.context.SecurityContextPersistenceFilter@113dcaf8, org.springframework.security.web.header.HeaderWriterFilter@664db2ca, org.springframework.security.web.csrf.CsrfFilter@13e00016, org.springframework.security.web.authentication.logout.LogoutFilter@6b5c134e, org.springframework.security.web.authentication.UsernamePasswordAuthenticationFilter@33de7f3d, org.springframework.security.web.authentication.ui.DefaultLoginPageGeneratingFilter@60b1ff3b, org.springframework.security.web.authentication.ui.DefaultLogoutPageGeneratingFilter@7cc2c551, org.springframework.security.web.authentication.www.BasicAuthenticationFilter@c5e69a5, org.springframework.security.web.savedrequest.RequestCacheAwareFilter@350ff014, org.springframework.security.web.servletapi.SecurityContextHolderAwareRequestFilter@504497fa, org.springframework.security.web.authentication.AnonymousAuthenticationFilter@d84b3a2, org.springframework.security.web.session.SessionManagementFilter@423f8a73, org.springframework.security.web.access.ExceptionTranslationFilter@7b95bdb0, org.springframework.security.web.access.intercept.FilterSecurityInterceptor@4df7d9ee]
2020-09-07 04:57:44 INFO  main com.netflix.config.sources.URLConfigurationSource To enable URLs as dynamic configuration sources, define System property archaius.configurationSource.additionalUrls or make config.properties available on classpath.
2020-09-07 04:57:44 INFO  main org.springframework.scheduling.concurrent.ThreadPoolTaskExecutor Initializing ExecutorService 'applicationTaskExecutor'
2020-09-07 04:57:45 INFO  main org.springframework.scheduling.concurrent.ThreadPoolTaskScheduler Initializing ExecutorService
2020-09-07 04:57:45 INFO  main org.springframework.boot.actuate.endpoint.web.EndpointLinksResolver Exposing 20 endpoint(s) beneath base path '/actuator'
2020-09-07 04:57:45 INFO  main org.springframework.cloud.netflix.eureka.InstanceInfoFactory Setting initial instance status as: STARTING
2020-09-07 04:57:45 INFO  main com.netflix.discovery.DiscoveryClient Initializing Eureka in region us-east-1
2020-09-07 04:57:45 INFO  main com.netflix.discovery.DiscoveryClient Client configured to neither register nor query for data.
2020-09-07 04:57:45 INFO  main com.netflix.discovery.DiscoveryClient Discovery Client initialized at timestamp 1599425865329 with initial instances count: 0
2020-09-07 04:57:45 INFO  main com.netflix.eureka.DefaultEurekaServerContext Initializing ...
2020-09-07 04:57:45 INFO  main com.netflix.eureka.registry.AbstractInstanceRegistry Finished initializing remote region registries. All known remote regions: []
2020-09-07 04:57:45 INFO  main com.netflix.eureka.DefaultEurekaServerContext Initialized
2020-09-07 04:57:45 INFO  main org.springframework.cloud.netflix.eureka.serviceregistry.EurekaServiceRegistry Registering application GDMS-REGISTER with eureka with status UP
2020-09-07 04:57:45 INFO  Thread-22 org.springframework.cloud.netflix.eureka.server.EurekaServerBootstrap Setting the eureka configuration..
2020-09-07 04:57:45 INFO  Thread-22 org.springframework.cloud.netflix.eureka.server.EurekaServerBootstrap Eureka data center value eureka.datacenter is not set, defaulting to default
2020-09-07 04:57:45 INFO  Thread-22 org.springframework.cloud.netflix.eureka.server.EurekaServerBootstrap Eureka environment value eureka.environment is not set, defaulting to test
2020-09-07 04:57:45 INFO  main org.apache.coyote.http11.Http11NioProtocol Starting ProtocolHandler ["http-nio-8001"]
2020-09-07 04:57:45 INFO  Thread-22 org.springframework.cloud.netflix.eureka.server.EurekaServerBootstrap isAws returned false
2020-09-07 04:57:45 INFO  Thread-22 org.springframework.cloud.netflix.eureka.server.EurekaServerBootstrap Initialized server context
2020-09-07 04:57:45 INFO  Thread-22 com.netflix.eureka.registry.PeerAwareInstanceRegistryImpl Got 1 instances from neighboring DS node
2020-09-07 04:57:45 INFO  Thread-22 com.netflix.eureka.registry.PeerAwareInstanceRegistryImpl Renew threshold is: 1
2020-09-07 04:57:45 INFO  Thread-22 com.netflix.eureka.registry.PeerAwareInstanceRegistryImpl Changing status to UP
2020-09-07 04:57:45 INFO  Thread-22 org.springframework.cloud.netflix.eureka.server.EurekaServerInitializerConfiguration Started Eureka Server
2020-09-07 04:57:45 INFO  main org.springframework.boot.web.embedded.tomcat.TomcatWebServer Tomcat started on port(s): 8001 (http) with context path '/register'
2020-09-07 04:57:45 INFO  main org.springframework.cloud.netflix.eureka.serviceregistry.EurekaAutoServiceRegistration Updating port to 8001
2020-09-07 04:57:45 INFO  main org.graduationdesign.gdmsregister.GdmsRegisterApplication Started GdmsRegisterApplication in 5.549 seconds (JVM running for 6.426)
2020-09-07 04:57:45 INFO  RMI TCP Connection(2)-127.0.0.1 org.apache.catalina.core.ContainerBase.[Tomcat].[localhost].[/register] Initializing Spring DispatcherServlet 'dispatcherServlet'
2020-09-07 04:57:45 INFO  RMI TCP Connection(2)-127.0.0.1 org.springframework.web.servlet.DispatcherServlet Initializing Servlet 'dispatcherServlet'
2020-09-07 04:57:45 INFO  RMI TCP Connection(2)-127.0.0.1 org.springframework.web.servlet.DispatcherServlet Completed initialization in 10 ms
2020-09-07 04:58:13 INFO  http-nio-8001-exec-2 com.netflix.eureka.registry.AbstractInstanceRegistry Registered instance GDMS-AUTH/192.168.78.47:GDMS-Auth:8101 with status UP (replication=false)
2020-09-07 04:58:28 INFO  http-nio-8001-exec-4 com.netflix.eureka.registry.AbstractInstanceRegistry Registered instance GDMS-GATEWAY/192.168.78.47:GDMS-Gateway:8301 with status UP (replication=false)
2020-09-07 04:58:45 INFO  Eureka-EvictionTimer com.netflix.eureka.registry.AbstractInstanceRegistry Running the evict task with compensationTime 0ms
2020-09-07 04:59:45 INFO  Eureka-EvictionTimer com.netflix.eureka.registry.AbstractInstanceRegistry Running the evict task with compensationTime 5ms
2020-09-07 05:00:14 INFO  http-nio-8001-exec-5 com.netflix.eureka.registry.AbstractInstanceRegistry Registered instance GDMS-GATEWAY/192.168.78.47:GDMS-Gateway:8301 with status DOWN (replication=false)
2020-09-07 05:00:17 INFO  http-nio-8001-exec-7 com.netflix.eureka.registry.AbstractInstanceRegistry Cancelled instance GDMS-GATEWAY/192.168.78.47:GDMS-Gateway:8301 (replication=false)
2020-09-07 05:00:25 INFO  http-nio-8001-exec-10 com.netflix.eureka.registry.AbstractInstanceRegistry Registered instance GDMS-GATEWAY/192.168.78.47:GDMS-Gateway:8301 with status UP (replication=false)
2020-09-07 05:00:45 INFO  Eureka-EvictionTimer com.netflix.eureka.registry.AbstractInstanceRegistry Running the evict task with compensationTime 3ms
2020-09-07 05:01:39 INFO  http-nio-8001-exec-4 com.netflix.eureka.registry.AbstractInstanceRegistry Registered instance GDMS-GATEWAY/192.168.78.47:GDMS-Gateway:8301 with status DOWN (replication=false)
2020-09-07 05:01:42 INFO  http-nio-8001-exec-6 com.netflix.eureka.registry.AbstractInstanceRegistry Cancelled instance GDMS-GATEWAY/192.168.78.47:GDMS-Gateway:8301 (replication=false)
2020-09-07 05:01:45 INFO  Eureka-EvictionTimer com.netflix.eureka.registry.AbstractInstanceRegistry Running the evict task with compensationTime 2ms
2020-09-07 05:01:52 INFO  http-nio-8001-exec-1 com.netflix.eureka.registry.AbstractInstanceRegistry Registered instance GDMS-GATEWAY/192.168.78.47:GDMS-Gateway:8301 with status UP (replication=false)
2020-09-07 05:02:45 INFO  Eureka-EvictionTimer com.netflix.eureka.registry.AbstractInstanceRegistry Running the evict task with compensationTime 4ms
2020-09-07 05:03:28 INFO  http-nio-8001-exec-8 com.netflix.eureka.registry.AbstractInstanceRegistry Registered instance GDMS-GATEWAY/192.168.78.47:GDMS-Gateway:8301 with status DOWN (replication=false)
2020-09-07 05:03:31 INFO  http-nio-8001-exec-10 com.netflix.eureka.registry.AbstractInstanceRegistry Cancelled instance GDMS-GATEWAY/192.168.78.47:GDMS-Gateway:8301 (replication=false)
2020-09-07 05:03:42 INFO  http-nio-8001-exec-4 com.netflix.eureka.registry.AbstractInstanceRegistry Registered instance GDMS-GATEWAY/192.168.78.47:GDMS-Gateway:8301 with status UP (replication=false)
2020-09-07 05:03:45 INFO  Eureka-EvictionTimer com.netflix.eureka.registry.AbstractInstanceRegistry Running the evict task with compensationTime 2ms
2020-09-07 05:04:45 INFO  Eureka-EvictionTimer com.netflix.eureka.registry.AbstractInstanceRegistry Running the evict task with compensationTime 1ms
2020-09-07 05:05:24 INFO  http-nio-8001-exec-7 com.netflix.eureka.registry.AbstractInstanceRegistry Registered instance GDMS-GATEWAY/192.168.78.47:GDMS-Gateway:8301 with status DOWN (replication=false)
2020-09-07 05:05:27 INFO  http-nio-8001-exec-8 com.netflix.eureka.registry.AbstractInstanceRegistry Cancelled instance GDMS-GATEWAY/192.168.78.47:GDMS-Gateway:8301 (replication=false)
2020-09-07 05:05:38 INFO  http-nio-8001-exec-4 com.netflix.eureka.registry.AbstractInstanceRegistry Registered instance GDMS-GATEWAY/192.168.78.47:GDMS-Gateway:8301 with status UP (replication=false)
2020-09-07 05:05:45 INFO  Eureka-EvictionTimer com.netflix.eureka.registry.AbstractInstanceRegistry Running the evict task with compensationTime 1ms
2020-09-07 05:06:45 INFO  Eureka-EvictionTimer com.netflix.eureka.registry.AbstractInstanceRegistry Running the evict task with compensationTime 3ms
2020-09-07 05:07:44 INFO  http-nio-8001-exec-6 com.netflix.eureka.registry.AbstractInstanceRegistry Registered instance FEBS-SERVER-TEST/192.168.78.47:FEBS-Server-Test:8402 with status UP (replication=false)
2020-09-07 05:07:45 INFO  Eureka-EvictionTimer com.netflix.eureka.registry.AbstractInstanceRegistry Running the evict task with compensationTime 5ms
2020-09-07 05:07:56 INFO  http-nio-8001-exec-1 com.netflix.eureka.registry.AbstractInstanceRegistry Registered instance GDMS-GATEWAY/192.168.78.47:GDMS-Gateway:8301 with status DOWN (replication=false)
2020-09-07 05:07:59 INFO  http-nio-8001-exec-5 com.netflix.eureka.registry.AbstractInstanceRegistry Cancelled instance GDMS-GATEWAY/192.168.78.47:GDMS-Gateway:8301 (replication=false)
2020-09-07 05:08:09 INFO  http-nio-8001-exec-9 com.netflix.eureka.registry.AbstractInstanceRegistry Registered instance GDMS-GATEWAY/192.168.78.47:GDMS-Gateway:8301 with status UP (replication=false)
2020-09-07 05:08:45 INFO  Eureka-EvictionTimer com.netflix.eureka.registry.AbstractInstanceRegistry Running the evict task with compensationTime 3ms
2020-09-07 05:09:45 INFO  Eureka-EvictionTimer com.netflix.eureka.registry.AbstractInstanceRegistry Running the evict task with compensationTime 0ms
2020-09-07 05:10:45 INFO  Eureka-EvictionTimer com.netflix.eureka.registry.AbstractInstanceRegistry Running the evict task with compensationTime 3ms
2020-09-07 05:11:18 INFO  http-nio-8001-exec-5 com.netflix.eureka.registry.AbstractInstanceRegistry Registered instance FEBS-SERVER-TEST/192.168.78.47:FEBS-Server-Test:8402 with status DOWN (replication=false)
2020-09-07 05:11:21 INFO  http-nio-8001-exec-6 com.netflix.eureka.registry.AbstractInstanceRegistry Cancelled instance FEBS-SERVER-TEST/192.168.78.47:FEBS-Server-Test:8402 (replication=false)
2020-09-07 05:11:32 INFO  http-nio-8001-exec-7 com.netflix.eureka.registry.AbstractInstanceRegistry Registered instance FEBS-SERVER-TEST/192.168.78.47:FEBS-Server-Test:8402 with status UP (replication=false)
2020-09-07 05:11:45 INFO  Eureka-EvictionTimer com.netflix.eureka.registry.AbstractInstanceRegistry Running the evict task with compensationTime 0ms
2020-09-07 05:12:45 INFO  ReplicaAwareInstanceRegistry - RenewalThresholdUpdater com.netflix.eureka.registry.PeerAwareInstanceRegistryImpl Current renewal threshold is : 6
2020-09-07 05:12:45 INFO  Eureka-EvictionTimer com.netflix.eureka.registry.AbstractInstanceRegistry Running the evict task with compensationTime 0ms
2020-09-07 05:12:56 INFO  http-nio-8001-exec-3 com.netflix.eureka.registry.AbstractInstanceRegistry Registered instance FEBS-SERVER-TEST/192.168.78.47:FEBS-Server-Test:8402 with status DOWN (replication=false)
2020-09-07 05:12:56 INFO  http-nio-8001-exec-4 com.netflix.eureka.registry.AbstractInstanceRegistry Cancelled instance FEBS-SERVER-TEST/192.168.78.47:FEBS-Server-Test:8402 (replication=false)
2020-09-07 05:13:07 INFO  http-nio-8001-exec-2 com.netflix.eureka.registry.AbstractInstanceRegistry Registered instance GDMS-SERVER-TEST/192.168.78.47:GDMS-Server-Test:8402 with status UP (replication=false)
2020-09-07 05:13:27 INFO  http-nio-8001-exec-3 com.netflix.eureka.registry.AbstractInstanceRegistry Registered instance GDMS-GATEWAY/192.168.78.47:GDMS-Gateway:8301 with status DOWN (replication=false)
2020-09-07 05:13:31 INFO  http-nio-8001-exec-5 com.netflix.eureka.registry.AbstractInstanceRegistry Cancelled instance GDMS-GATEWAY/192.168.78.47:GDMS-Gateway:8301 (replication=false)
2020-09-07 05:13:41 INFO  http-nio-8001-exec-2 com.netflix.eureka.registry.AbstractInstanceRegistry Registered instance GDMS-GATEWAY/192.168.78.47:GDMS-Gateway:8301 with status UP (replication=false)
2020-09-07 05:13:45 INFO  Eureka-EvictionTimer com.netflix.eureka.registry.AbstractInstanceRegistry Running the evict task with compensationTime 3ms
2020-09-07 05:14:45 INFO  Eureka-EvictionTimer com.netflix.eureka.registry.AbstractInstanceRegistry Running the evict task with compensationTime 5ms
2020-09-07 05:15:45 INFO  Eureka-EvictionTimer com.netflix.eureka.registry.AbstractInstanceRegistry Running the evict task with compensationTime 0ms
2020-09-07 05:16:45 INFO  Eureka-EvictionTimer com.netflix.eureka.registry.AbstractInstanceRegistry Running the evict task with compensationTime 2ms
2020-09-07 05:17:45 INFO  Eureka-EvictionTimer com.netflix.eureka.registry.AbstractInstanceRegistry Running the evict task with compensationTime 0ms
2020-09-07 05:18:36 INFO  http-nio-8001-exec-4 com.netflix.eureka.registry.AbstractInstanceRegistry Registered instance GDMS-SERVER-NOTICE/192.168.78.47:GDMS-Server-Notice:8202 with status UP (replication=false)
2020-09-07 05:18:45 INFO  Eureka-EvictionTimer com.netflix.eureka.registry.AbstractInstanceRegistry Running the evict task with compensationTime 2ms
2020-09-07 05:19:45 INFO  Eureka-EvictionTimer com.netflix.eureka.registry.AbstractInstanceRegistry Running the evict task with compensationTime 3ms
2020-09-07 05:20:45 INFO  Eureka-EvictionTimer com.netflix.eureka.registry.AbstractInstanceRegistry Running the evict task with compensationTime 3ms
2020-09-07 05:21:17 INFO  http-nio-8001-exec-6 com.netflix.eureka.registry.AbstractInstanceRegistry Registered instance GDMS-GATEWAY/192.168.78.47:GDMS-Gateway:8301 with status DOWN (replication=false)
2020-09-07 05:21:20 INFO  http-nio-8001-exec-8 com.netflix.eureka.registry.AbstractInstanceRegistry Cancelled instance GDMS-GATEWAY/192.168.78.47:GDMS-Gateway:8301 (replication=false)
2020-09-07 05:21:29 INFO  http-nio-8001-exec-3 com.netflix.eureka.registry.AbstractInstanceRegistry Registered instance GDMS-GATEWAY/192.168.78.47:GDMS-Gateway:8301 with status UP (replication=false)
2020-09-07 05:21:45 INFO  Eureka-EvictionTimer com.netflix.eureka.registry.AbstractInstanceRegistry Running the evict task with compensationTime 1ms
2020-09-07 05:22:45 INFO  Eureka-EvictionTimer com.netflix.eureka.registry.AbstractInstanceRegistry Running the evict task with compensationTime 0ms
2020-09-07 05:23:41 INFO  http-nio-8001-exec-6 com.netflix.eureka.registry.AbstractInstanceRegistry Registered instance GDMS-SERVER-NOTICE/192.168.78.47:GDMS-Server-Notice:8202 with status DOWN (replication=false)
2020-09-07 05:23:44 INFO  http-nio-8001-exec-2 com.netflix.eureka.registry.AbstractInstanceRegistry Cancelled instance GDMS-SERVER-NOTICE/192.168.78.47:GDMS-Server-Notice:8202 (replication=false)
2020-09-07 05:23:45 INFO  Eureka-EvictionTimer com.netflix.eureka.registry.AbstractInstanceRegistry Running the evict task with compensationTime 4ms
2020-09-07 05:24:18 INFO  http-nio-8001-exec-3 com.netflix.eureka.registry.AbstractInstanceRegistry Registered instance GDMS-GATEWAY/192.168.78.47:GDMS-Gateway:8301 with status DOWN (replication=false)
2020-09-07 05:24:21 INFO  http-nio-8001-exec-7 com.netflix.eureka.registry.AbstractInstanceRegistry Cancelled instance GDMS-GATEWAY/192.168.78.47:GDMS-Gateway:8301 (replication=false)
2020-09-07 05:24:31 INFO  http-nio-8001-exec-8 com.netflix.eureka.registry.AbstractInstanceRegistry Registered instance GDMS-GATEWAY/192.168.78.47:GDMS-Gateway:8301 with status UP (replication=false)
2020-09-07 05:24:45 INFO  Eureka-EvictionTimer com.netflix.eureka.registry.AbstractInstanceRegistry Running the evict task with compensationTime 0ms
2020-09-07 05:25:45 INFO  Eureka-EvictionTimer com.netflix.eureka.registry.AbstractInstanceRegistry Running the evict task with compensationTime 1ms
2020-09-07 05:26:45 INFO  Eureka-EvictionTimer com.netflix.eureka.registry.AbstractInstanceRegistry Running the evict task with compensationTime 2ms
2020-09-07 05:26:52 INFO  http-nio-8001-exec-9 com.netflix.eureka.registry.AbstractInstanceRegistry Registered instance GDMS-GATEWAY/192.168.78.47:GDMS-Gateway:8301 with status DOWN (replication=false)
2020-09-07 05:26:55 INFO  http-nio-8001-exec-10 com.netflix.eureka.registry.AbstractInstanceRegistry Cancelled instance GDMS-GATEWAY/192.168.78.47:GDMS-Gateway:8301 (replication=false)
2020-09-07 05:27:05 INFO  http-nio-8001-exec-3 com.netflix.eureka.registry.AbstractInstanceRegistry Registered instance GDMS-GATEWAY/192.168.78.47:GDMS-Gateway:8301 with status UP (replication=false)
2020-09-07 05:27:45 INFO  ReplicaAwareInstanceRegistry - RenewalThresholdUpdater com.netflix.eureka.registry.PeerAwareInstanceRegistryImpl Current renewal threshold is : 6
2020-09-07 05:27:45 INFO  Eureka-EvictionTimer com.netflix.eureka.registry.AbstractInstanceRegistry Running the evict task with compensationTime 4ms
2020-09-07 05:28:45 INFO  Eureka-EvictionTimer com.netflix.eureka.registry.AbstractInstanceRegistry Running the evict task with compensationTime 0ms
2020-09-07 05:29:45 INFO  Eureka-EvictionTimer com.netflix.eureka.registry.AbstractInstanceRegistry Running the evict task with compensationTime 0ms
2020-09-07 05:30:45 INFO  Eureka-EvictionTimer com.netflix.eureka.registry.AbstractInstanceRegistry Running the evict task with compensationTime 0ms
2020-09-07 05:31:45 INFO  Eureka-EvictionTimer com.netflix.eureka.registry.AbstractInstanceRegistry Running the evict task with compensationTime 1ms
2020-09-07 05:32:45 INFO  Eureka-EvictionTimer com.netflix.eureka.registry.AbstractInstanceRegistry Running the evict task with compensationTime 4ms
2020-09-07 05:33:45 INFO  Eureka-EvictionTimer com.netflix.eureka.registry.AbstractInstanceRegistry Running the evict task with compensationTime 0ms
2020-09-07 05:34:17 INFO  http-nio-8001-exec-3 com.netflix.eureka.registry.AbstractInstanceRegistry Registered instance GDMS-SERVER-NOTICE/192.168.78.47:GDMS-Server-Notice:8202 with status UP (replication=false)
2020-09-07 05:34:31 INFO  http-nio-8001-exec-2 com.netflix.eureka.registry.AbstractInstanceRegistry Registered instance GDMS-GATEWAY/192.168.78.47:GDMS-Gateway:8301 with status DOWN (replication=false)
2020-09-07 05:34:35 INFO  http-nio-8001-exec-4 com.netflix.eureka.registry.AbstractInstanceRegistry Cancelled instance GDMS-GATEWAY/192.168.78.47:GDMS-Gateway:8301 (replication=false)
2020-09-07 05:34:45 INFO  http-nio-8001-exec-10 com.netflix.eureka.registry.AbstractInstanceRegistry Registered instance GDMS-GATEWAY/192.168.78.47:GDMS-Gateway:8301 with status UP (replication=false)
2020-09-07 05:34:45 INFO  Eureka-EvictionTimer com.netflix.eureka.registry.AbstractInstanceRegistry Running the evict task with compensationTime 4ms
2020-09-07 05:35:45 INFO  Eureka-EvictionTimer com.netflix.eureka.registry.AbstractInstanceRegistry Running the evict task with compensationTime 4ms
2020-09-07 05:36:45 INFO  Eureka-EvictionTimer com.netflix.eureka.registry.AbstractInstanceRegistry Running the evict task with compensationTime 3ms
2020-09-07 05:37:45 INFO  Eureka-EvictionTimer com.netflix.eureka.registry.AbstractInstanceRegistry Running the evict task with compensationTime 4ms
2020-09-07 05:38:45 INFO  Eureka-EvictionTimer com.netflix.eureka.registry.AbstractInstanceRegistry Running the evict task with compensationTime 2ms
2020-09-07 05:39:45 INFO  Eureka-EvictionTimer com.netflix.eureka.registry.AbstractInstanceRegistry Running the evict task with compensationTime 5ms
2020-09-07 05:40:45 INFO  Eureka-EvictionTimer com.netflix.eureka.registry.AbstractInstanceRegistry Running the evict task with compensationTime 4ms
2020-09-07 05:41:45 INFO  Eureka-EvictionTimer com.netflix.eureka.registry.AbstractInstanceRegistry Running the evict task with compensationTime 0ms
2020-09-07 05:42:45 INFO  ReplicaAwareInstanceRegistry - RenewalThresholdUpdater com.netflix.eureka.registry.PeerAwareInstanceRegistryImpl Current renewal threshold is : 8
2020-09-07 05:42:45 INFO  Eureka-EvictionTimer com.netflix.eureka.registry.AbstractInstanceRegistry Running the evict task with compensationTime 4ms
2020-09-07 05:43:45 INFO  Eureka-EvictionTimer com.netflix.eureka.registry.AbstractInstanceRegistry Running the evict task with compensationTime 4ms
2020-09-07 05:44:45 INFO  Eureka-EvictionTimer com.netflix.eureka.registry.AbstractInstanceRegistry Running the evict task with compensationTime 4ms
2020-09-07 05:45:45 INFO  Eureka-EvictionTimer com.netflix.eureka.registry.AbstractInstanceRegistry Running the evict task with compensationTime 4ms
2020-09-07 05:46:45 INFO  Eureka-EvictionTimer com.netflix.eureka.registry.AbstractInstanceRegistry Running the evict task with compensationTime 3ms
2020-09-07 05:47:45 INFO  Eureka-EvictionTimer com.netflix.eureka.registry.AbstractInstanceRegistry Running the evict task with compensationTime 2ms
2020-09-07 05:48:45 INFO  Eureka-EvictionTimer com.netflix.eureka.registry.AbstractInstanceRegistry Running the evict task with compensationTime 0ms
2020-09-07 05:49:45 INFO  Eureka-EvictionTimer com.netflix.eureka.registry.AbstractInstanceRegistry Running the evict task with compensationTime 4ms
2020-09-07 05:50:45 INFO  Eureka-EvictionTimer com.netflix.eureka.registry.AbstractInstanceRegistry Running the evict task with compensationTime 2ms
2020-09-07 05:51:45 INFO  Eureka-EvictionTimer com.netflix.eureka.registry.AbstractInstanceRegistry Running the evict task with compensationTime 4ms
2020-09-07 05:52:45 INFO  Eureka-EvictionTimer com.netflix.eureka.registry.AbstractInstanceRegistry Running the evict task with compensationTime 0ms
2020-09-07 05:53:45 INFO  Eureka-EvictionTimer com.netflix.eureka.registry.AbstractInstanceRegistry Running the evict task with compensationTime 4ms
2020-09-07 05:54:45 INFO  Eureka-EvictionTimer com.netflix.eureka.registry.AbstractInstanceRegistry Running the evict task with compensationTime 1ms
2020-09-07 05:55:45 INFO  Eureka-EvictionTimer com.netflix.eureka.registry.AbstractInstanceRegistry Running the evict task with compensationTime 2ms
2020-09-07 05:55:57 INFO  http-nio-8001-exec-7 com.netflix.eureka.registry.AbstractInstanceRegistry Registered instance GDMS-SERVER-TEST/192.168.78.47:GDMS-Server-Test:8402 with status DOWN (replication=false)
2020-09-07 05:56:00 INFO  http-nio-8001-exec-6 com.netflix.eureka.registry.AbstractInstanceRegistry Cancelled instance GDMS-SERVER-TEST/192.168.78.47:GDMS-Server-Test:8402 (replication=false)
2020-09-07 05:56:00 INFO  http-nio-8001-exec-10 com.netflix.eureka.registry.AbstractInstanceRegistry Registered instance GDMS-SERVER-NOTICE/192.168.78.47:GDMS-Server-Notice:8202 with status DOWN (replication=false)
2020-09-07 05:56:04 INFO  http-nio-8001-exec-1 com.netflix.eureka.registry.AbstractInstanceRegistry Cancelled instance GDMS-SERVER-NOTICE/192.168.78.47:GDMS-Server-Notice:8202 (replication=false)
2020-09-07 05:56:45 INFO  Eureka-EvictionTimer com.netflix.eureka.registry.AbstractInstanceRegistry Running the evict task with compensationTime 0ms
2020-09-07 05:57:45 INFO  ReplicaAwareInstanceRegistry - RenewalThresholdUpdater com.netflix.eureka.registry.PeerAwareInstanceRegistryImpl Current renewal threshold is : 5
2020-09-07 05:57:45 INFO  Eureka-EvictionTimer com.netflix.eureka.registry.AbstractInstanceRegistry Running the evict task with compensationTime 3ms
2020-09-07 05:58:45 INFO  Eureka-EvictionTimer com.netflix.eureka.registry.AbstractInstanceRegistry Running the evict task with compensationTime 2ms
2020-09-07 05:59:45 INFO  Eureka-EvictionTimer com.netflix.eureka.registry.AbstractInstanceRegistry Running the evict task with compensationTime 1ms
2020-09-07 06:00:45 INFO  Eureka-EvictionTimer com.netflix.eureka.registry.AbstractInstanceRegistry Running the evict task with compensationTime 3ms
2020-09-07 06:01:45 INFO  Eureka-EvictionTimer com.netflix.eureka.registry.AbstractInstanceRegistry Running the evict task with compensationTime 5ms
2020-09-07 06:02:45 INFO  Eureka-EvictionTimer com.netflix.eureka.registry.AbstractInstanceRegistry Running the evict task with compensationTime 6ms
2020-09-07 06:03:45 INFO  Eureka-EvictionTimer com.netflix.eureka.registry.AbstractInstanceRegistry Running the evict task with compensationTime 0ms
2020-09-07 06:04:45 INFO  Eureka-EvictionTimer com.netflix.eureka.registry.AbstractInstanceRegistry Running the evict task with compensationTime 6ms
2020-09-07 06:05:45 INFO  Eureka-EvictionTimer com.netflix.eureka.registry.AbstractInstanceRegistry Running the evict task with compensationTime 0ms
2020-09-07 06:06:45 INFO  Eureka-EvictionTimer com.netflix.eureka.registry.AbstractInstanceRegistry Running the evict task with compensationTime 4ms
2020-09-07 06:07:45 INFO  Eureka-EvictionTimer com.netflix.eureka.registry.AbstractInstanceRegistry Running the evict task with compensationTime 4ms
2020-09-07 06:08:22 INFO  http-nio-8001-exec-10 com.netflix.eureka.registry.AbstractInstanceRegistry Registered instance GDMS-SERVER-CORE/192.168.78.47:GDMS-Server-Core:8203 with status UP (replication=false)
2020-09-07 06:08:45 INFO  Eureka-EvictionTimer com.netflix.eureka.registry.AbstractInstanceRegistry Running the evict task with compensationTime 4ms
2020-09-07 06:09:45 INFO  Eureka-EvictionTimer com.netflix.eureka.registry.AbstractInstanceRegistry Running the evict task with compensationTime 0ms
2020-09-07 06:10:45 INFO  Eureka-EvictionTimer com.netflix.eureka.registry.AbstractInstanceRegistry Running the evict task with compensationTime 0ms
2020-09-07 06:11:45 INFO  Eureka-EvictionTimer com.netflix.eureka.registry.AbstractInstanceRegistry Running the evict task with compensationTime 0ms
2020-09-07 06:12:45 INFO  ReplicaAwareInstanceRegistry - RenewalThresholdUpdater com.netflix.eureka.registry.PeerAwareInstanceRegistryImpl Current renewal threshold is : 6
2020-09-07 06:12:45 INFO  Eureka-EvictionTimer com.netflix.eureka.registry.AbstractInstanceRegistry Running the evict task with compensationTime 0ms
2020-09-07 06:13:45 INFO  Eureka-EvictionTimer com.netflix.eureka.registry.AbstractInstanceRegistry Running the evict task with compensationTime 1ms
2020-09-07 06:14:45 INFO  Eureka-EvictionTimer com.netflix.eureka.registry.AbstractInstanceRegistry Running the evict task with compensationTime 3ms
2020-09-07 06:15:45 INFO  Eureka-EvictionTimer com.netflix.eureka.registry.AbstractInstanceRegistry Running the evict task with compensationTime 1ms
2020-09-07 06:16:45 INFO  Eureka-EvictionTimer com.netflix.eureka.registry.AbstractInstanceRegistry Running the evict task with compensationTime 2ms
2020-09-07 06:17:45 INFO  Eureka-EvictionTimer com.netflix.eureka.registry.AbstractInstanceRegistry Running the evict task with compensationTime 2ms
2020-09-07 06:18:45 INFO  Eureka-EvictionTimer com.netflix.eureka.registry.AbstractInstanceRegistry Running the evict task with compensationTime 5ms
2020-09-07 06:19:45 INFO  Eureka-EvictionTimer com.netflix.eureka.registry.AbstractInstanceRegistry Running the evict task with compensationTime 5ms
2020-09-07 06:20:45 INFO  Eureka-EvictionTimer com.netflix.eureka.registry.AbstractInstanceRegistry Running the evict task with compensationTime 4ms
2020-09-07 06:21:45 INFO  Eureka-EvictionTimer com.netflix.eureka.registry.AbstractInstanceRegistry Running the evict task with compensationTime 3ms
2020-09-07 06:22:45 INFO  Eureka-EvictionTimer com.netflix.eureka.registry.AbstractInstanceRegistry Running the evict task with compensationTime 3ms
2020-09-07 06:23:45 INFO  Eureka-EvictionTimer com.netflix.eureka.registry.AbstractInstanceRegistry Running the evict task with compensationTime 3ms
2020-09-07 06:24:45 INFO  Eureka-EvictionTimer com.netflix.eureka.registry.AbstractInstanceRegistry Running the evict task with compensationTime 4ms
2020-09-07 06:25:45 INFO  Eureka-EvictionTimer com.netflix.eureka.registry.AbstractInstanceRegistry Running the evict task with compensationTime 2ms
2020-09-07 06:25:49 INFO  http-nio-8001-exec-4 com.netflix.eureka.registry.AbstractInstanceRegistry Registered instance GDMS-SERVER-CORE/192.168.78.47:GDMS-Server-Core:8203 with status DOWN (replication=false)
2020-09-07 06:26:45 INFO  Eureka-EvictionTimer com.netflix.eureka.registry.AbstractInstanceRegistry Running the evict task with compensationTime 0ms
2020-09-07 06:27:45 INFO  ReplicaAwareInstanceRegistry - RenewalThresholdUpdater com.netflix.eureka.registry.PeerAwareInstanceRegistryImpl Current renewal threshold is : 6
2020-09-07 06:27:45 INFO  Eureka-EvictionTimer com.netflix.eureka.registry.AbstractInstanceRegistry Running the evict task with compensationTime 5ms
2020-09-07 06:30:21 INFO  Eureka-EvictionTimer com.netflix.eureka.registry.AbstractInstanceRegistry Running the evict task with compensationTime 0ms
2020-09-07 06:31:21 INFO  Eureka-EvictionTimer com.netflix.eureka.registry.AbstractInstanceRegistry Running the evict task with compensationTime 1ms
2020-09-07 06:32:21 INFO  Eureka-EvictionTimer com.netflix.eureka.registry.AbstractInstanceRegistry Running the evict task with compensationTime 4ms
2020-09-07 06:33:21 INFO  Eureka-EvictionTimer com.netflix.eureka.registry.AbstractInstanceRegistry Running the evict task with compensationTime 1ms
2020-09-07 06:34:21 INFO  Eureka-EvictionTimer com.netflix.eureka.registry.AbstractInstanceRegistry Running the evict task with compensationTime 1ms
2020-09-07 06:35:21 INFO  Eureka-EvictionTimer com.netflix.eureka.registry.AbstractInstanceRegistry Running the evict task with compensationTime 0ms
2020-09-07 06:36:21 INFO  Eureka-EvictionTimer com.netflix.eureka.registry.AbstractInstanceRegistry Running the evict task with compensationTime 4ms
2020-09-07 06:37:21 INFO  Eureka-EvictionTimer com.netflix.eureka.registry.AbstractInstanceRegistry Running the evict task with compensationTime 4ms
2020-09-07 06:38:21 INFO  Eureka-EvictionTimer com.netflix.eureka.registry.AbstractInstanceRegistry Running the evict task with compensationTime 3ms
2020-09-07 06:39:21 INFO  Eureka-EvictionTimer com.netflix.eureka.registry.AbstractInstanceRegistry Running the evict task with compensationTime 0ms
2020-09-07 06:40:21 INFO  Eureka-EvictionTimer com.netflix.eureka.registry.AbstractInstanceRegistry Running the evict task with compensationTime 0ms
2020-09-07 06:41:21 INFO  Eureka-EvictionTimer com.netflix.eureka.registry.AbstractInstanceRegistry Running the evict task with compensationTime 2ms
2020-09-07 06:42:21 INFO  Eureka-EvictionTimer com.netflix.eureka.registry.AbstractInstanceRegistry Running the evict task with compensationTime 0ms
2020-09-07 06:43:21 INFO  Eureka-EvictionTimer com.netflix.eureka.registry.AbstractInstanceRegistry Running the evict task with compensationTime 4ms
2020-09-07 06:44:20 INFO  ReplicaAwareInstanceRegistry - RenewalThresholdUpdater com.netflix.eureka.registry.PeerAwareInstanceRegistryImpl Current renewal threshold is : 6
2020-09-07 06:44:21 INFO  Eureka-EvictionTimer com.netflix.eureka.registry.AbstractInstanceRegistry Running the evict task with compensationTime 0ms
2020-09-07 06:45:21 INFO  Eureka-EvictionTimer com.netflix.eureka.registry.AbstractInstanceRegistry Running the evict task with compensationTime 3ms
2020-09-07 06:46:21 INFO  Eureka-EvictionTimer com.netflix.eureka.registry.AbstractInstanceRegistry Running the evict task with compensationTime 0ms
2020-09-07 06:47:22 INFO  Eureka-EvictionTimer com.netflix.eureka.registry.AbstractInstanceRegistry Running the evict task with compensationTime 5ms
2020-09-07 06:48:22 INFO  Eureka-EvictionTimer com.netflix.eureka.registry.AbstractInstanceRegistry Running the evict task with compensationTime 1ms
2020-09-07 06:49:02 INFO  http-nio-8001-exec-4 com.netflix.eureka.registry.AbstractInstanceRegistry Registered instance GDMS-SERVER-NOTICE/192.168.78.47:GDMS-Server-Notice:8202 with status UP (replication=false)
2020-09-07 06:49:22 INFO  Eureka-EvictionTimer com.netflix.eureka.registry.AbstractInstanceRegistry Running the evict task with compensationTime 3ms
2020-09-07 06:49:35 INFO  http-nio-8001-exec-4 com.netflix.eureka.registry.AbstractInstanceRegistry Registered instance GDMS-SERVER-CORE/192.168.78.47:GDMS-Server-Core:8203 with status UP (replication=false)
2020-09-07 06:50:22 INFO  Eureka-EvictionTimer com.netflix.eureka.registry.AbstractInstanceRegistry Running the evict task with compensationTime 5ms
2020-09-07 06:51:22 INFO  Eureka-EvictionTimer com.netflix.eureka.registry.AbstractInstanceRegistry Running the evict task with compensationTime 1ms
2020-09-07 06:52:22 INFO  Eureka-EvictionTimer com.netflix.eureka.registry.AbstractInstanceRegistry Running the evict task with compensationTime 5ms
2020-09-07 06:53:22 INFO  Eureka-EvictionTimer com.netflix.eureka.registry.AbstractInstanceRegistry Running the evict task with compensationTime 4ms
2020-09-07 06:54:22 INFO  Eureka-EvictionTimer com.netflix.eureka.registry.AbstractInstanceRegistry Running the evict task with compensationTime 0ms
2020-09-07 06:55:02 INFO  http-nio-8001-exec-1 com.netflix.eureka.registry.AbstractInstanceRegistry Registered instance GDMS-SERVER-CORE/192.168.78.47:GDMS-Server-Core:8203 with status DOWN (replication=false)
2020-09-07 06:55:05 INFO  http-nio-8001-exec-9 com.netflix.eureka.registry.AbstractInstanceRegistry Cancelled instance GDMS-SERVER-CORE/192.168.78.47:GDMS-Server-Core:8203 (replication=false)
2020-09-07 06:55:22 INFO  Eureka-EvictionTimer com.netflix.eureka.registry.AbstractInstanceRegistry Running the evict task with compensationTime 2ms
2020-09-07 06:55:22 INFO  http-nio-8001-exec-7 com.netflix.eureka.registry.AbstractInstanceRegistry Registered instance GDMS-SERVER-CORE/192.168.78.47:GDMS-Server-Core:8203 with status UP (replication=false)
2020-09-07 06:56:22 INFO  Eureka-EvictionTimer com.netflix.eureka.registry.AbstractInstanceRegistry Running the evict task with compensationTime 0ms
2020-09-07 06:57:22 INFO  Eureka-EvictionTimer com.netflix.eureka.registry.AbstractInstanceRegistry Running the evict task with compensationTime 4ms
2020-09-07 06:58:22 INFO  Eureka-EvictionTimer com.netflix.eureka.registry.AbstractInstanceRegistry Running the evict task with compensationTime 3ms
2020-09-07 06:59:21 INFO  ReplicaAwareInstanceRegistry - RenewalThresholdUpdater com.netflix.eureka.registry.PeerAwareInstanceRegistryImpl Current renewal threshold is : 8
2020-09-07 06:59:22 INFO  Eureka-EvictionTimer com.netflix.eureka.registry.AbstractInstanceRegistry Running the evict task with compensationTime 6ms
2020-09-07 06:59:32 INFO  http-nio-8001-exec-7 com.netflix.eureka.registry.AbstractInstanceRegistry Registered instance GDMS-SERVER-CORE/192.168.78.47:GDMS-Server-Core:8203 with status DOWN (replication=false)
2020-09-07 06:59:35 INFO  http-nio-8001-exec-8 com.netflix.eureka.registry.AbstractInstanceRegistry Cancelled instance GDMS-SERVER-CORE/192.168.78.47:GDMS-Server-Core:8203 (replication=false)
2020-09-07 06:59:50 INFO  http-nio-8001-exec-8 com.netflix.eureka.registry.AbstractInstanceRegistry Registered instance GDMS-SERVER-CORE/192.168.78.47:GDMS-Server-Core:8203 with status UP (replication=false)
2020-09-07 07:00:22 INFO  Eureka-EvictionTimer com.netflix.eureka.registry.AbstractInstanceRegistry Running the evict task with compensationTime 2ms
2020-09-07 07:01:22 INFO  Eureka-EvictionTimer com.netflix.eureka.registry.AbstractInstanceRegistry Running the evict task with compensationTime 0ms
2020-09-07 07:02:22 INFO  Eureka-EvictionTimer com.netflix.eureka.registry.AbstractInstanceRegistry Running the evict task with compensationTime 2ms
2020-09-07 07:03:22 INFO  Eureka-EvictionTimer com.netflix.eureka.registry.AbstractInstanceRegistry Running the evict task with compensationTime 4ms
2020-09-07 07:04:22 INFO  Eureka-EvictionTimer com.netflix.eureka.registry.AbstractInstanceRegistry Running the evict task with compensationTime 4ms
2020-09-07 07:05:22 INFO  Eureka-EvictionTimer com.netflix.eureka.registry.AbstractInstanceRegistry Running the evict task with compensationTime 5ms
2020-09-07 07:06:22 INFO  Eureka-EvictionTimer com.netflix.eureka.registry.AbstractInstanceRegistry Running the evict task with compensationTime 3ms
2020-09-07 07:06:47 INFO  http-nio-8001-exec-4 com.netflix.eureka.registry.AbstractInstanceRegistry Registered instance GDMS-SERVER-CORE/192.168.78.47:GDMS-Server-Core:8203 with status DOWN (replication=false)
2020-09-07 07:06:50 INFO  http-nio-8001-exec-6 com.netflix.eureka.registry.AbstractInstanceRegistry Cancelled instance GDMS-SERVER-CORE/192.168.78.47:GDMS-Server-Core:8203 (replication=false)
2020-09-07 07:07:08 INFO  http-nio-8001-exec-10 com.netflix.eureka.registry.AbstractInstanceRegistry Registered instance GDMS-SERVER-CORE/192.168.78.47:GDMS-Server-Core:8203 with status UP (replication=false)
2020-09-07 07:07:22 INFO  Eureka-EvictionTimer com.netflix.eureka.registry.AbstractInstanceRegistry Running the evict task with compensationTime 0ms
2020-09-07 07:07:52 INFO  http-nio-8001-exec-6 com.netflix.eureka.registry.AbstractInstanceRegistry Registered instance GDMS-SERVER-CORE/192.168.78.47:GDMS-Server-Core:8203 with status DOWN (replication=false)
2020-09-07 07:07:55 INFO  http-nio-8001-exec-10 com.netflix.eureka.registry.AbstractInstanceRegistry Cancelled instance GDMS-SERVER-CORE/192.168.78.47:GDMS-Server-Core:8203 (replication=false)
2020-09-07 07:08:10 INFO  http-nio-8001-exec-1 com.netflix.eureka.registry.AbstractInstanceRegistry Registered instance GDMS-SERVER-CORE/192.168.78.47:GDMS-Server-Core:8203 with status UP (replication=false)
2020-09-07 07:08:22 INFO  Eureka-EvictionTimer com.netflix.eureka.registry.AbstractInstanceRegistry Running the evict task with compensationTime 0ms
2020-09-07 07:09:22 INFO  Eureka-EvictionTimer com.netflix.eureka.registry.AbstractInstanceRegistry Running the evict task with compensationTime 4ms
2020-09-07 07:10:22 INFO  Eureka-EvictionTimer com.netflix.eureka.registry.AbstractInstanceRegistry Running the evict task with compensationTime 3ms
2020-09-07 07:10:49 INFO  http-nio-8001-exec-1 com.netflix.eureka.registry.AbstractInstanceRegistry Registered instance GDMS-SERVER-CORE/192.168.78.47:GDMS-Server-Core:8203 with status DOWN (replication=false)
2020-09-07 07:10:52 INFO  http-nio-8001-exec-4 com.netflix.eureka.registry.AbstractInstanceRegistry Cancelled instance GDMS-SERVER-CORE/192.168.78.47:GDMS-Server-Core:8203 (replication=false)
2020-09-07 07:11:08 INFO  http-nio-8001-exec-5 com.netflix.eureka.registry.AbstractInstanceRegistry Registered instance GDMS-SERVER-CORE/192.168.78.47:GDMS-Server-Core:8203 with status UP (replication=false)
2020-09-07 07:11:22 INFO  Eureka-EvictionTimer com.netflix.eureka.registry.AbstractInstanceRegistry Running the evict task with compensationTime 1ms
2020-09-07 07:12:22 INFO  Eureka-EvictionTimer com.netflix.eureka.registry.AbstractInstanceRegistry Running the evict task with compensationTime 4ms
2020-09-07 07:13:22 INFO  Eureka-EvictionTimer com.netflix.eureka.registry.AbstractInstanceRegistry Running the evict task with compensationTime 2ms
2020-09-07 07:13:36 INFO  http-nio-8001-exec-10 com.netflix.eureka.registry.AbstractInstanceRegistry Registered instance GDMS-SERVER-CORE/192.168.78.47:GDMS-Server-Core:8203 with status DOWN (replication=false)
2020-09-07 07:13:40 INFO  http-nio-8001-exec-4 com.netflix.eureka.registry.AbstractInstanceRegistry Registered instance GDMS-SERVER-NOTICE/192.168.78.47:GDMS-Server-Notice:8202 with status DOWN (replication=false)
2020-09-07 07:13:56 INFO  http-nio-8001-exec-7 com.netflix.eureka.registry.AbstractInstanceRegistry Registered instance GDMS-SERVER-CORE/192.168.78.47:GDMS-Server-Core:8203 with status UP (replication=false)
2020-09-07 07:14:21 INFO  ReplicaAwareInstanceRegistry - RenewalThresholdUpdater com.netflix.eureka.registry.PeerAwareInstanceRegistryImpl Current renewal threshold is : 8
2020-09-07 07:14:22 INFO  Eureka-EvictionTimer com.netflix.eureka.registry.AbstractInstanceRegistry Running the evict task with compensationTime 3ms
2020-09-07 07:15:22 INFO  Eureka-EvictionTimer com.netflix.eureka.registry.AbstractInstanceRegistry Running the evict task with compensationTime 5ms
2020-09-07 07:15:22 INFO  Eureka-EvictionTimer com.netflix.eureka.registry.AbstractInstanceRegistry Evicting 1 items (expired=1, evictionLimit=1)
2020-09-07 07:15:22 INFO  Eureka-EvictionTimer com.netflix.eureka.registry.AbstractInstanceRegistry Cancelled instance GDMS-SERVER-NOTICE/192.168.78.47:GDMS-Server-Notice:8202 (replication=false)
2020-09-07 07:16:22 INFO  Eureka-EvictionTimer com.netflix.eureka.registry.AbstractInstanceRegistry Running the evict task with compensationTime 0ms
2020-09-07 07:17:22 INFO  Eureka-EvictionTimer com.netflix.eureka.registry.AbstractInstanceRegistry Running the evict task with compensationTime 0ms
2020-09-07 07:18:22 INFO  Eureka-EvictionTimer com.netflix.eureka.registry.AbstractInstanceRegistry Running the evict task with compensationTime 0ms
2020-09-07 07:18:54 INFO  http-nio-8001-exec-9 com.netflix.eureka.registry.AbstractInstanceRegistry Registered instance GDMS-SERVER-CORE/192.168.78.47:GDMS-Server-Core:8203 with status DOWN (replication=false)
2020-09-07 07:18:57 INFO  http-nio-8001-exec-3 com.netflix.eureka.registry.AbstractInstanceRegistry Cancelled instance GDMS-SERVER-CORE/192.168.78.47:GDMS-Server-Core:8203 (replication=false)
2020-09-07 07:19:22 INFO  Eureka-EvictionTimer com.netflix.eureka.registry.AbstractInstanceRegistry Running the evict task with compensationTime 4ms
2020-09-07 07:20:22 INFO  Eureka-EvictionTimer com.netflix.eureka.registry.AbstractInstanceRegistry Running the evict task with compensationTime 1ms
2020-09-07 07:21:22 INFO  Eureka-EvictionTimer com.netflix.eureka.registry.AbstractInstanceRegistry Running the evict task with compensationTime 2ms
2020-09-07 07:22:22 INFO  Eureka-EvictionTimer com.netflix.eureka.registry.AbstractInstanceRegistry Running the evict task with compensationTime 0ms
2020-09-07 07:22:27 INFO  http-nio-8001-exec-3 com.netflix.eureka.registry.AbstractInstanceRegistry Registered instance GDMS-GATEWAY/192.168.78.47:GDMS-Gateway:8301 with status DOWN (replication=false)
2020-09-07 07:23:09 INFO  http-nio-8001-exec-5 com.netflix.eureka.registry.AbstractInstanceRegistry Registered instance GDMS-AUTH/192.168.78.47:GDMS-Auth:8101 with status DOWN (replication=false)
2020-09-07 07:23:16 INFO  Thread-24 org.springframework.cloud.netflix.eureka.serviceregistry.EurekaServiceRegistry Unregistering application GDMS-REGISTER with eureka with status DOWN
2020-09-07 07:23:16 INFO  Thread-24 com.netflix.eureka.DefaultEurekaServerContext Shutting down ...
2020-09-07 07:23:16 INFO  Thread-24 com.netflix.eureka.DefaultEurekaServerContext Shut down
2020-09-07 07:23:16 INFO  Thread-24 org.springframework.scheduling.concurrent.ThreadPoolTaskScheduler Shutting down ExecutorService
2020-09-07 07:23:16 INFO  Thread-24 org.springframework.scheduling.concurrent.ThreadPoolTaskExecutor Shutting down ExecutorService 'applicationTaskExecutor'
2020-09-07 07:23:16 INFO  Thread-24 com.netflix.discovery.DiscoveryClient Shutting down DiscoveryClient ...
2020-09-07 07:23:16 INFO  Thread-24 com.netflix.discovery.DiscoveryClient Completed shut down of DiscoveryClient
